2024-03-12 03:01:07,906 INFO Task-1 Prompt:
Give a very brief description of the term "Brazilian Water Resources" without the use of examples.
Brazilian Water Resources refer to the various bodies of water, such as rivers, lakes, and aquifers, that are found within the borders of Brazil and are essential for supporting the country's ecosystems and human populations.
2024-03-12 03:01:08,464 INFO Task-1 Prompt:
Brazilian Water Resources: Brazilian Water Resources refer to the various bodies of water, such as rivers, lakes, and aquifers, that are found within the borders of Brazil and are essential for supporting the country's ecosystems and human populations.
Are there any generally accepted subcategories of "Brazilian Water Resources"? Answer only with yes or no.
Yes
2024-03-12 03:01:09,857 INFO Task-1 Prompt:
Brazilian Water Resources: Brazilian Water Resources refer to the various bodies of water, such as rivers, lakes, and aquifers, that are found within the borders of Brazil and are essential for supporting the country's ecosystems and human populations.
List all of the most important subcategories of "Brazilian Water Resources". Skip explanations and use a comma-separated format like this:
Important subcategory, Another important subcategory, Another important subcategory, etc.
['R', 'Amazon', 'R', 'R', 'R', 'Amazon', 'R', 'R', 'R', 'R', 'Amazon', 'R', 'Amazon', 'R', 'R', 'R', 'R', 'R', 'R', 'R', 'R', 'R', 'R', 'Surface', 'R', 'R', 'R', 'R', 'R', 'R', 'R', 'Surface', 'R', 'R', 'R', 'Amazon', 'Amazon', 'R', 'R', 'R', 'R', 'R', 'R', 'R', 'R', 'R', 'R', 'R', 'R', 'R', 'R', 'R', 'R', 'R', 'Amazon', 'R', 'R', 'R', 'R', 'R', 'R', 'R', 'R', 'R', 'R', 'R', 'R', 'R', 'R', 'R', 'Surface', 'R', 'R', 'R', 'R', 'R', 'R', 'R', 'R', 'Amazon', 'Surface', 'Amazon', 'R', 'R', 'R', 'R', 'R', 'R', 'R', 'R', 'R', 'R', 'R', 'Surface', 'R', 'R', 'R', 'Surface', 'R', 'Amazon']
2024-03-12 03:01:11,582 INFO Task-1 Prompt:
Brazilian Water Resources: Brazilian Water Resources refer to the various bodies of water, such as rivers, lakes, and aquifers, that are found within the borders of Brazil and are essential for supporting the country's ecosystems and human populations.
List all of the most important subcategories of "Brazilian Water Resources". Skip explanations and use a comma-separated format like this:
Important subcategory, Another important subcategory, Another important subcategory, etc.
Start your answer with "Amazon".
Amazon River Basin, Pantanal Wetlands, Atlantic Forest Rivers, São Francisco River Basin, Guarani Aquifer, Amazon Rainforest Rivers, Tocantins-Araguaia River Basin, Paraná River Basin, Amazon Delta, Brazilian Coastal Waters
2024-03-12 03:01:12,475 INFO Task-1 Prompt:
Brazilian Water Resources: Brazilian Water Resources refer to the various bodies of water, such as rivers, lakes, and aquifers, that are found within the borders of Brazil and are essential for supporting the country's ecosystems and human populations.
List all of the most important subcategories of "Brazilian Water Resources". Skip explanations and use a comma-separated format like this:
Important subcategory, Another important subcategory, Another important subcategory, etc.
Start your answer with "R".
Rivers, Lakes, Aquifers, Reservoirs, Wetlands, Coastal Waters, Groundwater.
2024-03-12 03:01:21,250 INFO Task-1 Prompt:
Brazilian Water Resources: Brazilian Water Resources refer to the various bodies of water, such as rivers, lakes, and aquifers, that are found within the borders of Brazil and are essential for supporting the country's ecosystems and human populations.
List all of the most important subcategories of "Brazilian Water Resources" in a comma-separated format, skip explanations.
Amazon delta, Amazon rainforest rivers, Amazon river basin, Atlantic forest rivers, Brazilian coastal waters, Guarani aquifer, Pantanal wetlands, Paraná river basin, São francisco river basin, Tocantins-araguaia river basin, Aquifers, Coastal waters, Groundwater, Lakes, Reservoirs, Rivers, Wetlands
Give a brief description of every term on the list, considered as a subcategory of Brazilian Water Resources, without the use of examples, in the following form:
List element 1: brief description of list element 1.
List element 2: brief description of list element 2.
...
Amazon delta: The Amazon delta is a region where the Amazon River meets the Atlantic Ocean, forming a complex network of waterways and ecosystems.
Amazon rainforest rivers: Rivers that flow through the Amazon rainforest, playing a crucial role in the region's biodiversity and hydrological cycle.
Amazon river basin: The vast drainage basin of the Amazon River, encompassing a significant portion of South America and hosting diverse aquatic ecosystems.
Atlantic forest rivers: Rivers that flow through the Atlantic forest biome, supporting unique flora and fauna in this biodiversity hotspot.
Brazilian coastal waters: The marine waters along Brazil's extensive coastline, home to diverse marine life and important for fisheries and tourism.
Guarani aquifer: One of the world's largest aquifer systems, providing groundwater resources to several South American countries, including Brazil.
Pantanal wetlands: The world's largest tropical wetland area, characterized by seasonal flooding and rich biodiversity.
Paraná river basin: A major river basin in South America, including the Paraná River and its tributaries, supporting agriculture and hydroelectric power generation.
São Francisco river basin: The basin of the São Francisco River, an important water source for agriculture and human settlements in northeastern Brazil.
Tocantins-araguaia river basin: The basin of the Tocantins and Araguaia rivers, supporting diverse ecosystems and economic activities in central Brazil.
Aquifers: Underground layers of rock or sediment that hold and transmit groundwater, serving as vital water sources for human consumption and agriculture.
Coastal waters: The marine waters adjacent to coastlines, influenced by both terrestrial and oceanic processes and supporting diverse ecosystems.
Groundwater: Water stored beneath the Earth's surface in aquifers, providing a critical source of freshwater for drinking, irrigation, and industrial use.
Lakes: Inland bodies of water that vary in size and depth, serving as habitats for aquatic life and important for water storage and recreation.
Reservoirs: Artificial lakes created by damming rivers, used for water supply, flood control, hydropower generation, and recreational activities.
Rivers: Natural watercourses that flow towards oceans, lakes, or other rivers, playing a key role in transporting water, sediment, and nutrients across landscapes.
Wetlands: Ecosystems characterized by water saturation, supporting diverse plant and animal species and providing important ecological services.
2024-03-12 03:01:22,130 INFO Task-3 Prompt:
Brazilian Water Resources: Brazilian Water Resources refer to the various bodies of water, such as rivers, lakes, and aquifers, that are found within the borders of Brazil and are essential for supporting the country's ecosystems and human populations.
Amazon delta: The Amazon delta is a region where the Amazon River meets the Atlantic Ocean, forming a complex network of waterways and ecosystems.
Is "Amazon delta" a specific instance or a subcategory of the category "Brazilian Water Resources"? Answer only with "Instance" or "Subcategory".
Instance
2024-03-12 03:01:22,135 INFO Task-7 Prompt:
Brazilian Water Resources: Brazilian Water Resources refer to the various bodies of water, such as rivers, lakes, and aquifers, that are found within the borders of Brazil and are essential for supporting the country's ecosystems and human populations.
Brazilian coastal waters: The marine waters along Brazil's extensive coastline, home to diverse marine life and important for fisheries and tourism.
Is "Brazilian coastal waters" a specific instance or a subcategory of the category "Brazilian Water Resources"? Answer only with "Instance" or "Subcategory".
Instance
2024-03-12 03:01:22,260 INFO Task-18 Prompt:
Brazilian Water Resources: Brazilian Water Resources refer to the various bodies of water, such as rivers, lakes, and aquifers, that are found within the borders of Brazil and are essential for supporting the country's ecosystems and human populations.
Rivers: Natural watercourses that flow towards oceans, lakes, or other rivers, playing a key role in transporting water, sediment, and nutrients across landscapes.
Is "Rivers" a specific instance or a subcategory of the category "Brazilian Water Resources"? Answer only with "Instance" or "Subcategory".
Subcategory
2024-03-12 03:01:22,268 INFO Task-8 Prompt:
Brazilian Water Resources: Brazilian Water Resources refer to the various bodies of water, such as rivers, lakes, and aquifers, that are found within the borders of Brazil and are essential for supporting the country's ecosystems and human populations.
Guarani aquifer: One of the world's largest aquifer systems, providing groundwater resources to several South American countries, including Brazil.
Is "Guarani aquifer" a specific instance or a subcategory of the category "Brazilian Water Resources"? Answer only with "Instance" or "Subcategory".
Instance
2024-03-12 03:01:22,322 INFO Task-4 Prompt:
Brazilian Water Resources: Brazilian Water Resources refer to the various bodies of water, such as rivers, lakes, and aquifers, that are found within the borders of Brazil and are essential for supporting the country's ecosystems and human populations.
Amazon rainforest rivers: Rivers that flow through the Amazon rainforest, playing a crucial role in the region's biodiversity and hydrological cycle.
Is "Amazon rainforest rivers" a specific instance or a subcategory of the category "Brazilian Water Resources"? Answer only with "Instance" or "Subcategory".
Instance
2024-03-12 03:01:22,322 INFO Task-17 Prompt:
Brazilian Water Resources: Brazilian Water Resources refer to the various bodies of water, such as rivers, lakes, and aquifers, that are found within the borders of Brazil and are essential for supporting the country's ecosystems and human populations.
Reservoirs: Artificial lakes created by damming rivers, used for water supply, flood control, hydropower generation, and recreational activities.
Is "Reservoirs" a specific instance or a subcategory of the category "Brazilian Water Resources"? Answer only with "Instance" or "Subcategory".
Subcategory
2024-03-12 03:01:22,322 INFO Task-13 Prompt:
Brazilian Water Resources: Brazilian Water Resources refer to the various bodies of water, such as rivers, lakes, and aquifers, that are found within the borders of Brazil and are essential for supporting the country's ecosystems and human populations.
Aquifers: Underground layers of rock or sediment that hold and transmit groundwater, serving as vital water sources for human consumption and agriculture.
Is "Aquifers" a specific instance or a subcategory of the category "Brazilian Water Resources"? Answer only with "Instance" or "Subcategory".
Subcategory
2024-03-12 03:01:22,335 INFO Task-12 Prompt:
Brazilian Water Resources: Brazilian Water Resources refer to the various bodies of water, such as rivers, lakes, and aquifers, that are found within the borders of Brazil and are essential for supporting the country's ecosystems and human populations.
Tocantins-araguaia river basin: The basin of the Tocantins and Araguaia rivers, supporting diverse ecosystems and economic activities in central Brazil.
Is "Tocantins-araguaia river basin" a specific instance or a subcategory of the category "Brazilian Water Resources"? Answer only with "Instance" or "Subcategory".
Instance
2024-03-12 03:01:22,378 INFO Task-16 Prompt:
Brazilian Water Resources: Brazilian Water Resources refer to the various bodies of water, such as rivers, lakes, and aquifers, that are found within the borders of Brazil and are essential for supporting the country's ecosystems and human populations.
Lakes: Inland bodies of water that vary in size and depth, serving as habitats for aquatic life and important for water storage and recreation.
Is "Lakes" a specific instance or a subcategory of the category "Brazilian Water Resources"? Answer only with "Instance" or "Subcategory".
Subcategory
2024-03-12 03:01:22,397 INFO Task-11 Prompt:
Brazilian Water Resources: Brazilian Water Resources refer to the various bodies of water, such as rivers, lakes, and aquifers, that are found within the borders of Brazil and are essential for supporting the country's ecosystems and human populations.
São francisco river basin: The basin of the São Francisco River, an important water source for agriculture and human settlements in northeastern Brazil.
Is "São francisco river basin" a specific instance or a subcategory of the category "Brazilian Water Resources"? Answer only with "Instance" or "Subcategory".
Instance
2024-03-12 03:01:22,589 INFO Task-6 Prompt:
Brazilian Water Resources: Brazilian Water Resources refer to the various bodies of water, such as rivers, lakes, and aquifers, that are found within the borders of Brazil and are essential for supporting the country's ecosystems and human populations.
Atlantic forest rivers: Rivers that flow through the Atlantic forest biome, supporting unique flora and fauna in this biodiversity hotspot.
Is "Atlantic forest rivers" a specific instance or a subcategory of the category "Brazilian Water Resources"? Answer only with "Instance" or "Subcategory".
Subcategory
2024-03-12 03:01:22,623 INFO Task-9 Prompt:
Brazilian Water Resources: Brazilian Water Resources refer to the various bodies of water, such as rivers, lakes, and aquifers, that are found within the borders of Brazil and are essential for supporting the country's ecosystems and human populations.
Pantanal wetlands: The world's largest tropical wetland area, characterized by seasonal flooding and rich biodiversity.
Is "Pantanal wetlands" a specific instance or a subcategory of the category "Brazilian Water Resources"? Answer only with "Instance" or "Subcategory".
Instance
2024-03-12 03:01:22,655 INFO Task-10 Prompt:
Brazilian Water Resources: Brazilian Water Resources refer to the various bodies of water, such as rivers, lakes, and aquifers, that are found within the borders of Brazil and are essential for supporting the country's ecosystems and human populations.
Paraná river basin: A major river basin in South America, including the Paraná River and its tributaries, supporting agriculture and hydroelectric power generation.
Is "Paraná river basin" a specific instance or a subcategory of the category "Brazilian Water Resources"? Answer only with "Instance" or "Subcategory".
Instance
2024-03-12 03:01:22,720 INFO Task-15 Prompt:
Brazilian Water Resources: Brazilian Water Resources refer to the various bodies of water, such as rivers, lakes, and aquifers, that are found within the borders of Brazil and are essential for supporting the country's ecosystems and human populations.
Groundwater: Water stored beneath the Earth's surface in aquifers, providing a critical source of freshwater for drinking, irrigation, and industrial use.
Is "Groundwater" a specific instance or a subcategory of the category "Brazilian Water Resources"? Answer only with "Instance" or "Subcategory".
Subcategory
2024-03-12 03:01:22,721 INFO Task-14 Prompt:
Brazilian Water Resources: Brazilian Water Resources refer to the various bodies of water, such as rivers, lakes, and aquifers, that are found within the borders of Brazil and are essential for supporting the country's ecosystems and human populations.
Coastal waters: The marine waters adjacent to coastlines, influenced by both terrestrial and oceanic processes and supporting diverse ecosystems.
Is "Coastal waters" a specific instance or a subcategory of the category "Brazilian Water Resources"? Answer only with "Instance" or "Subcategory".
Subcategory
2024-03-12 03:01:22,771 INFO Task-18 Prompt:
Brazilian Water Resources: Brazilian Water Resources refer to the various bodies of water, such as rivers, lakes, and aquifers, that are found within the borders of Brazil and are essential for supporting the country's ecosystems and human populations.
Rivers: Natural watercourses that flow towards oceans, lakes, or other rivers, playing a key role in transporting water, sediment, and nutrients across landscapes.
Is "Rivers" a part or a subcategory of the category "Brazilian Water Resources"? Answer only with "Part" or "Subcategory".
Part
2024-03-12 03:01:22,777 INFO Task-5 Prompt:
Brazilian Water Resources: Brazilian Water Resources refer to the various bodies of water, such as rivers, lakes, and aquifers, that are found within the borders of Brazil and are essential for supporting the country's ecosystems and human populations.
Amazon river basin: The vast drainage basin of the Amazon River, encompassing a significant portion of South America and hosting diverse aquatic ecosystems.
Is "Amazon river basin" a specific instance or a subcategory of the category "Brazilian Water Resources"? Answer only with "Instance" or "Subcategory".
Subcategory
2024-03-12 03:01:22,788 INFO Task-19 Prompt:
Brazilian Water Resources: Brazilian Water Resources refer to the various bodies of water, such as rivers, lakes, and aquifers, that are found within the borders of Brazil and are essential for supporting the country's ecosystems and human populations.
Wetlands: Ecosystems characterized by water saturation, supporting diverse plant and animal species and providing important ecological services.
Is "Wetlands" a specific instance or a subcategory of the category "Brazilian Water Resources"? Answer only with "Instance" or "Subcategory".
Subcategory
2024-03-12 03:01:22,810 INFO Task-17 Prompt:
Brazilian Water Resources: Brazilian Water Resources refer to the various bodies of water, such as rivers, lakes, and aquifers, that are found within the borders of Brazil and are essential for supporting the country's ecosystems and human populations.
Reservoirs: Artificial lakes created by damming rivers, used for water supply, flood control, hydropower generation, and recreational activities.
Is "Reservoirs" a part or a subcategory of the category "Brazilian Water Resources"? Answer only with "Part" or "Subcategory".
Subcategory
2024-03-12 03:01:23,033 INFO Task-13 Prompt:
Brazilian Water Resources: Brazilian Water Resources refer to the various bodies of water, such as rivers, lakes, and aquifers, that are found within the borders of Brazil and are essential for supporting the country's ecosystems and human populations.
Aquifers: Underground layers of rock or sediment that hold and transmit groundwater, serving as vital water sources for human consumption and agriculture.
Is "Aquifers" a part or a subcategory of the category "Brazilian Water Resources"? Answer only with "Part" or "Subcategory".
Part
2024-03-12 03:01:23,182 INFO Task-6 Prompt:
Brazilian Water Resources: Brazilian Water Resources refer to the various bodies of water, such as rivers, lakes, and aquifers, that are found within the borders of Brazil and are essential for supporting the country's ecosystems and human populations.
Atlantic forest rivers: Rivers that flow through the Atlantic forest biome, supporting unique flora and fauna in this biodiversity hotspot.
Is "Atlantic forest rivers" a part or a subcategory of the category "Brazilian Water Resources"? Answer only with "Part" or "Subcategory".
Part
2024-03-12 03:01:23,219 INFO Task-14 Prompt:
Brazilian Water Resources: Brazilian Water Resources refer to the various bodies of water, such as rivers, lakes, and aquifers, that are found within the borders of Brazil and are essential for supporting the country's ecosystems and human populations.
Coastal waters: The marine waters adjacent to coastlines, influenced by both terrestrial and oceanic processes and supporting diverse ecosystems.
Is "Coastal waters" a part or a subcategory of the category "Brazilian Water Resources"? Answer only with "Part" or "Subcategory".
Part
2024-03-12 03:01:23,267 INFO Task-17 Prompt:
Brazilian Water Resources: Brazilian Water Resources refer to the various bodies of water, such as rivers, lakes, and aquifers, that are found within the borders of Brazil and are essential for supporting the country's ecosystems and human populations.
Reservoirs: Artificial lakes created by damming rivers, used for water supply, flood control, hydropower generation, and recreational activities.
Can "Reservoirs" be considered a subcategory of "Brazilian Water Resources"? Answer only with yes or no.
Yes
2024-03-12 03:01:23,279 INFO Task-15 Prompt:
Brazilian Water Resources: Brazilian Water Resources refer to the various bodies of water, such as rivers, lakes, and aquifers, that are found within the borders of Brazil and are essential for supporting the country's ecosystems and human populations.
Groundwater: Water stored beneath the Earth's surface in aquifers, providing a critical source of freshwater for drinking, irrigation, and industrial use.
Is "Groundwater" a part or a subcategory of the category "Brazilian Water Resources"? Answer only with "Part" or "Subcategory".
Part
2024-03-12 03:01:23,306 INFO Task-19 Prompt:
Brazilian Water Resources: Brazilian Water Resources refer to the various bodies of water, such as rivers, lakes, and aquifers, that are found within the borders of Brazil and are essential for supporting the country's ecosystems and human populations.
Wetlands: Ecosystems characterized by water saturation, supporting diverse plant and animal species and providing important ecological services.
Is "Wetlands" a part or a subcategory of the category "Brazilian Water Resources"? Answer only with "Part" or "Subcategory".
Part
2024-03-12 03:01:23,369 INFO Task-16 Prompt:
Brazilian Water Resources: Brazilian Water Resources refer to the various bodies of water, such as rivers, lakes, and aquifers, that are found within the borders of Brazil and are essential for supporting the country's ecosystems and human populations.
Lakes: Inland bodies of water that vary in size and depth, serving as habitats for aquatic life and important for water storage and recreation.
Is "Lakes" a part or a subcategory of the category "Brazilian Water Resources"? Answer only with "Part" or "Subcategory".
Subcategory
2024-03-12 03:01:23,674 INFO Task-5 Prompt:
Brazilian Water Resources: Brazilian Water Resources refer to the various bodies of water, such as rivers, lakes, and aquifers, that are found within the borders of Brazil and are essential for supporting the country's ecosystems and human populations.
Amazon river basin: The vast drainage basin of the Amazon River, encompassing a significant portion of South America and hosting diverse aquatic ecosystems.
Is "Amazon river basin" a part or a subcategory of the category "Brazilian Water Resources"? Answer only with "Part" or "Subcategory".
Part
2024-03-12 03:01:23,691 INFO Task-16 Prompt:
Brazilian Water Resources: Brazilian Water Resources refer to the various bodies of water, such as rivers, lakes, and aquifers, that are found within the borders of Brazil and are essential for supporting the country's ecosystems and human populations.
Lakes: Inland bodies of water that vary in size and depth, serving as habitats for aquatic life and important for water storage and recreation.
Can "Lakes" be considered a subcategory of "Brazilian Water Resources"? Answer only with yes or no.
Yes
2024-03-12 03:01:23,917 INFO Task-17 Prompt:
Brazilian Water Resources: Brazilian Water Resources refer to the various bodies of water, such as rivers, lakes, and aquifers, that are found within the borders of Brazil and are essential for supporting the country's ecosystems and human populations.
Reservoirs: Artificial lakes created by damming rivers, used for water supply, flood control, hydropower generation, and recreational activities.
Is "Reservoirs" typically understood as a subcategory of "Brazilian Water Resources"? Answer only with yes or no.
Yes
2024-03-12 03:01:24,207 INFO Task-16 Prompt:
Brazilian Water Resources: Brazilian Water Resources refer to the various bodies of water, such as rivers, lakes, and aquifers, that are found within the borders of Brazil and are essential for supporting the country's ecosystems and human populations.
Lakes: Inland bodies of water that vary in size and depth, serving as habitats for aquatic life and important for water storage and recreation.
Is "Lakes" typically understood as a subcategory of "Brazilian Water Resources"? Answer only with yes or no.
Yes
2024-03-12 03:01:24,918 INFO Task-41 Prompt:
Brazilian Water Resources: Brazilian Water Resources refer to the various bodies of water, such as rivers, lakes, and aquifers, that are found within the borders of Brazil and are essential for supporting the country's ecosystems and human populations.
Lakes: Inland bodies of water that vary in size and depth, serving as habitats for aquatic life and important for water storage and recreation.
Reservoirs: Artificial lakes created by damming rivers, used for water supply, flood control, hydropower generation, and recreational activities.
"Lakes" is a subcategory of "Brazilian Water Resources". Is "Reservoirs" typically understood as a subcategory of "Lakes"? Answer only with yes or no.
No
2024-03-12 03:01:25,415 INFO Task-42 Prompt:
Brazilian Water Resources: Brazilian Water Resources refer to the various bodies of water, such as rivers, lakes, and aquifers, that are found within the borders of Brazil and are essential for supporting the country's ecosystems and human populations.
Reservoirs: Artificial lakes created by damming rivers, used for water supply, flood control, hydropower generation, and recreational activities.
Lakes: Inland bodies of water that vary in size and depth, serving as habitats for aquatic life and important for water storage and recreation.
"Reservoirs" is a subcategory of "Brazilian Water Resources". Is "Lakes" typically understood as a subcategory of "Reservoirs"? Answer only with yes or no.
No
2024-03-12 03:01:26,316 INFO Task-1 Prompt:
Brazilian Water Resources: Brazilian Water Resources refer to the various bodies of water, such as rivers, lakes, and aquifers, that are found within the borders of Brazil and are essential for supporting the country's ecosystems and human populations.
Lakes: Inland bodies of water that vary in size and depth, serving as habitats for aquatic life and important for water storage and recreation.
"Lakes" is a subcategory of "Brazilian Water Resources". Are there any generally accepted subcategories of "Lakes"? Answer only with yes or no.
Yes
2024-03-12 03:01:27,591 INFO Task-1 Prompt:
Brazilian Water Resources: Brazilian Water Resources refer to the various bodies of water, such as rivers, lakes, and aquifers, that are found within the borders of Brazil and are essential for supporting the country's ecosystems and human populations.
Lakes: Inland bodies of water that vary in size and depth, serving as habitats for aquatic life and important for water storage and recreation.
"Lakes" is a subcategory of "Brazilian Water Resources". List all of the most important subcategories of "Lakes". Skip explanations and use a comma-separated format like this:
Important subcategory, Another important subcategory, Another important subcategory, etc.
['Size', 'Natural', 'Major', 'Natural', 'Man', 'Art', 'Res', 'Natural', 'Fresh', 'Art', 'Res', 'Natural', 'B', 'Natural', 'Natural', 'Aqu', 'Natural', 'Man', 'Large', 'Natural', 'Natural', 'Natural', 'Man', 'Natural', 'Natural', 'Res', 'Natural', 'Natural', 'Natural', 'Natural', 'Fresh', 'Amazon', 'L', 'Natural', 'Natural', 'Natural', 'Natural', 'Amazon', 'Amazon', 'Man', 'Man', 'Natural', 'Amazon', 'Natural', 'Art', 'Fresh', 'Natural', 'Amazon', 'Natural', 'Fresh', 'Natural', 'Man', 'Art', 'Natural', 'Man', 'Great', 'Lake', 'Natural', 'Natural', 'Natural', 'Natural', 'Fresh', 'E', 'Natural', 'Res', 'Natural', 'Ec', 'Natural', 'E', 'Natural', 'Natural', 'Man', 'Fresh', 'Rio', 'Fresh', 'Natural', 'Lake', 'L', 'Art', 'Natural', 'Natural', 'Man', 'Man', 'Natural', 'Art', 'Amazon', 'Amazon', 'L', 'Large', 'Natural', 'Amazon', 'Natural', 'Fresh', 'Natural', 'Natural', 'Natural', 'Natural', 'Man', 'Natural', 'Gl']
2024-03-12 03:01:28,357 INFO Task-1 Prompt:
Brazilian Water Resources: Brazilian Water Resources refer to the various bodies of water, such as rivers, lakes, and aquifers, that are found within the borders of Brazil and are essential for supporting the country's ecosystems and human populations.
Lakes: Inland bodies of water that vary in size and depth, serving as habitats for aquatic life and important for water storage and recreation.
"Lakes" is a subcategory of "Brazilian Water Resources". List all of the most important subcategories of "Lakes". Skip explanations and use a comma-separated format like this:
Important subcategory, Another important subcategory, Another important subcategory, etc.
Start your answer with "Man".
Man-made lakes, Natural lakes, Oxbow lakes, Reservoirs
2024-03-12 03:01:29,319 INFO Task-1 Prompt:
Brazilian Water Resources: Brazilian Water Resources refer to the various bodies of water, such as rivers, lakes, and aquifers, that are found within the borders of Brazil and are essential for supporting the country's ecosystems and human populations.
Lakes: Inland bodies of water that vary in size and depth, serving as habitats for aquatic life and important for water storage and recreation.
"Lakes" is a subcategory of "Brazilian Water Resources". List all of the most important subcategories of "Lakes". Skip explanations and use a comma-separated format like this:
Important subcategory, Another important subcategory, Another important subcategory, etc.
Start your answer with "Natural".
Natural lakes, Man-made reservoirs, Oxbow lakes, Lagoons
2024-03-12 03:01:32,475 INFO Task-1 Prompt:
Brazilian Water Resources: Brazilian Water Resources refer to the various bodies of water, such as rivers, lakes, and aquifers, that are found within the borders of Brazil and are essential for supporting the country's ecosystems and human populations.
Lakes: Inland bodies of water that vary in size and depth, serving as habitats for aquatic life and important for water storage and recreation.
List all of the most important subcategories of "Lakes" in a comma-separated format, skip explanations.
Man-made lakes, Natural lakes, Oxbow lakes, Lagoons, Man-made reservoirs
Give a brief description of every term on the list, considered as a subcategory of Lakes, without the use of examples, in the following form:
List element 1: brief description of list element 1.
List element 2: brief description of list element 2.
...
Man-made lakes: Lakes created by human activities, such as damming rivers or excavating land.
Natural lakes: Lakes that form naturally through geological processes, such as glacial, volcanic, or tectonic activity.
Oxbow lakes: Curved, U-shaped bodies of water that form when a meandering river's bend is cut off from the main channel.
Lagoons: Shallow coastal bodies of water separated from the ocean by barrier islands, sandbars, or coral reefs.
Man-made reservoirs: Artificial lakes created by constructing dams across rivers to store water for various purposes.
2024-03-12 03:01:33,035 INFO Task-47 Prompt:
Brazilian Water Resources: Brazilian Water Resources refer to the various bodies of water, such as rivers, lakes, and aquifers, that are found within the borders of Brazil and are essential for supporting the country's ecosystems and human populations.
Natural lakes: Lakes that form naturally through geological processes, such as glacial, volcanic, or tectonic activity.
Is "Natural lakes" a specific instance or a subcategory of the category "Brazilian Water Resources"? Answer only with "Instance" or "Subcategory".
Subcategory
2024-03-12 03:01:33,115 INFO Task-48 Prompt:
Brazilian Water Resources: Brazilian Water Resources refer to the various bodies of water, such as rivers, lakes, and aquifers, that are found within the borders of Brazil and are essential for supporting the country's ecosystems and human populations.
Oxbow lakes: Curved, U-shaped bodies of water that form when a meandering river's bend is cut off from the main channel.
Is "Oxbow lakes" a specific instance or a subcategory of the category "Brazilian Water Resources"? Answer only with "Instance" or "Subcategory".
Instance
2024-03-12 03:01:33,158 INFO Task-46 Prompt:
Brazilian Water Resources: Brazilian Water Resources refer to the various bodies of water, such as rivers, lakes, and aquifers, that are found within the borders of Brazil and are essential for supporting the country's ecosystems and human populations.
Man-made lakes: Lakes created by human activities, such as damming rivers or excavating land.
Is "Man-made lakes" a specific instance or a subcategory of the category "Brazilian Water Resources"? Answer only with "Instance" or "Subcategory".
Subcategory
2024-03-12 03:01:33,216 INFO Task-50 Prompt:
Brazilian Water Resources: Brazilian Water Resources refer to the various bodies of water, such as rivers, lakes, and aquifers, that are found within the borders of Brazil and are essential for supporting the country's ecosystems and human populations.
Lagoons: Shallow coastal bodies of water separated from the ocean by barrier islands, sandbars, or coral reefs.
Is "Lagoons" a specific instance or a subcategory of the category "Brazilian Water Resources"? Answer only with "Instance" or "Subcategory".
Subcategory
2024-03-12 03:01:33,528 INFO Task-51 Prompt:
Brazilian Water Resources: Brazilian Water Resources refer to the various bodies of water, such as rivers, lakes, and aquifers, that are found within the borders of Brazil and are essential for supporting the country's ecosystems and human populations.
Man-made reservoirs: Artificial lakes created by constructing dams across rivers to store water for various purposes.
Is "Man-made reservoirs" a specific instance or a subcategory of the category "Brazilian Water Resources"? Answer only with "Instance" or "Subcategory".
Subcategory
2024-03-12 03:01:33,553 INFO Task-50 Prompt:
Brazilian Water Resources: Brazilian Water Resources refer to the various bodies of water, such as rivers, lakes, and aquifers, that are found within the borders of Brazil and are essential for supporting the country's ecosystems and human populations.
Lagoons: Shallow coastal bodies of water separated from the ocean by barrier islands, sandbars, or coral reefs.
Is "Lagoons" a part or a subcategory of the category "Brazilian Water Resources"? Answer only with "Part" or "Subcategory".
Subcategory
2024-03-12 03:01:33,565 INFO Task-49 Prompt:
Brazilian Water Resources: Brazilian Water Resources refer to the various bodies of water, such as rivers, lakes, and aquifers, that are found within the borders of Brazil and are essential for supporting the country's ecosystems and human populations.
Lakes: Inland bodies of water that vary in size and depth, serving as habitats for aquatic life and important for water storage and recreation.
"Lakes" is a subcategory of "Brazilian Water Resources". The following description outlines the characteristics of a subcategory of "Lakes". Provide a concise and unambiguous name for it. Provide only the name without any explanation. Description: Artificial lakes created by damming rivers, used for water supply, flood control, hydropower generation, and recreational activities.
Reservoirs
2024-03-12 03:01:33,586 INFO Task-47 Prompt:
Brazilian Water Resources: Brazilian Water Resources refer to the various bodies of water, such as rivers, lakes, and aquifers, that are found within the borders of Brazil and are essential for supporting the country's ecosystems and human populations.
Natural lakes: Lakes that form naturally through geological processes, such as glacial, volcanic, or tectonic activity.
Is "Natural lakes" a part or a subcategory of the category "Brazilian Water Resources"? Answer only with "Part" or "Subcategory".
Subcategory
2024-03-12 03:01:33,682 INFO Task-46 Prompt:
Brazilian Water Resources: Brazilian Water Resources refer to the various bodies of water, such as rivers, lakes, and aquifers, that are found within the borders of Brazil and are essential for supporting the country's ecosystems and human populations.
Man-made lakes: Lakes created by human activities, such as damming rivers or excavating land.
Is "Man-made lakes" a part or a subcategory of the category "Brazilian Water Resources"? Answer only with "Part" or "Subcategory".
Subcategory
2024-03-12 03:01:34,086 INFO Task-51 Prompt:
Brazilian Water Resources: Brazilian Water Resources refer to the various bodies of water, such as rivers, lakes, and aquifers, that are found within the borders of Brazil and are essential for supporting the country's ecosystems and human populations.
Man-made reservoirs: Artificial lakes created by constructing dams across rivers to store water for various purposes.
Is "Man-made reservoirs" a part or a subcategory of the category "Brazilian Water Resources"? Answer only with "Part" or "Subcategory".
Subcategory
2024-03-12 03:01:34,231 INFO Task-47 Prompt:
Brazilian Water Resources: Brazilian Water Resources refer to the various bodies of water, such as rivers, lakes, and aquifers, that are found within the borders of Brazil and are essential for supporting the country's ecosystems and human populations.
Natural lakes: Lakes that form naturally through geological processes, such as glacial, volcanic, or tectonic activity.
Can "Natural lakes" be considered a subcategory of "Brazilian Water Resources"? Answer only with yes or no.
Yes
2024-03-12 03:01:34,420 INFO Task-50 Prompt:
Brazilian Water Resources: Brazilian Water Resources refer to the various bodies of water, such as rivers, lakes, and aquifers, that are found within the borders of Brazil and are essential for supporting the country's ecosystems and human populations.
Lagoons: Shallow coastal bodies of water separated from the ocean by barrier islands, sandbars, or coral reefs.
Can "Lagoons" be considered a subcategory of "Brazilian Water Resources"? Answer only with yes or no.
Yes
2024-03-12 03:01:34,560 INFO Task-46 Prompt:
Brazilian Water Resources: Brazilian Water Resources refer to the various bodies of water, such as rivers, lakes, and aquifers, that are found within the borders of Brazil and are essential for supporting the country's ecosystems and human populations.
Man-made lakes: Lakes created by human activities, such as damming rivers or excavating land.
Can "Man-made lakes" be considered a subcategory of "Brazilian Water Resources"? Answer only with yes or no.
Yes
2024-03-12 03:01:34,667 INFO Task-51 Prompt:
Brazilian Water Resources: Brazilian Water Resources refer to the various bodies of water, such as rivers, lakes, and aquifers, that are found within the borders of Brazil and are essential for supporting the country's ecosystems and human populations.
Man-made reservoirs: Artificial lakes created by constructing dams across rivers to store water for various purposes.
Can "Man-made reservoirs" be considered a subcategory of "Brazilian Water Resources"? Answer only with yes or no.
Yes
2024-03-12 03:01:34,731 INFO Task-50 Prompt:
Brazilian Water Resources: Brazilian Water Resources refer to the various bodies of water, such as rivers, lakes, and aquifers, that are found within the borders of Brazil and are essential for supporting the country's ecosystems and human populations.
Lakes: Inland bodies of water that vary in size and depth, serving as habitats for aquatic life and important for water storage and recreation.
Lagoons: Shallow coastal bodies of water separated from the ocean by barrier islands, sandbars, or coral reefs.
"Lakes" is a subcategory of "Brazilian Water Resources". Is "Lagoons" typically understood as a subcategory of "Lakes"? Answer only with yes or no.
No
2024-03-12 03:01:34,740 INFO Task-47 Prompt:
Brazilian Water Resources: Brazilian Water Resources refer to the various bodies of water, such as rivers, lakes, and aquifers, that are found within the borders of Brazil and are essential for supporting the country's ecosystems and human populations.
Lakes: Inland bodies of water that vary in size and depth, serving as habitats for aquatic life and important for water storage and recreation.
Natural lakes: Lakes that form naturally through geological processes, such as glacial, volcanic, or tectonic activity.
"Lakes" is a subcategory of "Brazilian Water Resources". Is "Natural lakes" typically understood as a subcategory of "Lakes"? Answer only with yes or no.
Yes
2024-03-12 03:01:35,096 INFO Task-46 Prompt:
Brazilian Water Resources: Brazilian Water Resources refer to the various bodies of water, such as rivers, lakes, and aquifers, that are found within the borders of Brazil and are essential for supporting the country's ecosystems and human populations.
Lakes: Inland bodies of water that vary in size and depth, serving as habitats for aquatic life and important for water storage and recreation.
Man-made lakes: Lakes created by human activities, such as damming rivers or excavating land.
"Lakes" is a subcategory of "Brazilian Water Resources". Is "Man-made lakes" typically understood as a subcategory of "Lakes"? Answer only with yes or no.
Yes
2024-03-12 03:01:35,298 INFO Task-50 Prompt:
Brazilian Water Resources: Brazilian Water Resources refer to the various bodies of water, such as rivers, lakes, and aquifers, that are found within the borders of Brazil and are essential for supporting the country's ecosystems and human populations.
Lakes: Inland bodies of water that vary in size and depth, serving as habitats for aquatic life and important for water storage and recreation.
"Lakes" is a subcategory of "Brazilian Water Resources". The following description outlines the characteristics of a subcategory of "Lakes". Provide a concise and unambiguous name for it. Provide only the name without any explanation. Description: Shallow coastal bodies of water separated from the ocean by barrier islands, sandbars, or coral reefs.
Lagoons
2024-03-12 03:01:35,311 INFO Task-51 Prompt:
Brazilian Water Resources: Brazilian Water Resources refer to the various bodies of water, such as rivers, lakes, and aquifers, that are found within the borders of Brazil and are essential for supporting the country's ecosystems and human populations.
Lakes: Inland bodies of water that vary in size and depth, serving as habitats for aquatic life and important for water storage and recreation.
Man-made reservoirs: Artificial lakes created by constructing dams across rivers to store water for various purposes.
"Lakes" is a subcategory of "Brazilian Water Resources". Is "Man-made reservoirs" typically understood as a subcategory of "Lakes"? Answer only with yes or no.
No
2024-03-12 03:01:36,296 INFO Task-51 Prompt:
Brazilian Water Resources: Brazilian Water Resources refer to the various bodies of water, such as rivers, lakes, and aquifers, that are found within the borders of Brazil and are essential for supporting the country's ecosystems and human populations.
Lakes: Inland bodies of water that vary in size and depth, serving as habitats for aquatic life and important for water storage and recreation.
"Lakes" is a subcategory of "Brazilian Water Resources". The following description outlines the characteristics of a subcategory of "Lakes". Provide a concise and unambiguous name for it. Provide only the name without any explanation. Description: Artificial lakes created by constructing dams across rivers to store water for various purposes.
Reservoirs
2024-03-12 03:01:36,812 INFO Task-51 Prompt:
Brazilian Water Resources: Brazilian Water Resources refer to the various bodies of water, such as rivers, lakes, and aquifers, that are found within the borders of Brazil and are essential for supporting the country's ecosystems and human populations.
Reservoirs: Artificial lakes created by constructing dams across rivers to store water for various purposes.
Can "Reservoirs" be considered a subcategory of "Brazilian Water Resources"? Answer only with yes or no.
Yes
2024-03-12 03:01:37,279 INFO Task-51 Prompt:
Brazilian Water Resources: Brazilian Water Resources refer to the various bodies of water, such as rivers, lakes, and aquifers, that are found within the borders of Brazil and are essential for supporting the country's ecosystems and human populations.
Lakes: Inland bodies of water that vary in size and depth, serving as habitats for aquatic life and important for water storage and recreation.
Reservoirs: Artificial lakes created by constructing dams across rivers to store water for various purposes.
"Lakes" is a subcategory of "Brazilian Water Resources". Is "Reservoirs" typically understood as a subcategory of "Lakes"? Answer only with yes or no.
No
2024-03-12 03:01:37,798 INFO Task-58 Prompt:
Brazilian Water Resources: Brazilian Water Resources refer to the various bodies of water, such as rivers, lakes, and aquifers, that are found within the borders of Brazil and are essential for supporting the country's ecosystems and human populations.
Reservoirs: Artificial lakes created by constructing dams across rivers to store water for various purposes.
Man-made lakes: Lakes created by human activities, such as damming rivers or excavating land.
"Reservoirs" is a subcategory of "Brazilian Water Resources". Is "Man-made lakes" typically understood as a subcategory of "Reservoirs"? Answer only with yes or no.
Yes
2024-03-12 03:01:38,684 INFO Task-67 Prompt:
Brazilian Water Resources: Brazilian Water Resources refer to the various bodies of water, such as rivers, lakes, and aquifers, that are found within the borders of Brazil and are essential for supporting the country's ecosystems and human populations.
Reservoirs: Artificial lakes created by constructing dams across rivers to store water for various purposes.
Natural lakes: Lakes that form naturally through geological processes, such as glacial, volcanic, or tectonic activity.
"Reservoirs" is a subcategory of "Brazilian Water Resources". Is "Natural lakes" typically understood as a subcategory of "Reservoirs"? Answer only with yes or no.
No
2024-03-12 03:01:39,570 INFO Task-69 Prompt:
Brazilian Water Resources: Brazilian Water Resources refer to the various bodies of water, such as rivers, lakes, and aquifers, that are found within the borders of Brazil and are essential for supporting the country's ecosystems and human populations.
Natural lakes: Lakes that form naturally through geological processes, such as glacial, volcanic, or tectonic activity.
Man-made lakes: Lakes created by human activities, such as damming rivers or excavating land.
"Natural lakes" is a subcategory of "Brazilian Water Resources". Is "Man-made lakes" typically understood as a subcategory of "Natural lakes"? Answer only with yes or no.
No
2024-03-12 03:01:40,109 INFO Task-1 Prompt:
Brazilian Water Resources: Brazilian Water Resources refer to the various bodies of water, such as rivers, lakes, and aquifers, that are found within the borders of Brazil and are essential for supporting the country's ecosystems and human populations.
Reservoirs: Artificial lakes created by damming rivers, used for water supply, flood control, hydropower generation, and recreational activities.
"Reservoirs" is a subcategory of "Brazilian Water Resources". Are there any generally accepted subcategories of "Reservoirs"? Answer only with yes or no.
Yes
2024-03-12 03:01:41,035 INFO Task-1 Prompt:
Brazilian Water Resources: Brazilian Water Resources refer to the various bodies of water, such as rivers, lakes, and aquifers, that are found within the borders of Brazil and are essential for supporting the country's ecosystems and human populations.
Reservoirs: Artificial lakes created by damming rivers, used for water supply, flood control, hydropower generation, and recreational activities.
"Reservoirs" is a subcategory of "Brazilian Water Resources". List all of the most important subcategories of "Reservoirs". Skip explanations and use a comma-separated format like this:
Important subcategory, Another important subcategory, Another important subcategory, etc.
['Hy', 'Hy', 'Hy', 'Dr', 'Hy', 'Hy', 'Hy', 'Storage', 'Hy', 'Hy', 'Large', 'Large', 'Hy', 'Hy', 'Hy', 'Hy', 'Hy', 'Large', 'Hy', 'Hy', 'Hy', 'Hy', 'Large', 'Hy', 'Hy', 'Hy', 'Hy', 'Hy', 'Hy', 'Water', 'Hy', 'Hy', 'Hy', 'Large', 'Hy', 'Fresh', 'Hy', 'Hy', 'Fresh', 'Hy', 'Hy', 'Hy', 'Natural', 'Dr', 'Hy', 'Hy', 'Hy', 'Storage', 'Hy', 'Large', 'Water', 'Hy', 'Large', 'Hy', 'Hy', 'Hy', 'Natural', 'Hy', 'Hy', 'Dr', 'Hy', 'Hy', 'Hy', 'Hy', 'Hy', 'Hy', 'Hy', 'Dr', 'Hy', 'Hy', 'Hy', 'Large', 'Large', 'Hy', 'Hy', 'Hy', 'Hy', 'Hy', 'Hy', 'Water', 'Dr', 'Hy', 'Hy', 'Hy', 'Hy', 'Hy', 'Dr', 'Large', 'Dr', 'Dr', 'Water', 'Hy', 'Large', 'Hy', 'Hy', 'Hy', 'Hy', 'Hy', 'Hy', 'Storage']
2024-03-12 03:01:41,698 INFO Task-1 Prompt:
Brazilian Water Resources: Brazilian Water Resources refer to the various bodies of water, such as rivers, lakes, and aquifers, that are found within the borders of Brazil and are essential for supporting the country's ecosystems and human populations.
Reservoirs: Artificial lakes created by damming rivers, used for water supply, flood control, hydropower generation, and recreational activities.
"Reservoirs" is a subcategory of "Brazilian Water Resources". List all of the most important subcategories of "Reservoirs". Skip explanations and use a comma-separated format like this:
Important subcategory, Another important subcategory, Another important subcategory, etc.
Start your answer with "Hy".
Hydropower generation, Water supply, Flood control, Recreational activities
2024-03-12 03:01:42,476 INFO Task-1 Prompt:
Brazilian Water Resources: Brazilian Water Resources refer to the various bodies of water, such as rivers, lakes, and aquifers, that are found within the borders of Brazil and are essential for supporting the country's ecosystems and human populations.
Reservoirs: Artificial lakes created by damming rivers, used for water supply, flood control, hydropower generation, and recreational activities.
"Reservoirs" is a subcategory of "Brazilian Water Resources". List all of the most important subcategories of "Reservoirs". Skip explanations and use a comma-separated format like this:
Important subcategory, Another important subcategory, Another important subcategory, etc.
Start your answer with "Large".
Large reservoirs, Hydropower reservoirs, Drinking water reservoirs, Irrigation reservoirs, Flood control reservoirs
2024-03-12 03:01:46,341 INFO Task-1 Prompt:
Brazilian Water Resources: Brazilian Water Resources refer to the various bodies of water, such as rivers, lakes, and aquifers, that are found within the borders of Brazil and are essential for supporting the country's ecosystems and human populations.
Reservoirs: Artificial lakes created by damming rivers, used for water supply, flood control, hydropower generation, and recreational activities.
List all of the most important subcategories of "Reservoirs" in a comma-separated format, skip explanations.
Flood control, Hydropower generation, Recreational activities, Water supply, Drinking water reservoirs, Flood control reservoirs, Hydropower reservoirs, Irrigation reservoirs, Large reservoirs
Give a brief description of every term on the list, considered as a subcategory of Reservoirs, without the use of examples, in the following form:
List element 1: brief description of list element 1.
List element 2: brief description of list element 2.
...
Flood control: Reservoirs used to store excess water during periods of heavy rainfall to prevent flooding downstream.
Hydropower generation: Reservoirs used to store water that is released to generate electricity through hydropower plants.
Recreational activities: Reservoirs that provide opportunities for leisure activities such as boating, fishing, and swimming.
Water supply: Reservoirs that store water for municipal, industrial, and agricultural use.
Drinking water reservoirs: Reservoirs specifically designated for storing water intended for human consumption.
Flood control reservoirs: Reservoirs built primarily to mitigate the impacts of flooding in downstream areas.
Hydropower reservoirs: Reservoirs that are integral components of hydropower systems for electricity generation.
Irrigation reservoirs: Reservoirs used to store water for agricultural irrigation purposes.
Large reservoirs: Reservoirs with a significant storage capacity, often used for multiple purposes such as water supply, hydropower, and flood control.
2024-03-12 03:01:46,756 INFO Task-76 Prompt:
Brazilian Water Resources: Brazilian Water Resources refer to the various bodies of water, such as rivers, lakes, and aquifers, that are found within the borders of Brazil and are essential for supporting the country's ecosystems and human populations.
Hydropower generation: Reservoirs used to store water that is released to generate electricity through hydropower plants.
Is "Hydropower generation" a specific instance or a subcategory of the category "Brazilian Water Resources"? Answer only with "Instance" or "Subcategory".
Instance
2024-03-12 03:01:46,893 INFO Task-82 Prompt:
Brazilian Water Resources: Brazilian Water Resources refer to the various bodies of water, such as rivers, lakes, and aquifers, that are found within the borders of Brazil and are essential for supporting the country's ecosystems and human populations.
Irrigation reservoirs: Reservoirs used to store water for agricultural irrigation purposes.
Is "Irrigation reservoirs" a specific instance or a subcategory of the category "Brazilian Water Resources"? Answer only with "Instance" or "Subcategory".
Subcategory
2024-03-12 03:01:46,908 INFO Task-83 Prompt:
Brazilian Water Resources: Brazilian Water Resources refer to the various bodies of water, such as rivers, lakes, and aquifers, that are found within the borders of Brazil and are essential for supporting the country's ecosystems and human populations.
Large reservoirs: Reservoirs with a significant storage capacity, often used for multiple purposes such as water supply, hydropower, and flood control.
Is "Large reservoirs" a specific instance or a subcategory of the category "Brazilian Water Resources"? Answer only with "Instance" or "Subcategory".
Subcategory
2024-03-12 03:01:46,916 INFO Task-75 Prompt:
Brazilian Water Resources: Brazilian Water Resources refer to the various bodies of water, such as rivers, lakes, and aquifers, that are found within the borders of Brazil and are essential for supporting the country's ecosystems and human populations.
Flood control: Reservoirs used to store excess water during periods of heavy rainfall to prevent flooding downstream.
Is "Flood control" a specific instance or a subcategory of the category "Brazilian Water Resources"? Answer only with "Instance" or "Subcategory".
Subcategory
2024-03-12 03:01:46,922 INFO Task-80 Prompt:
Brazilian Water Resources: Brazilian Water Resources refer to the various bodies of water, such as rivers, lakes, and aquifers, that are found within the borders of Brazil and are essential for supporting the country's ecosystems and human populations.
Flood control reservoirs: Reservoirs built primarily to mitigate the impacts of flooding in downstream areas.
Is "Flood control reservoirs" a specific instance or a subcategory of the category "Brazilian Water Resources"? Answer only with "Instance" or "Subcategory".
Subcategory
2024-03-12 03:01:46,940 INFO Task-79 Prompt:
Brazilian Water Resources: Brazilian Water Resources refer to the various bodies of water, such as rivers, lakes, and aquifers, that are found within the borders of Brazil and are essential for supporting the country's ecosystems and human populations.
Drinking water reservoirs: Reservoirs specifically designated for storing water intended for human consumption.
Is "Drinking water reservoirs" a specific instance or a subcategory of the category "Brazilian Water Resources"? Answer only with "Instance" or "Subcategory".
Instance
2024-03-12 03:01:46,971 INFO Task-78 Prompt:
Brazilian Water Resources: Brazilian Water Resources refer to the various bodies of water, such as rivers, lakes, and aquifers, that are found within the borders of Brazil and are essential for supporting the country's ecosystems and human populations.
Water supply: Reservoirs that store water for municipal, industrial, and agricultural use.
Is "Water supply" a specific instance or a subcategory of the category "Brazilian Water Resources"? Answer only with "Instance" or "Subcategory".
Subcategory
2024-03-12 03:01:47,065 INFO Task-77 Prompt:
Brazilian Water Resources: Brazilian Water Resources refer to the various bodies of water, such as rivers, lakes, and aquifers, that are found within the borders of Brazil and are essential for supporting the country's ecosystems and human populations.
Recreational activities: Reservoirs that provide opportunities for leisure activities such as boating, fishing, and swimming.
Is "Recreational activities" a specific instance or a subcategory of the category "Brazilian Water Resources"? Answer only with "Instance" or "Subcategory".
Subcategory
2024-03-12 03:01:47,091 INFO Task-81 Prompt:
Brazilian Water Resources: Brazilian Water Resources refer to the various bodies of water, such as rivers, lakes, and aquifers, that are found within the borders of Brazil and are essential for supporting the country's ecosystems and human populations.
Hydropower reservoirs: Reservoirs that are integral components of hydropower systems for electricity generation.
Is "Hydropower reservoirs" a specific instance or a subcategory of the category "Brazilian Water Resources"? Answer only with "Instance" or "Subcategory".
Instance
2024-03-12 03:01:47,384 INFO Task-82 Prompt:
Brazilian Water Resources: Brazilian Water Resources refer to the various bodies of water, such as rivers, lakes, and aquifers, that are found within the borders of Brazil and are essential for supporting the country's ecosystems and human populations.
Irrigation reservoirs: Reservoirs used to store water for agricultural irrigation purposes.
Is "Irrigation reservoirs" a part or a subcategory of the category "Brazilian Water Resources"? Answer only with "Part" or "Subcategory".
Part
2024-03-12 03:01:47,420 INFO Task-83 Prompt:
Brazilian Water Resources: Brazilian Water Resources refer to the various bodies of water, such as rivers, lakes, and aquifers, that are found within the borders of Brazil and are essential for supporting the country's ecosystems and human populations.
Large reservoirs: Reservoirs with a significant storage capacity, often used for multiple purposes such as water supply, hydropower, and flood control.
Is "Large reservoirs" a part or a subcategory of the category "Brazilian Water Resources"? Answer only with "Part" or "Subcategory".
Part
2024-03-12 03:01:47,443 INFO Task-77 Prompt:
Brazilian Water Resources: Brazilian Water Resources refer to the various bodies of water, such as rivers, lakes, and aquifers, that are found within the borders of Brazil and are essential for supporting the country's ecosystems and human populations.
Recreational activities: Reservoirs that provide opportunities for leisure activities such as boating, fishing, and swimming.
Is "Recreational activities" a part or a subcategory of the category "Brazilian Water Resources"? Answer only with "Part" or "Subcategory".
Subcategory
2024-03-12 03:01:47,461 INFO Task-75 Prompt:
Brazilian Water Resources: Brazilian Water Resources refer to the various bodies of water, such as rivers, lakes, and aquifers, that are found within the borders of Brazil and are essential for supporting the country's ecosystems and human populations.
Flood control: Reservoirs used to store excess water during periods of heavy rainfall to prevent flooding downstream.
Is "Flood control" a part or a subcategory of the category "Brazilian Water Resources"? Answer only with "Part" or "Subcategory".
Part
2024-03-12 03:01:47,862 INFO Task-78 Prompt:
Brazilian Water Resources: Brazilian Water Resources refer to the various bodies of water, such as rivers, lakes, and aquifers, that are found within the borders of Brazil and are essential for supporting the country's ecosystems and human populations.
Water supply: Reservoirs that store water for municipal, industrial, and agricultural use.
Is "Water supply" a part or a subcategory of the category "Brazilian Water Resources"? Answer only with "Part" or "Subcategory".
Part
2024-03-12 03:01:47,873 INFO Task-80 Prompt:
Brazilian Water Resources: Brazilian Water Resources refer to the various bodies of water, such as rivers, lakes, and aquifers, that are found within the borders of Brazil and are essential for supporting the country's ecosystems and human populations.
Flood control reservoirs: Reservoirs built primarily to mitigate the impacts of flooding in downstream areas.
Is "Flood control reservoirs" a part or a subcategory of the category "Brazilian Water Resources"? Answer only with "Part" or "Subcategory".
Subcategory
2024-03-12 03:01:48,368 INFO Task-77 Prompt:
Brazilian Water Resources: Brazilian Water Resources refer to the various bodies of water, such as rivers, lakes, and aquifers, that are found within the borders of Brazil and are essential for supporting the country's ecosystems and human populations.
Recreational activities: Reservoirs that provide opportunities for leisure activities such as boating, fishing, and swimming.
Can "Recreational activities" be considered a subcategory of "Brazilian Water Resources"? Answer only with yes or no.
No
2024-03-12 03:01:48,753 INFO Task-80 Prompt:
Brazilian Water Resources: Brazilian Water Resources refer to the various bodies of water, such as rivers, lakes, and aquifers, that are found within the borders of Brazil and are essential for supporting the country's ecosystems and human populations.
Flood control reservoirs: Reservoirs built primarily to mitigate the impacts of flooding in downstream areas.
Can "Flood control reservoirs" be considered a subcategory of "Brazilian Water Resources"? Answer only with yes or no.
Yes
2024-03-12 03:01:49,286 INFO Task-80 Prompt:
Brazilian Water Resources: Brazilian Water Resources refer to the various bodies of water, such as rivers, lakes, and aquifers, that are found within the borders of Brazil and are essential for supporting the country's ecosystems and human populations.
Reservoirs: Artificial lakes created by damming rivers, used for water supply, flood control, hydropower generation, and recreational activities.
Flood control reservoirs: Reservoirs built primarily to mitigate the impacts of flooding in downstream areas.
"Reservoirs" is a subcategory of "Brazilian Water Resources". Is "Flood control reservoirs" typically understood as a subcategory of "Reservoirs"? Answer only with yes or no.
Yes
2024-03-12 03:01:49,337 INFO Task-77 Prompt:
Brazilian Water Resources: Brazilian Water Resources refer to the various bodies of water, such as rivers, lakes, and aquifers, that are found within the borders of Brazil and are essential for supporting the country's ecosystems and human populations.
Reservoirs: Artificial lakes created by damming rivers, used for water supply, flood control, hydropower generation, and recreational activities.
"Reservoirs" is a subcategory of "Brazilian Water Resources". The following description outlines the characteristics of a subcategory of "Reservoirs". Provide a concise and unambiguous name for it. Provide only the name without any explanation. Description: Reservoirs that provide opportunities for leisure activities such as boating, fishing, and swimming.
Recreational Reservoirs
2024-03-12 03:01:49,897 INFO Task-77 Prompt:
Brazilian Water Resources: Brazilian Water Resources refer to the various bodies of water, such as rivers, lakes, and aquifers, that are found within the borders of Brazil and are essential for supporting the country's ecosystems and human populations.
Recreational reservoirs: Reservoirs that provide opportunities for leisure activities such as boating, fishing, and swimming.
Can "Recreational reservoirs" be considered a subcategory of "Brazilian Water Resources"? Answer only with yes or no.
Yes
2024-03-12 03:01:50,424 INFO Task-77 Prompt:
Brazilian Water Resources: Brazilian Water Resources refer to the various bodies of water, such as rivers, lakes, and aquifers, that are found within the borders of Brazil and are essential for supporting the country's ecosystems and human populations.
Reservoirs: Artificial lakes created by damming rivers, used for water supply, flood control, hydropower generation, and recreational activities.
Recreational reservoirs: Reservoirs that provide opportunities for leisure activities such as boating, fishing, and swimming.
"Reservoirs" is a subcategory of "Brazilian Water Resources". Is "Recreational reservoirs" typically understood as a subcategory of "Reservoirs"? Answer only with yes or no.
Yes
2024-03-12 03:01:50,925 INFO Task-92 Prompt:
Brazilian Water Resources: Brazilian Water Resources refer to the various bodies of water, such as rivers, lakes, and aquifers, that are found within the borders of Brazil and are essential for supporting the country's ecosystems and human populations.
Lakes: Inland bodies of water that vary in size and depth, serving as habitats for aquatic life and important for water storage and recreation.
Flood control reservoirs: Reservoirs built primarily to mitigate the impacts of flooding in downstream areas.
"Lakes" is a subcategory of "Brazilian Water Resources". Is "Flood control reservoirs" typically understood as a subcategory of "Lakes"? Answer only with yes or no.
No
2024-03-12 03:01:51,460 INFO Task-95 Prompt:
Brazilian Water Resources: Brazilian Water Resources refer to the various bodies of water, such as rivers, lakes, and aquifers, that are found within the borders of Brazil and are essential for supporting the country's ecosystems and human populations.
Flood control reservoirs: Reservoirs built primarily to mitigate the impacts of flooding in downstream areas.
Man-made lakes: Lakes created by human activities, such as damming rivers or excavating land.
"Flood control reservoirs" is a subcategory of "Brazilian Water Resources". Is "Man-made lakes" typically understood as a subcategory of "Flood control reservoirs"? Answer only with yes or no.
No
2024-03-12 03:01:52,023 INFO Task-101 Prompt:
Brazilian Water Resources: Brazilian Water Resources refer to the various bodies of water, such as rivers, lakes, and aquifers, that are found within the borders of Brazil and are essential for supporting the country's ecosystems and human populations.
Lakes: Inland bodies of water that vary in size and depth, serving as habitats for aquatic life and important for water storage and recreation.
Recreational reservoirs: Reservoirs that provide opportunities for leisure activities such as boating, fishing, and swimming.
"Lakes" is a subcategory of "Brazilian Water Resources". Is "Recreational reservoirs" typically understood as a subcategory of "Lakes"? Answer only with yes or no.
No
2024-03-12 03:01:52,391 INFO Task-104 Prompt:
Brazilian Water Resources: Brazilian Water Resources refer to the various bodies of water, such as rivers, lakes, and aquifers, that are found within the borders of Brazil and are essential for supporting the country's ecosystems and human populations.
Flood control reservoirs: Reservoirs built primarily to mitigate the impacts of flooding in downstream areas.
Recreational reservoirs: Reservoirs that provide opportunities for leisure activities such as boating, fishing, and swimming.
"Flood control reservoirs" is a subcategory of "Brazilian Water Resources". Is "Recreational reservoirs" typically understood as a subcategory of "Flood control reservoirs"? Answer only with yes or no.
No
2024-03-12 03:01:52,732 INFO Task-106 Prompt:
Brazilian Water Resources: Brazilian Water Resources refer to the various bodies of water, such as rivers, lakes, and aquifers, that are found within the borders of Brazil and are essential for supporting the country's ecosystems and human populations.
Recreational reservoirs: Reservoirs that provide opportunities for leisure activities such as boating, fishing, and swimming.
Flood control reservoirs: Reservoirs built primarily to mitigate the impacts of flooding in downstream areas.
"Recreational reservoirs" is a subcategory of "Brazilian Water Resources". Is "Flood control reservoirs" typically understood as a subcategory of "Recreational reservoirs"? Answer only with yes or no.
No
2024-03-12 03:01:53,306 INFO Task-105 Prompt:
Brazilian Water Resources: Brazilian Water Resources refer to the various bodies of water, such as rivers, lakes, and aquifers, that are found within the borders of Brazil and are essential for supporting the country's ecosystems and human populations.
Recreational reservoirs: Reservoirs that provide opportunities for leisure activities such as boating, fishing, and swimming.
Man-made lakes: Lakes created by human activities, such as damming rivers or excavating land.
"Recreational reservoirs" is a subcategory of "Brazilian Water Resources". Is "Man-made lakes" typically understood as a subcategory of "Recreational reservoirs"? Answer only with yes or no.
No
