2024-03-12 03:01:22,130 INFO Task-3 Prompt:
Brazilian Water Resources: Brazilian Water Resources refer to the various bodies of water, such as rivers, lakes, and aquifers, that are found within the borders of Brazil and are essential for supporting the country's ecosystems and human populations.
Amazon delta: The Amazon delta is a region where the Amazon River meets the Atlantic Ocean, forming a complex network of waterways and ecosystems.
Is "Amazon delta" a specific instance or a subcategory of the category "Brazilian Water Resources"? Answer only with "Instance" or "Subcategory".
Instance
2024-03-12 03:01:22,135 INFO Task-7 Prompt:
Brazilian Water Resources: Brazilian Water Resources refer to the various bodies of water, such as rivers, lakes, and aquifers, that are found within the borders of Brazil and are essential for supporting the country's ecosystems and human populations.
Brazilian coastal waters: The marine waters along Brazil's extensive coastline, home to diverse marine life and important for fisheries and tourism.
Is "Brazilian coastal waters" a specific instance or a subcategory of the category "Brazilian Water Resources"? Answer only with "Instance" or "Subcategory".
Instance
2024-03-12 03:01:22,268 INFO Task-8 Prompt:
Brazilian Water Resources: Brazilian Water Resources refer to the various bodies of water, such as rivers, lakes, and aquifers, that are found within the borders of Brazil and are essential for supporting the country's ecosystems and human populations.
Guarani aquifer: One of the world's largest aquifer systems, providing groundwater resources to several South American countries, including Brazil.
Is "Guarani aquifer" a specific instance or a subcategory of the category "Brazilian Water Resources"? Answer only with "Instance" or "Subcategory".
Instance
2024-03-12 03:01:22,322 INFO Task-4 Prompt:
Brazilian Water Resources: Brazilian Water Resources refer to the various bodies of water, such as rivers, lakes, and aquifers, that are found within the borders of Brazil and are essential for supporting the country's ecosystems and human populations.
Amazon rainforest rivers: Rivers that flow through the Amazon rainforest, playing a crucial role in the region's biodiversity and hydrological cycle.
Is "Amazon rainforest rivers" a specific instance or a subcategory of the category "Brazilian Water Resources"? Answer only with "Instance" or "Subcategory".
Instance
2024-03-12 03:01:22,335 INFO Task-12 Prompt:
Brazilian Water Resources: Brazilian Water Resources refer to the various bodies of water, such as rivers, lakes, and aquifers, that are found within the borders of Brazil and are essential for supporting the country's ecosystems and human populations.
Tocantins-araguaia river basin: The basin of the Tocantins and Araguaia rivers, supporting diverse ecosystems and economic activities in central Brazil.
Is "Tocantins-araguaia river basin" a specific instance or a subcategory of the category "Brazilian Water Resources"? Answer only with "Instance" or "Subcategory".
Instance
2024-03-12 03:01:22,397 INFO Task-11 Prompt:
Brazilian Water Resources: Brazilian Water Resources refer to the various bodies of water, such as rivers, lakes, and aquifers, that are found within the borders of Brazil and are essential for supporting the country's ecosystems and human populations.
São francisco river basin: The basin of the São Francisco River, an important water source for agriculture and human settlements in northeastern Brazil.
Is "São francisco river basin" a specific instance or a subcategory of the category "Brazilian Water Resources"? Answer only with "Instance" or "Subcategory".
Instance
2024-03-12 03:01:22,623 INFO Task-9 Prompt:
Brazilian Water Resources: Brazilian Water Resources refer to the various bodies of water, such as rivers, lakes, and aquifers, that are found within the borders of Brazil and are essential for supporting the country's ecosystems and human populations.
Pantanal wetlands: The world's largest tropical wetland area, characterized by seasonal flooding and rich biodiversity.
Is "Pantanal wetlands" a specific instance or a subcategory of the category "Brazilian Water Resources"? Answer only with "Instance" or "Subcategory".
Instance
2024-03-12 03:01:22,655 INFO Task-10 Prompt:
Brazilian Water Resources: Brazilian Water Resources refer to the various bodies of water, such as rivers, lakes, and aquifers, that are found within the borders of Brazil and are essential for supporting the country's ecosystems and human populations.
Paraná river basin: A major river basin in South America, including the Paraná River and its tributaries, supporting agriculture and hydroelectric power generation.
Is "Paraná river basin" a specific instance or a subcategory of the category "Brazilian Water Resources"? Answer only with "Instance" or "Subcategory".
Instance
2024-03-12 03:01:22,771 INFO Task-18 Prompt:
Brazilian Water Resources: Brazilian Water Resources refer to the various bodies of water, such as rivers, lakes, and aquifers, that are found within the borders of Brazil and are essential for supporting the country's ecosystems and human populations.
Rivers: Natural watercourses that flow towards oceans, lakes, or other rivers, playing a key role in transporting water, sediment, and nutrients across landscapes.
Is "Rivers" a part or a subcategory of the category "Brazilian Water Resources"? Answer only with "Part" or "Subcategory".
Part
2024-03-12 03:01:23,033 INFO Task-13 Prompt:
Brazilian Water Resources: Brazilian Water Resources refer to the various bodies of water, such as rivers, lakes, and aquifers, that are found within the borders of Brazil and are essential for supporting the country's ecosystems and human populations.
Aquifers: Underground layers of rock or sediment that hold and transmit groundwater, serving as vital water sources for human consumption and agriculture.
Is "Aquifers" a part or a subcategory of the category "Brazilian Water Resources"? Answer only with "Part" or "Subcategory".
Part
2024-03-12 03:01:23,182 INFO Task-6 Prompt:
Brazilian Water Resources: Brazilian Water Resources refer to the various bodies of water, such as rivers, lakes, and aquifers, that are found within the borders of Brazil and are essential for supporting the country's ecosystems and human populations.
Atlantic forest rivers: Rivers that flow through the Atlantic forest biome, supporting unique flora and fauna in this biodiversity hotspot.
Is "Atlantic forest rivers" a part or a subcategory of the category "Brazilian Water Resources"? Answer only with "Part" or "Subcategory".
Part
2024-03-12 03:01:23,220 INFO Task-14 Prompt:
Brazilian Water Resources: Brazilian Water Resources refer to the various bodies of water, such as rivers, lakes, and aquifers, that are found within the borders of Brazil and are essential for supporting the country's ecosystems and human populations.
Coastal waters: The marine waters adjacent to coastlines, influenced by both terrestrial and oceanic processes and supporting diverse ecosystems.
Is "Coastal waters" a part or a subcategory of the category "Brazilian Water Resources"? Answer only with "Part" or "Subcategory".
Part
2024-03-12 03:01:23,279 INFO Task-15 Prompt:
Brazilian Water Resources: Brazilian Water Resources refer to the various bodies of water, such as rivers, lakes, and aquifers, that are found within the borders of Brazil and are essential for supporting the country's ecosystems and human populations.
Groundwater: Water stored beneath the Earth's surface in aquifers, providing a critical source of freshwater for drinking, irrigation, and industrial use.
Is "Groundwater" a part or a subcategory of the category "Brazilian Water Resources"? Answer only with "Part" or "Subcategory".
Part
2024-03-12 03:01:23,306 INFO Task-19 Prompt:
Brazilian Water Resources: Brazilian Water Resources refer to the various bodies of water, such as rivers, lakes, and aquifers, that are found within the borders of Brazil and are essential for supporting the country's ecosystems and human populations.
Wetlands: Ecosystems characterized by water saturation, supporting diverse plant and animal species and providing important ecological services.
Is "Wetlands" a part or a subcategory of the category "Brazilian Water Resources"? Answer only with "Part" or "Subcategory".
Part
2024-03-12 03:01:23,674 INFO Task-5 Prompt:
Brazilian Water Resources: Brazilian Water Resources refer to the various bodies of water, such as rivers, lakes, and aquifers, that are found within the borders of Brazil and are essential for supporting the country's ecosystems and human populations.
Amazon river basin: The vast drainage basin of the Amazon River, encompassing a significant portion of South America and hosting diverse aquatic ecosystems.
Is "Amazon river basin" a part or a subcategory of the category "Brazilian Water Resources"? Answer only with "Part" or "Subcategory".
Part
2024-03-12 03:01:32,482 INFO Task-49 Prompt:
Brazilian Water Resources: Brazilian Water Resources refer to the various bodies of water, such as rivers, lakes, and aquifers, that are found within the borders of Brazil and are essential for supporting the country's ecosystems and human populations.
Lakes: Inland bodies of water that vary in size and depth, serving as habitats for aquatic life and important for water storage and recreation.
Reservoirs: Artificial lakes created by damming rivers, used for water supply, flood control, hydropower generation, and recreational activities.
"Lakes" is a subcategory of "Brazilian Water Resources". Is "Reservoirs" typically understood as a subcategory of "Lakes"? Answer only with yes or no.
No
2024-03-12 03:01:33,115 INFO Task-48 Prompt:
Brazilian Water Resources: Brazilian Water Resources refer to the various bodies of water, such as rivers, lakes, and aquifers, that are found within the borders of Brazil and are essential for supporting the country's ecosystems and human populations.
Oxbow lakes: Curved, U-shaped bodies of water that form when a meandering river's bend is cut off from the main channel.
Is "Oxbow lakes" a specific instance or a subcategory of the category "Brazilian Water Resources"? Answer only with "Instance" or "Subcategory".
Instance
2024-03-12 03:01:33,565 INFO Task-49 Info:
Reservoirs renamed to Reservoirs
2024-03-12 03:01:34,732 INFO Task-50 Prompt:
Brazilian Water Resources: Brazilian Water Resources refer to the various bodies of water, such as rivers, lakes, and aquifers, that are found within the borders of Brazil and are essential for supporting the country's ecosystems and human populations.
Lakes: Inland bodies of water that vary in size and depth, serving as habitats for aquatic life and important for water storage and recreation.
Lagoons: Shallow coastal bodies of water separated from the ocean by barrier islands, sandbars, or coral reefs.
"Lakes" is a subcategory of "Brazilian Water Resources". Is "Lagoons" typically understood as a subcategory of "Lakes"? Answer only with yes or no.
No
2024-03-12 03:01:35,298 INFO Task-50 Info:
Lagoons renamed to Lagoons
2024-03-12 03:01:35,311 INFO Task-51 Prompt:
Brazilian Water Resources: Brazilian Water Resources refer to the various bodies of water, such as rivers, lakes, and aquifers, that are found within the borders of Brazil and are essential for supporting the country's ecosystems and human populations.
Lakes: Inland bodies of water that vary in size and depth, serving as habitats for aquatic life and important for water storage and recreation.
Man-made reservoirs: Artificial lakes created by constructing dams across rivers to store water for various purposes.
"Lakes" is a subcategory of "Brazilian Water Resources". Is "Man-made reservoirs" typically understood as a subcategory of "Lakes"? Answer only with yes or no.
No
2024-03-12 03:01:36,296 INFO Task-51 Info:
Man-made reservoirs renamed to Reservoirs
2024-03-12 03:01:37,279 INFO Task-51 Prompt:
Brazilian Water Resources: Brazilian Water Resources refer to the various bodies of water, such as rivers, lakes, and aquifers, that are found within the borders of Brazil and are essential for supporting the country's ecosystems and human populations.
Lakes: Inland bodies of water that vary in size and depth, serving as habitats for aquatic life and important for water storage and recreation.
Reservoirs: Artificial lakes created by constructing dams across rivers to store water for various purposes.
"Lakes" is a subcategory of "Brazilian Water Resources". Is "Reservoirs" typically understood as a subcategory of "Lakes"? Answer only with yes or no.
No
2024-03-12 03:01:46,756 INFO Task-76 Prompt:
Brazilian Water Resources: Brazilian Water Resources refer to the various bodies of water, such as rivers, lakes, and aquifers, that are found within the borders of Brazil and are essential for supporting the country's ecosystems and human populations.
Hydropower generation: Reservoirs used to store water that is released to generate electricity through hydropower plants.
Is "Hydropower generation" a specific instance or a subcategory of the category "Brazilian Water Resources"? Answer only with "Instance" or "Subcategory".
Instance
2024-03-12 03:01:46,940 INFO Task-79 Prompt:
Brazilian Water Resources: Brazilian Water Resources refer to the various bodies of water, such as rivers, lakes, and aquifers, that are found within the borders of Brazil and are essential for supporting the country's ecosystems and human populations.
Drinking water reservoirs: Reservoirs specifically designated for storing water intended for human consumption.
Is "Drinking water reservoirs" a specific instance or a subcategory of the category "Brazilian Water Resources"? Answer only with "Instance" or "Subcategory".
Instance
2024-03-12 03:01:47,091 INFO Task-81 Prompt:
Brazilian Water Resources: Brazilian Water Resources refer to the various bodies of water, such as rivers, lakes, and aquifers, that are found within the borders of Brazil and are essential for supporting the country's ecosystems and human populations.
Hydropower reservoirs: Reservoirs that are integral components of hydropower systems for electricity generation.
Is "Hydropower reservoirs" a specific instance or a subcategory of the category "Brazilian Water Resources"? Answer only with "Instance" or "Subcategory".
Instance
2024-03-12 03:01:47,384 INFO Task-82 Prompt:
Brazilian Water Resources: Brazilian Water Resources refer to the various bodies of water, such as rivers, lakes, and aquifers, that are found within the borders of Brazil and are essential for supporting the country's ecosystems and human populations.
Irrigation reservoirs: Reservoirs used to store water for agricultural irrigation purposes.
Is "Irrigation reservoirs" a part or a subcategory of the category "Brazilian Water Resources"? Answer only with "Part" or "Subcategory".
Part
2024-03-12 03:01:47,420 INFO Task-83 Prompt:
Brazilian Water Resources: Brazilian Water Resources refer to the various bodies of water, such as rivers, lakes, and aquifers, that are found within the borders of Brazil and are essential for supporting the country's ecosystems and human populations.
Large reservoirs: Reservoirs with a significant storage capacity, often used for multiple purposes such as water supply, hydropower, and flood control.
Is "Large reservoirs" a part or a subcategory of the category "Brazilian Water Resources"? Answer only with "Part" or "Subcategory".
Part
2024-03-12 03:01:47,461 INFO Task-75 Prompt:
Brazilian Water Resources: Brazilian Water Resources refer to the various bodies of water, such as rivers, lakes, and aquifers, that are found within the borders of Brazil and are essential for supporting the country's ecosystems and human populations.
Flood control: Reservoirs used to store excess water during periods of heavy rainfall to prevent flooding downstream.
Is "Flood control" a part or a subcategory of the category "Brazilian Water Resources"? Answer only with "Part" or "Subcategory".
Part
2024-03-12 03:01:47,862 INFO Task-78 Prompt:
Brazilian Water Resources: Brazilian Water Resources refer to the various bodies of water, such as rivers, lakes, and aquifers, that are found within the borders of Brazil and are essential for supporting the country's ecosystems and human populations.
Water supply: Reservoirs that store water for municipal, industrial, and agricultural use.
Is "Water supply" a part or a subcategory of the category "Brazilian Water Resources"? Answer only with "Part" or "Subcategory".
Part
2024-03-12 03:01:48,368 INFO Task-77 Prompt:
Brazilian Water Resources: Brazilian Water Resources refer to the various bodies of water, such as rivers, lakes, and aquifers, that are found within the borders of Brazil and are essential for supporting the country's ecosystems and human populations.
Recreational activities: Reservoirs that provide opportunities for leisure activities such as boating, fishing, and swimming.
Can "Recreational activities" be considered a subcategory of "Brazilian Water Resources"? Answer only with yes or no.
No
2024-03-12 03:01:49,337 INFO Task-77 Info:
Recreational activities renamed to Recreational reservoirs
