2024-03-12 03:08:51,903 INFO Task-2 Prompt:
Brazilian Water Resources: Brazilian Water Resources refer to the various bodies of water, such as rivers, lakes, and aquifers, that are found within the borders of Brazil and are essential for supporting the country's ecosystems and human populations.
Amazon delta: The Amazon delta is a region where the Amazon River meets the Atlantic Ocean, forming a complex network of waterways and ecosystems.
Is "Amazon delta" a specific instance or a subcategory of the category "Brazilian Water Resources"? Answer only with "Instance" or "Subcategory".
Instance
2024-03-12 03:08:51,904 INFO Task-3 Prompt:
Brazilian Water Resources: Brazilian Water Resources refer to the various bodies of water, such as rivers, lakes, and aquifers, that are found within the borders of Brazil and are essential for supporting the country's ecosystems and human populations.
Amazon rainforest rivers: Rivers that flow through the Amazon rainforest, playing a crucial role in the region's biodiversity and hydrological cycle.
Is "Amazon rainforest rivers" a specific instance or a subcategory of the category "Brazilian Water Resources"? Answer only with "Instance" or "Subcategory".
Instance
2024-03-12 03:08:51,905 INFO Task-4 Prompt:
Brazilian Water Resources: Brazilian Water Resources refer to the various bodies of water, such as rivers, lakes, and aquifers, that are found within the borders of Brazil and are essential for supporting the country's ecosystems and human populations.
Amazon river basin: The vast drainage basin of the Amazon River, encompassing a significant portion of South America and hosting diverse aquatic ecosystems.
Is "Amazon river basin" a part or a subcategory of the category "Brazilian Water Resources"? Answer only with "Part" or "Subcategory".
Part
2024-03-12 03:08:51,905 INFO Task-5 Prompt:
Brazilian Water Resources: Brazilian Water Resources refer to the various bodies of water, such as rivers, lakes, and aquifers, that are found within the borders of Brazil and are essential for supporting the country's ecosystems and human populations.
Atlantic forest rivers: Rivers that flow through the Atlantic forest biome, supporting unique flora and fauna in this biodiversity hotspot.
Is "Atlantic forest rivers" a part or a subcategory of the category "Brazilian Water Resources"? Answer only with "Part" or "Subcategory".
Part
2024-03-12 03:08:51,905 INFO Task-6 Prompt:
Brazilian Water Resources: Brazilian Water Resources refer to the various bodies of water, such as rivers, lakes, and aquifers, that are found within the borders of Brazil and are essential for supporting the country's ecosystems and human populations.
Brazilian coastal waters: The marine waters along Brazil's extensive coastline, home to diverse marine life and important for fisheries and tourism.
Is "Brazilian coastal waters" a specific instance or a subcategory of the category "Brazilian Water Resources"? Answer only with "Instance" or "Subcategory".
Instance
2024-03-12 03:08:51,906 INFO Task-7 Prompt:
Brazilian Water Resources: Brazilian Water Resources refer to the various bodies of water, such as rivers, lakes, and aquifers, that are found within the borders of Brazil and are essential for supporting the country's ecosystems and human populations.
Guarani aquifer: One of the world's largest aquifer systems, providing groundwater resources to several South American countries, including Brazil.
Is "Guarani aquifer" a specific instance or a subcategory of the category "Brazilian Water Resources"? Answer only with "Instance" or "Subcategory".
Instance
2024-03-12 03:08:51,906 INFO Task-8 Prompt:
Brazilian Water Resources: Brazilian Water Resources refer to the various bodies of water, such as rivers, lakes, and aquifers, that are found within the borders of Brazil and are essential for supporting the country's ecosystems and human populations.
Pantanal wetlands: The world's largest tropical wetland area, characterized by seasonal flooding and rich biodiversity.
Is "Pantanal wetlands" a specific instance or a subcategory of the category "Brazilian Water Resources"? Answer only with "Instance" or "Subcategory".
Instance
2024-03-12 03:08:51,906 INFO Task-9 Prompt:
Brazilian Water Resources: Brazilian Water Resources refer to the various bodies of water, such as rivers, lakes, and aquifers, that are found within the borders of Brazil and are essential for supporting the country's ecosystems and human populations.
Paraná river basin: A major river basin in South America, including the Paraná River and its tributaries, supporting agriculture and hydroelectric power generation.
Is "Paraná river basin" a specific instance or a subcategory of the category "Brazilian Water Resources"? Answer only with "Instance" or "Subcategory".
Instance
2024-03-12 03:08:51,906 INFO Task-10 Prompt:
Brazilian Water Resources: Brazilian Water Resources refer to the various bodies of water, such as rivers, lakes, and aquifers, that are found within the borders of Brazil and are essential for supporting the country's ecosystems and human populations.
São francisco river basin: The basin of the São Francisco River, an important water source for agriculture and human settlements in northeastern Brazil.
Is "São francisco river basin" a specific instance or a subcategory of the category "Brazilian Water Resources"? Answer only with "Instance" or "Subcategory".
Instance
2024-03-12 03:08:51,906 INFO Task-11 Prompt:
Brazilian Water Resources: Brazilian Water Resources refer to the various bodies of water, such as rivers, lakes, and aquifers, that are found within the borders of Brazil and are essential for supporting the country's ecosystems and human populations.
Tocantins-araguaia river basin: The basin of the Tocantins and Araguaia rivers, supporting diverse ecosystems and economic activities in central Brazil.
Is "Tocantins-araguaia river basin" a specific instance or a subcategory of the category "Brazilian Water Resources"? Answer only with "Instance" or "Subcategory".
Instance
2024-03-12 03:08:51,906 INFO Task-12 Prompt:
Brazilian Water Resources: Brazilian Water Resources refer to the various bodies of water, such as rivers, lakes, and aquifers, that are found within the borders of Brazil and are essential for supporting the country's ecosystems and human populations.
Aquifers: Underground layers of rock or sediment that hold and transmit groundwater, serving as vital water sources for human consumption and agriculture.
Is "Aquifers" a part or a subcategory of the category "Brazilian Water Resources"? Answer only with "Part" or "Subcategory".
Part
2024-03-12 03:08:51,906 INFO Task-13 Prompt:
Brazilian Water Resources: Brazilian Water Resources refer to the various bodies of water, such as rivers, lakes, and aquifers, that are found within the borders of Brazil and are essential for supporting the country's ecosystems and human populations.
Coastal waters: The marine waters adjacent to coastlines, influenced by both terrestrial and oceanic processes and supporting diverse ecosystems.
Is "Coastal waters" a part or a subcategory of the category "Brazilian Water Resources"? Answer only with "Part" or "Subcategory".
Part
2024-03-12 03:08:51,906 INFO Task-14 Prompt:
Brazilian Water Resources: Brazilian Water Resources refer to the various bodies of water, such as rivers, lakes, and aquifers, that are found within the borders of Brazil and are essential for supporting the country's ecosystems and human populations.
Groundwater: Water stored beneath the Earth's surface in aquifers, providing a critical source of freshwater for drinking, irrigation, and industrial use.
Is "Groundwater" a part or a subcategory of the category "Brazilian Water Resources"? Answer only with "Part" or "Subcategory".
Part
2024-03-12 03:08:51,906 INFO Task-17 Prompt:
Brazilian Water Resources: Brazilian Water Resources refer to the various bodies of water, such as rivers, lakes, and aquifers, that are found within the borders of Brazil and are essential for supporting the country's ecosystems and human populations.
Rivers: Natural watercourses that flow towards oceans, lakes, or other rivers, playing a key role in transporting water, sediment, and nutrients across landscapes.
Is "Rivers" a part or a subcategory of the category "Brazilian Water Resources"? Answer only with "Part" or "Subcategory".
Part
2024-03-12 03:08:51,906 INFO Task-18 Prompt:
Brazilian Water Resources: Brazilian Water Resources refer to the various bodies of water, such as rivers, lakes, and aquifers, that are found within the borders of Brazil and are essential for supporting the country's ecosystems and human populations.
Wetlands: Ecosystems characterized by water saturation, supporting diverse plant and animal species and providing important ecological services.
Is "Wetlands" a part or a subcategory of the category "Brazilian Water Resources"? Answer only with "Part" or "Subcategory".
Part
2024-03-12 03:08:51,906 INFO Task-20 Prompt:
Brazilian Water Resources: Brazilian Water Resources refer to the various bodies of water, such as rivers, lakes, and aquifers, that are found within the borders of Brazil and are essential for supporting the country's ecosystems and human populations.
Surface water: Water found in rivers, lakes, and reservoirs on the Earth's surface.
Is "Surface water" a part or a subcategory of the category "Brazilian Water Resources"? Answer only with "Part" or "Subcategory".
Part
2024-03-12 03:08:51,906 INFO Task-21 Prompt:
Brazilian Water Resources: Brazilian Water Resources refer to the various bodies of water, such as rivers, lakes, and aquifers, that are found within the borders of Brazil and are essential for supporting the country's ecosystems and human populations.
Waterfalls: Vertical drops in a river or stream caused by changes in the riverbed's elevation.
Is "Waterfalls" a specific instance or a subcategory of the category "Brazilian Water Resources"? Answer only with "Instance" or "Subcategory".
Instance
2024-03-12 03:08:51,906 INFO Task-41 Prompt:
Brazilian Water Resources: Brazilian Water Resources refer to the various bodies of water, such as rivers, lakes, and aquifers, that are found within the borders of Brazil and are essential for supporting the country's ecosystems and human populations.
Amazon: Lakes located in the Amazon region of Brazil.
Is "Amazon" a specific instance or a subcategory of the category "Brazilian Water Resources"? Answer only with "Instance" or "Subcategory".
Instance
2024-03-12 03:08:51,906 INFO Task-42 Prompt:
Brazilian Water Resources: Brazilian Water Resources refer to the various bodies of water, such as rivers, lakes, and aquifers, that are found within the borders of Brazil and are essential for supporting the country's ecosystems and human populations.
Pantanal: Lakes found in the Pantanal wetlands.
Is "Pantanal" a specific instance or a subcategory of the category "Brazilian Water Resources"? Answer only with "Instance" or "Subcategory".
Instance
2024-03-12 03:08:51,906 INFO Task-43 Prompt:
Brazilian Water Resources: Brazilian Water Resources refer to the various bodies of water, such as rivers, lakes, and aquifers, that are found within the borders of Brazil and are essential for supporting the country's ecosystems and human populations.
Parana-paraguay: Lakes associated with the Parana-Paraguay river system.
Is "Parana-paraguay" a specific instance or a subcategory of the category "Brazilian Water Resources"? Answer only with "Instance" or "Subcategory".
Instance
2024-03-12 03:08:51,906 INFO Task-44 Prompt:
Brazilian Water Resources: Brazilian Water Resources refer to the various bodies of water, such as rivers, lakes, and aquifers, that are found within the borders of Brazil and are essential for supporting the country's ecosystems and human populations.
Rio negro: Lakes connected to the Rio Negro river.
Is "Rio negro" a specific instance or a subcategory of the category "Brazilian Water Resources"? Answer only with "Instance" or "Subcategory".
Instance
2024-03-12 03:08:51,906 INFO Task-45 Prompt:
Brazilian Water Resources: Brazilian Water Resources refer to the various bodies of water, such as rivers, lakes, and aquifers, that are found within the borders of Brazil and are essential for supporting the country's ecosystems and human populations.
Tocantins-araguaia: Lakes related to the Tocantins-Araguaia river basin.
Is "Tocantins-araguaia" a specific instance or a subcategory of the category "Brazilian Water Resources"? Answer only with "Instance" or "Subcategory".
Instance
2024-03-12 03:08:51,906 INFO Task-46 Prompt:
Brazilian Water Resources: Brazilian Water Resources refer to the various bodies of water, such as rivers, lakes, and aquifers, that are found within the borders of Brazil and are essential for supporting the country's ecosystems and human populations.
Artificial lakes: Man-made lakes created for various purposes.
Is "Artificial lakes" a part or a subcategory of the category "Brazilian Water Resources"? Answer only with "Part" or "Subcategory".
Part
2024-03-12 03:08:51,906 INFO Task-47 Prompt:
Brazilian Water Resources: Brazilian Water Resources refer to the various bodies of water, such as rivers, lakes, and aquifers, that are found within the borders of Brazil and are essential for supporting the country's ecosystems and human populations.
Crater lakes: Lakes formed in volcanic craters.
Can "Crater lakes" be considered a subcategory of "Brazilian Water Resources"? Answer only with yes or no.
No
2024-03-12 03:08:51,906 INFO Task-47 Info:
Crater lakes renamed to Volcanic crater lakes
2024-03-12 03:08:51,906 INFO Task-47 Prompt:
Brazilian Water Resources: Brazilian Water Resources refer to the various bodies of water, such as rivers, lakes, and aquifers, that are found within the borders of Brazil and are essential for supporting the country's ecosystems and human populations.
Volcanic crater lakes: Lakes formed in volcanic craters.
Can "Volcanic crater lakes" be considered a subcategory of "Brazilian Water Resources"? Answer only with yes or no.
No
2024-03-12 03:08:51,906 INFO Task-48 Prompt:
Brazilian Water Resources: Brazilian Water Resources refer to the various bodies of water, such as rivers, lakes, and aquifers, that are found within the borders of Brazil and are essential for supporting the country's ecosystems and human populations.
Glacial lakes: Lakes formed by the melting of glaciers.
Is "Glacial lakes" a part or a subcategory of the category "Brazilian Water Resources"? Answer only with "Part" or "Subcategory".
Part
2024-03-12 03:08:51,906 INFO Task-50 Prompt:
Brazilian Water Resources: Brazilian Water Resources refer to the various bodies of water, such as rivers, lakes, and aquifers, that are found within the borders of Brazil and are essential for supporting the country's ecosystems and human populations.
Oxbow lakes: Curved, U-shaped bodies of water that form when a meandering river's bend is cut off from the main channel.
Is "Oxbow lakes" a specific instance or a subcategory of the category "Brazilian Water Resources"? Answer only with "Instance" or "Subcategory".
Instance
2024-03-12 03:08:51,919 INFO Task-52 Prompt:
Brazilian Water Resources: Brazilian Water Resources refer to the various bodies of water, such as rivers, lakes, and aquifers, that are found within the borders of Brazil and are essential for supporting the country's ecosystems and human populations.
Saltwater lakes: Lakes with high salinity levels.
Is "Saltwater lakes" a part or a subcategory of the category "Brazilian Water Resources"? Answer only with "Part" or "Subcategory".
Part
2024-03-12 03:08:51,921 INFO Task-54 Prompt:
Brazilian Water Resources: Brazilian Water Resources refer to the various bodies of water, such as rivers, lakes, and aquifers, that are found within the borders of Brazil and are essential for supporting the country's ecosystems and human populations.
Lakes: Inland bodies of water that vary in size and depth, serving as habitats for aquatic life and important for water storage and recreation.
Reservoirs: Artificial lakes created by damming rivers, used for water supply, flood control, hydropower generation, and recreational activities.
"Lakes" is a subcategory of "Brazilian Water Resources". Is "Reservoirs" typically understood as a subcategory of "Lakes"? Answer only with yes or no.
No
2024-03-12 03:08:51,921 INFO Task-54 Info:
Reservoirs renamed to Reservoirs
2024-03-12 03:08:51,922 INFO Task-55 Prompt:
Brazilian Water Resources: Brazilian Water Resources refer to the various bodies of water, such as rivers, lakes, and aquifers, that are found within the borders of Brazil and are essential for supporting the country's ecosystems and human populations.
Lakes: Inland bodies of water that vary in size and depth, serving as habitats for aquatic life and important for water storage and recreation.
Lagoons: Shallow coastal bodies of water separated from the ocean by barrier islands, sandbars, or coral reefs.
"Lakes" is a subcategory of "Brazilian Water Resources". Is "Lagoons" typically understood as a subcategory of "Lakes"? Answer only with yes or no.
No
2024-03-12 03:08:51,922 INFO Task-55 Info:
Lagoons renamed to Lagoons
2024-03-12 03:08:51,923 INFO Task-56 Prompt:
Brazilian Water Resources: Brazilian Water Resources refer to the various bodies of water, such as rivers, lakes, and aquifers, that are found within the borders of Brazil and are essential for supporting the country's ecosystems and human populations.
Lakes: Inland bodies of water that vary in size and depth, serving as habitats for aquatic life and important for water storage and recreation.
Man-made reservoirs: Artificial lakes created by constructing dams across rivers to store water for various purposes.
"Lakes" is a subcategory of "Brazilian Water Resources". Is "Man-made reservoirs" typically understood as a subcategory of "Lakes"? Answer only with yes or no.
No
2024-03-12 03:08:51,923 INFO Task-56 Info:
Man-made reservoirs renamed to Reservoirs
2024-03-12 03:08:51,924 INFO Task-56 Prompt:
Brazilian Water Resources: Brazilian Water Resources refer to the various bodies of water, such as rivers, lakes, and aquifers, that are found within the borders of Brazil and are essential for supporting the country's ecosystems and human populations.
Lakes: Inland bodies of water that vary in size and depth, serving as habitats for aquatic life and important for water storage and recreation.
Reservoirs: Artificial lakes created by constructing dams across rivers to store water for various purposes.
"Lakes" is a subcategory of "Brazilian Water Resources". Is "Reservoirs" typically understood as a subcategory of "Lakes"? Answer only with yes or no.
No
2024-03-12 03:08:51,928 INFO Task-1 Prompt:
"X" is a subcategory of "Y" if every element of "X" is also an element of "Y". In other words, "X" is a subset of "Y". This means the more general term of them is "Y". "Y" is a more general category that includes "X" as a subcategory.
Brazilian Water Resources: Brazilian Water Resources refer to the various bodies of water, such as rivers, lakes, and aquifers, that are found within the borders of Brazil and are essential for supporting the country's ecosystems and human populations.
Lakes: Inland bodies of water that vary in size and depth, serving as habitats for aquatic life and important for water storage and recreation.
Natural lakes: Lakes that form naturally through geological processes, such as glacial, volcanic, or tectonic activity.
Consider the terms "Lakes" and "Natural lakes". Which of the terms is a subcategory of the other one? Answer in the following scheme: [[X]] is a subcategory of [[Y]].
[[Natural lakes]] is a subcategory of [[Lakes]].
2024-03-12 03:08:51,931 INFO Task-1 Prompt:
"X" is a subcategory of "Y" if every element of "X" is also an element of "Y". In other words, "X" is a subset of "Y". This means the more general term of them is "Y". "Y" is a more general category that includes "X" as a subcategory.
Brazilian Water Resources: Brazilian Water Resources refer to the various bodies of water, such as rivers, lakes, and aquifers, that are found within the borders of Brazil and are essential for supporting the country's ecosystems and human populations.
Freshwater lakes: Lakes with predominantly fresh water.
Natural lakes: Lakes that form naturally through geological processes, such as glacial, volcanic, or tectonic activity.
Consider the terms "Freshwater lakes" and "Natural lakes". Which of the terms is a subcategory of the other one? Answer in the following scheme: [[X]] is a subcategory of [[Y]].
[[Freshwater lakes]] is a subcategory of [[Natural lakes]].
2024-03-12 03:08:55,554 INFO Task-93 Prompt:
Brazilian Water Resources: Brazilian Water Resources refer to the various bodies of water, such as rivers, lakes, and aquifers, that are found within the borders of Brazil and are essential for supporting the country's ecosystems and human populations.
Reservoirs: Artificial lakes created by damming rivers, used for water supply, flood control, hydropower generation, and recreational activities.
Drinking water supply: Drinking water supply is a subcategory of Reservoirs. Artificial lakes created by damming rivers, used for water supply, flood control, hydropower generation, and recreational activities.
"Reservoirs" is a subcategory of "Brazilian Water Resources". Is "Drinking water supply" typically understood as a subcategory of "Reservoirs"? Answer only with yes or no.
No
2024-03-12 03:08:55,555 INFO Task-93 Info:
Drinking water supply renamed to Drinking water supply
2024-03-12 03:08:55,556 INFO Task-94 Prompt:
Brazilian Water Resources: Brazilian Water Resources refer to the various bodies of water, such as rivers, lakes, and aquifers, that are found within the borders of Brazil and are essential for supporting the country's ecosystems and human populations.
Flood control: Reservoirs used to store excess water during periods of heavy rainfall to prevent flooding downstream.
Is "Flood control" a part or a subcategory of the category "Brazilian Water Resources"? Answer only with "Part" or "Subcategory".
Part
2024-03-12 03:08:55,557 INFO Task-95 Prompt:
Brazilian Water Resources: Brazilian Water Resources refer to the various bodies of water, such as rivers, lakes, and aquifers, that are found within the borders of Brazil and are essential for supporting the country's ecosystems and human populations.
Hydropower generation: Reservoirs used to store water that is released to generate electricity through hydropower plants.
Is "Hydropower generation" a specific instance or a subcategory of the category "Brazilian Water Resources"? Answer only with "Instance" or "Subcategory".
Instance
2024-03-12 03:08:55,560 INFO Task-97 Prompt:
Brazilian Water Resources: Brazilian Water Resources refer to the various bodies of water, such as rivers, lakes, and aquifers, that are found within the borders of Brazil and are essential for supporting the country's ecosystems and human populations.
Recreational activities: Reservoirs that provide opportunities for leisure activities such as boating, fishing, and swimming.
Can "Recreational activities" be considered a subcategory of "Brazilian Water Resources"? Answer only with yes or no.
No
2024-03-12 03:08:55,561 INFO Task-97 Info:
Recreational activities renamed to Recreational reservoirs
2024-03-12 03:08:55,564 INFO Task-98 Prompt:
Brazilian Water Resources: Brazilian Water Resources refer to the various bodies of water, such as rivers, lakes, and aquifers, that are found within the borders of Brazil and are essential for supporting the country's ecosystems and human populations.
Water supply: Reservoirs that store water for municipal, industrial, and agricultural use.
Is "Water supply" a part or a subcategory of the category "Brazilian Water Resources"? Answer only with "Part" or "Subcategory".
Part
2024-03-12 03:08:55,565 INFO Task-99 Prompt:
Brazilian Water Resources: Brazilian Water Resources refer to the various bodies of water, such as rivers, lakes, and aquifers, that are found within the borders of Brazil and are essential for supporting the country's ecosystems and human populations.
Drinking water reservoirs: Reservoirs specifically designated for storing water intended for human consumption.
Is "Drinking water reservoirs" a specific instance or a subcategory of the category "Brazilian Water Resources"? Answer only with "Instance" or "Subcategory".
Instance
2024-03-12 03:08:55,567 INFO Task-101 Prompt:
Brazilian Water Resources: Brazilian Water Resources refer to the various bodies of water, such as rivers, lakes, and aquifers, that are found within the borders of Brazil and are essential for supporting the country's ecosystems and human populations.
Hydropower reservoirs: Reservoirs that are integral components of hydropower systems for electricity generation.
Is "Hydropower reservoirs" a specific instance or a subcategory of the category "Brazilian Water Resources"? Answer only with "Instance" or "Subcategory".
Instance
2024-03-12 03:08:55,568 INFO Task-102 Prompt:
Brazilian Water Resources: Brazilian Water Resources refer to the various bodies of water, such as rivers, lakes, and aquifers, that are found within the borders of Brazil and are essential for supporting the country's ecosystems and human populations.
Irrigation reservoirs: Reservoirs used to store water for agricultural irrigation purposes.
Is "Irrigation reservoirs" a part or a subcategory of the category "Brazilian Water Resources"? Answer only with "Part" or "Subcategory".
Part
2024-03-12 03:08:55,568 INFO Task-103 Prompt:
Brazilian Water Resources: Brazilian Water Resources refer to the various bodies of water, such as rivers, lakes, and aquifers, that are found within the borders of Brazil and are essential for supporting the country's ecosystems and human populations.
Large reservoirs: Reservoirs with a significant storage capacity, often used for multiple purposes such as water supply, hydropower, and flood control.
Is "Large reservoirs" a part or a subcategory of the category "Brazilian Water Resources"? Answer only with "Part" or "Subcategory".
Part
2024-03-12 03:08:55,578 INFO Task-151 Prompt:
Brazilian Water Resources: Brazilian Water Resources refer to the various bodies of water, such as rivers, lakes, and aquifers, that are found within the borders of Brazil and are essential for supporting the country's ecosystems and human populations.
Brackish water: Water that has more salinity than freshwater but less salinity than seawater.
Is "Brackish water" a specific instance or a subcategory of the category "Brazilian Water Resources"? Answer only with "Instance" or "Subcategory".
Instance
2024-03-12 03:08:55,579 INFO Task-152 Prompt:
Brazilian Water Resources: Brazilian Water Resources refer to the various bodies of water, such as rivers, lakes, and aquifers, that are found within the borders of Brazil and are essential for supporting the country's ecosystems and human populations.
Estuarine species habitat: Habitats within estuaries that support a diverse range of plant and animal species.
Is "Estuarine species habitat" a specific instance or a subcategory of the category "Brazilian Water Resources"? Answer only with "Instance" or "Subcategory".
Instance
2024-03-12 03:08:55,579 INFO Task-153 Prompt:
Brazilian Water Resources: Brazilian Water Resources refer to the various bodies of water, such as rivers, lakes, and aquifers, that are found within the borders of Brazil and are essential for supporting the country's ecosystems and human populations.
Mangrove forests: Coastal ecosystems dominated by salt-tolerant mangrove trees.
Is "Mangrove forests" a specific instance or a subcategory of the category "Brazilian Water Resources"? Answer only with "Instance" or "Subcategory".
Instance
2024-03-12 03:08:55,579 INFO Task-154 Prompt:
Brazilian Water Resources: Brazilian Water Resources refer to the various bodies of water, such as rivers, lakes, and aquifers, that are found within the borders of Brazil and are essential for supporting the country's ecosystems and human populations.
Salt marshes: Coastal wetlands that are flooded and drained by saltwater brought in by the tides.
Is "Salt marshes" a part or a subcategory of the category "Brazilian Water Resources"? Answer only with "Part" or "Subcategory".
Part
2024-03-12 03:08:55,579 INFO Task-155 Prompt:
Brazilian Water Resources: Brazilian Water Resources refer to the various bodies of water, such as rivers, lakes, and aquifers, that are found within the borders of Brazil and are essential for supporting the country's ecosystems and human populations.
Tidal flats: Coastal areas that are exposed at low tide and submerged at high tide, characterized by mudflats and sandflats.
Is "Tidal flats" a part or a subcategory of the category "Brazilian Water Resources"? Answer only with "Part" or "Subcategory".
Part
2024-03-12 03:09:01,337 INFO Task-157 Prompt:
Brazilian Water Resources: Brazilian Water Resources refer to the various bodies of water, such as rivers, lakes, and aquifers, that are found within the borders of Brazil and are essential for supporting the country's ecosystems and human populations.
Oxbow lakes: Curved, U-shaped bodies of water that form when a meandering river's bend is cut off from the main channel.
Is "Oxbow lakes" a specific instance or a subcategory of the category "Brazilian Water Resources"? Answer only with "Instance" or "Subcategory".
Instance
2024-03-12 03:09:01,341 INFO Task-160 Prompt:
Brazilian Water Resources: Brazilian Water Resources refer to the various bodies of water, such as rivers, lakes, and aquifers, that are found within the borders of Brazil and are essential for supporting the country's ecosystems and human populations.
Glacial lakes: Lakes formed by the melting of glaciers.
Is "Glacial lakes" a part or a subcategory of the category "Brazilian Water Resources"? Answer only with "Part" or "Subcategory".
Part
2024-03-12 03:09:01,345 INFO Task-162 Prompt:
Brazilian Water Resources: Brazilian Water Resources refer to the various bodies of water, such as rivers, lakes, and aquifers, that are found within the borders of Brazil and are essential for supporting the country's ecosystems and human populations.
Natural lakes: Lakes that form naturally through geological processes, such as glacial, volcanic, or tectonic activity.
Man-made lakes: Lakes created by human activities, such as damming rivers or excavating land.
"Natural lakes" is a subcategory of "Brazilian Water Resources". Is "Man-made lakes" typically understood as a subcategory of "Natural lakes"? Answer only with yes or no.
No
2024-03-12 03:09:01,347 INFO Task-163 Prompt:
Brazilian Water Resources: Brazilian Water Resources refer to the various bodies of water, such as rivers, lakes, and aquifers, that are found within the borders of Brazil and are essential for supporting the country's ecosystems and human populations.
Natural lakes: Lakes that form naturally through geological processes, such as glacial, volcanic, or tectonic activity.
Eutrophic lakes: Lakes with high nutrient levels, often resulting in excessive plant growth and low oxygen levels.
"Natural lakes" is a subcategory of "Brazilian Water Resources". Is "Eutrophic lakes" typically understood as a subcategory of "Natural lakes"? Answer only with yes or no.
No
2024-03-12 03:09:01,348 INFO Task-163 Info:
Eutrophic lakes renamed to Eutrophic lakes
2024-03-12 03:09:02,032 INFO Task-162 Info:
Man-made lakes renamed to Artificial lakes
2024-03-12 03:09:02,824 INFO Task-162 Prompt:
Brazilian Water Resources: Brazilian Water Resources refer to the various bodies of water, such as rivers, lakes, and aquifers, that are found within the borders of Brazil and are essential for supporting the country's ecosystems and human populations.
Natural lakes: Lakes that form naturally through geological processes, such as glacial, volcanic, or tectonic activity.
Artificial lakes: Lakes created by human activities, such as damming rivers or excavating land.
"Natural lakes" is a subcategory of "Brazilian Water Resources". Is "Artificial lakes" typically understood as a subcategory of "Natural lakes"? Answer only with yes or no.
No
2024-03-12 03:09:02,827 INFO Task-158 Prompt:
Brazilian Water Resources: Brazilian Water Resources refer to the various bodies of water, such as rivers, lakes, and aquifers, that are found within the borders of Brazil and are essential for supporting the country's ecosystems and human populations.
Tectonic lakes: Lakes formed in tectonic basins or depressions resulting from the movement of the Earth's crust.
Can "Tectonic lakes" be considered a subcategory of "Brazilian Water Resources"? Answer only with yes or no.
No
2024-03-12 03:09:02,856 INFO Task-161 Prompt:
Brazilian Water Resources: Brazilian Water Resources refer to the various bodies of water, such as rivers, lakes, and aquifers, that are found within the borders of Brazil and are essential for supporting the country's ecosystems and human populations.
L: L is a subcategory of Natural lakes. Lakes that form naturally through geological processes, such as glacial, volcanic, or tectonic activity.
Can "L" be considered a subcategory of "Brazilian Water Resources"? Answer only with yes or no.
No
2024-03-12 03:09:02,901 INFO Task-156 Prompt:
Brazilian Water Resources: Brazilian Water Resources refer to the various bodies of water, such as rivers, lakes, and aquifers, that are found within the borders of Brazil and are essential for supporting the country's ecosystems and human populations.
Crglacial lakes: Crglacial lakes is a subcategory of Natural lakes. Lakes that form naturally through geological processes, such as glacial, volcanic, or tectonic activity.
Can "Crglacial lakes" be considered a subcategory of "Brazilian Water Resources"? Answer only with yes or no.
No
2024-03-12 03:09:03,206 INFO Task-158 Info:
Tectonic lakes renamed to Tectonic lakes
2024-03-12 03:09:03,452 INFO Task-156 Info:
Crglacial lakes renamed to Glacial lakes
2024-03-12 03:09:03,557 INFO Task-161 Info:
L renamed to Glacial lakes
2024-03-12 03:09:03,907 INFO Task-156 Prompt:
Brazilian Water Resources: Brazilian Water Resources refer to the various bodies of water, such as rivers, lakes, and aquifers, that are found within the borders of Brazil and are essential for supporting the country's ecosystems and human populations.
Glacial lakes: Crglacial lakes is a subcategory of Natural lakes. Lakes that form naturally through geological processes, such as glacial, volcanic, or tectonic activity.
Can "Glacial lakes" be considered a subcategory of "Brazilian Water Resources"? Answer only with yes or no.
No
2024-03-12 03:09:03,936 INFO Task-161 Prompt:
Brazilian Water Resources: Brazilian Water Resources refer to the various bodies of water, such as rivers, lakes, and aquifers, that are found within the borders of Brazil and are essential for supporting the country's ecosystems and human populations.
Glacial lakes: L is a subcategory of Natural lakes. Lakes that form naturally through geological processes, such as glacial, volcanic, or tectonic activity.
Can "Glacial lakes" be considered a subcategory of "Brazilian Water Resources"? Answer only with yes or no.
No
2024-03-12 03:09:04,357 INFO Task-159 Prompt:
Brazilian Water Resources: Brazilian Water Resources refer to the various bodies of water, such as rivers, lakes, and aquifers, that are found within the borders of Brazil and are essential for supporting the country's ecosystems and human populations.
Volcanic lakes: Lakes that form in volcanic craters or calderas as a result of volcanic activity.
Can "Volcanic lakes" be considered a subcategory of "Brazilian Water Resources"? Answer only with yes or no.
No
2024-03-12 03:09:04,687 INFO Task-159 Info:
Volcanic lakes renamed to Volcanic lakes
2024-03-12 03:09:08,435 INFO Task-1 Prompt:
"X" is a subcategory of "Y" if every element of "X" is also an element of "Y". In other words, "X" is a subset of "Y". This means the more general term of them is "Y". "Y" is a more general category that includes "X" as a subcategory.
Brazilian Water Resources: Brazilian Water Resources refer to the various bodies of water, such as rivers, lakes, and aquifers, that are found within the borders of Brazil and are essential for supporting the country's ecosystems and human populations.
Freshwater lakes: Lakes with predominantly fresh water.
Mesotrophic lakes: Lakes with moderate nutrient levels and a balance of plant and animal life.
Consider the terms "Freshwater lakes" and "Mesotrophic lakes". Which of the terms is a subcategory of the other one? Answer in the following scheme: [[X]] is a subcategory of [[Y]].
[[Mesotrophic lakes]] is a subcategory of [[Freshwater lakes]].
2024-03-12 03:09:19,751 INFO Task-205 Prompt:
Brazilian Water Resources: Brazilian Water Resources refer to the various bodies of water, such as rivers, lakes, and aquifers, that are found within the borders of Brazil and are essential for supporting the country's ecosystems and human populations.
Glacial lakes: Lakes formed by the melting of glaciers.
Is "Glacial lakes" a part or a subcategory of the category "Brazilian Water Resources"? Answer only with "Part" or "Subcategory".
Part
2024-03-12 03:09:19,755 INFO Task-211 Prompt:
Brazilian Water Resources: Brazilian Water Resources refer to the various bodies of water, such as rivers, lakes, and aquifers, that are found within the borders of Brazil and are essential for supporting the country's ecosystems and human populations.
Oxbow lakes: Curved, U-shaped bodies of water that form when a meandering river's bend is cut off from the main channel.
Is "Oxbow lakes" a specific instance or a subcategory of the category "Brazilian Water Resources"? Answer only with "Instance" or "Subcategory".
Instance
2024-03-12 03:09:19,755 INFO Task-218 Prompt:
Brazilian Water Resources: Brazilian Water Resources refer to the various bodies of water, such as rivers, lakes, and aquifers, that are found within the borders of Brazil and are essential for supporting the country's ecosystems and human populations.
Crater lakes: Lakes formed in volcanic craters.
Can "Crater lakes" be considered a subcategory of "Brazilian Water Resources"? Answer only with yes or no.
No
2024-03-12 03:09:19,755 INFO Task-221 Prompt:
Brazilian Water Resources: Brazilian Water Resources refer to the various bodies of water, such as rivers, lakes, and aquifers, that are found within the borders of Brazil and are essential for supporting the country's ecosystems and human populations.
Volcanic lakes: Lakes that form in volcanic craters or calderas as a result of volcanic activity.
Can "Volcanic lakes" be considered a subcategory of "Brazilian Water Resources"? Answer only with yes or no.
No
2024-03-12 03:09:20,166 INFO Task-214 Prompt:
Brazilian Water Resources: Brazilian Water Resources refer to the various bodies of water, such as rivers, lakes, and aquifers, that are found within the borders of Brazil and are essential for supporting the country's ecosystems and human populations.
Lake depth: Describes the vertical distance from the lake's surface to its deepest point.
Is "Lake depth" a specific instance or a subcategory of the category "Brazilian Water Resources"? Answer only with "Instance" or "Subcategory".
Instance
2024-03-12 03:09:20,226 INFO Task-212 Prompt:
Brazilian Water Resources: Brazilian Water Resources refer to the various bodies of water, such as rivers, lakes, and aquifers, that are found within the borders of Brazil and are essential for supporting the country's ecosystems and human populations.
Freshwater lakes: Lakes with predominantly fresh water.
Reservoirs: Artificial lakes created by damming rivers, used for water supply, flood control, hydropower generation, and recreational activities.
"Freshwater lakes" is a subcategory of "Brazilian Water Resources". Is "Reservoirs" typically understood as a subcategory of "Freshwater lakes"? Answer only with yes or no.
No
2024-03-12 03:09:20,298 INFO Task-221 Info:
Volcanic lakes renamed to Volcanic lakes
2024-03-12 03:09:20,303 INFO Task-220 Prompt:
Brazilian Water Resources: Brazilian Water Resources refer to the various bodies of water, such as rivers, lakes, and aquifers, that are found within the borders of Brazil and are essential for supporting the country's ecosystems and human populations.
Freshwater lakes: Lakes with predominantly fresh water.
Man-made reservoirs: Artificial lakes created by constructing dams across rivers to store water for various purposes.
"Freshwater lakes" is a subcategory of "Brazilian Water Resources". Is "Man-made reservoirs" typically understood as a subcategory of "Freshwater lakes"? Answer only with yes or no.
No
2024-03-12 03:09:20,413 INFO Task-209 Prompt:
Brazilian Water Resources: Brazilian Water Resources refer to the various bodies of water, such as rivers, lakes, and aquifers, that are found within the borders of Brazil and are essential for supporting the country's ecosystems and human populations.
Freshwater lakes: Lakes with predominantly fresh water.
Lagoons: Shallow coastal bodies of water separated from the ocean by barrier islands, sandbars, or coral reefs.
"Freshwater lakes" is a subcategory of "Brazilian Water Resources". Is "Lagoons" typically understood as a subcategory of "Freshwater lakes"? Answer only with yes or no.
No
2024-03-12 03:09:20,431 INFO Task-216 Prompt:
Brazilian Water Resources: Brazilian Water Resources refer to the various bodies of water, such as rivers, lakes, and aquifers, that are found within the borders of Brazil and are essential for supporting the country's ecosystems and human populations.
Lake size: Refers to the surface area or volume of a freshwater lake.
Is "Lake size" a specific instance or a subcategory of the category "Brazilian Water Resources"? Answer only with "Instance" or "Subcategory".
Instance
2024-03-12 03:09:20,458 INFO Task-217 Prompt:
Brazilian Water Resources: Brazilian Water Resources refer to the various bodies of water, such as rivers, lakes, and aquifers, that are found within the borders of Brazil and are essential for supporting the country's ecosystems and human populations.
Lake water quality: Describes the chemical, physical, and biological characteristics of the water in a freshwater lake.
Is "Lake water quality" a specific instance or a subcategory of the category "Brazilian Water Resources"? Answer only with "Instance" or "Subcategory".
Instance
2024-03-12 03:09:20,569 INFO Task-212 Info:
Reservoirs renamed to Reservoirs
2024-03-12 03:09:20,631 INFO Task-218 Info:
Crater lakes renamed to Volcanic crater lakes
2024-03-12 03:09:20,632 INFO Task-218 Prompt:
Brazilian Water Resources: Brazilian Water Resources refer to the various bodies of water, such as rivers, lakes, and aquifers, that are found within the borders of Brazil and are essential for supporting the country's ecosystems and human populations.
Volcanic crater lakes: Lakes formed in volcanic craters.
Can "Volcanic crater lakes" be considered a subcategory of "Brazilian Water Resources"? Answer only with yes or no.
No
2024-03-12 03:09:20,672 INFO Task-220 Info:
Man-made reservoirs renamed to Reservoir lakes
2024-03-12 03:09:20,799 INFO Task-209 Info:
Lagoons renamed to Lagoons
2024-03-12 03:09:20,872 INFO Task-219 Prompt:
Brazilian Water Resources: Brazilian Water Resources refer to the various bodies of water, such as rivers, lakes, and aquifers, that are found within the borders of Brazil and are essential for supporting the country's ecosystems and human populations.
Large natural lakes: Refers to freshwater lakes that are naturally occurring and typically have a significant size.
Is "Large natural lakes" a part or a subcategory of the category "Brazilian Water Resources"? Answer only with "Part" or "Subcategory".
Part
2024-03-12 03:09:21,305 INFO Task-213 Prompt:
Brazilian Water Resources: Brazilian Water Resources refer to the various bodies of water, such as rivers, lakes, and aquifers, that are found within the borders of Brazil and are essential for supporting the country's ecosystems and human populations.
Lake biodiversity: Refers to the variety and abundance of different species that inhabit a freshwater lake.
Is "Lake biodiversity" a part or a subcategory of the category "Brazilian Water Resources"? Answer only with "Part" or "Subcategory".
Part
2024-03-12 03:09:34,927 INFO Task-348 Prompt:
Brazilian Water Resources: Brazilian Water Resources refer to the various bodies of water, such as rivers, lakes, and aquifers, that are found within the borders of Brazil and are essential for supporting the country's ecosystems and human populations.
Drinking water reservoirs: Reservoirs specifically designated for storing water intended for human consumption.
Is "Drinking water reservoirs" a specific instance or a subcategory of the category "Brazilian Water Resources"? Answer only with "Instance" or "Subcategory".
Instance
2024-03-12 03:09:34,927 INFO Task-349 Prompt:
Brazilian Water Resources: Brazilian Water Resources refer to the various bodies of water, such as rivers, lakes, and aquifers, that are found within the borders of Brazil and are essential for supporting the country's ecosystems and human populations.
Hydropower reservoirs: Reservoirs that are integral components of hydropower systems for electricity generation.
Is "Hydropower reservoirs" a specific instance or a subcategory of the category "Brazilian Water Resources"? Answer only with "Instance" or "Subcategory".
Instance
2024-03-12 03:09:34,927 INFO Task-350 Prompt:
Brazilian Water Resources: Brazilian Water Resources refer to the various bodies of water, such as rivers, lakes, and aquifers, that are found within the borders of Brazil and are essential for supporting the country's ecosystems and human populations.
Irrigation reservoirs: Reservoirs used to store water for agricultural irrigation purposes.
Is "Irrigation reservoirs" a part or a subcategory of the category "Brazilian Water Resources"? Answer only with "Part" or "Subcategory".
Part
2024-03-12 03:09:44,750 INFO Task-414 Prompt:
Brazilian Water Resources: Brazilian Water Resources refer to the various bodies of water, such as rivers, lakes, and aquifers, that are found within the borders of Brazil and are essential for supporting the country's ecosystems and human populations.
Boating: Activities involving the use of boats or watercraft.
Is "Boating" a specific instance or a subcategory of the category "Brazilian Water Resources"? Answer only with "Instance" or "Subcategory".
Instance
2024-03-12 03:09:45,138 INFO Task-419 Prompt:
Brazilian Water Resources: Brazilian Water Resources refer to the various bodies of water, such as rivers, lakes, and aquifers, that are found within the borders of Brazil and are essential for supporting the country's ecosystems and human populations.
Picnicking: Outdoor dining or eating in a scenic or natural setting.
Is "Picnicking" a specific instance or a subcategory of the category "Brazilian Water Resources"? Answer only with "Instance" or "Subcategory".
Instance
2024-03-12 03:09:45,179 INFO Task-415 Prompt:
Brazilian Water Resources: Brazilian Water Resources refer to the various bodies of water, such as rivers, lakes, and aquifers, that are found within the borders of Brazil and are essential for supporting the country's ecosystems and human populations.
Camping: Outdoor recreational activities involving overnight stays in tents or shelters.
Is "Camping" a specific instance or a subcategory of the category "Brazilian Water Resources"? Answer only with "Instance" or "Subcategory".
Instance
2024-03-12 03:09:45,249 INFO Task-416 Prompt:
Brazilian Water Resources: Brazilian Water Resources refer to the various bodies of water, such as rivers, lakes, and aquifers, that are found within the borders of Brazil and are essential for supporting the country's ecosystems and human populations.
Fishing: The act of catching fish for sport or food.
Is "Fishing" a specific instance or a subcategory of the category "Brazilian Water Resources"? Answer only with "Instance" or "Subcategory".
Instance
2024-03-12 03:09:45,383 INFO Task-418 Prompt:
Brazilian Water Resources: Brazilian Water Resources refer to the various bodies of water, such as rivers, lakes, and aquifers, that are found within the borders of Brazil and are essential for supporting the country's ecosystems and human populations.
Swimming: The activity of moving through water using one's body.
Is "Swimming" a specific instance or a subcategory of the category "Brazilian Water Resources"? Answer only with "Instance" or "Subcategory".
Instance
2024-03-12 03:09:45,625 INFO Task-417 Prompt:
Brazilian Water Resources: Brazilian Water Resources refer to the various bodies of water, such as rivers, lakes, and aquifers, that are found within the borders of Brazil and are essential for supporting the country's ecosystems and human populations.
Hiking: Walking or trekking for leisure or exercise in natural environments.
Is "Hiking" a specific instance or a subcategory of the category "Brazilian Water Resources"? Answer only with "Instance" or "Subcategory".
Instance
2024-03-12 03:09:46,759 INFO Task-420 Prompt:
Brazilian Water Resources: Brazilian Water Resources refer to the various bodies of water, such as rivers, lakes, and aquifers, that are found within the borders of Brazil and are essential for supporting the country's ecosystems and human populations.
Water sports: Recreational activities that take place in or on the water.
Can "Water sports" be considered a subcategory of "Brazilian Water Resources"? Answer only with yes or no.
No
2024-03-12 03:09:47,170 INFO Task-420 Info:
Water sports renamed to Water-based recreation
2024-03-12 03:09:47,614 INFO Task-420 Prompt:
Brazilian Water Resources: Brazilian Water Resources refer to the various bodies of water, such as rivers, lakes, and aquifers, that are found within the borders of Brazil and are essential for supporting the country's ecosystems and human populations.
Water-based recreation: Recreational activities that take place in or on the water.
Can "Water-based recreation" be considered a subcategory of "Brazilian Water Resources"? Answer only with yes or no.
No
2024-03-12 03:09:53,972 INFO Task-433 Prompt:
Brazilian Water Resources: Brazilian Water Resources refer to the various bodies of water, such as rivers, lakes, and aquifers, that are found within the borders of Brazil and are essential for supporting the country's ecosystems and human populations.
Flood control reservoirs: Reservoirs built primarily to mitigate the impacts of flooding in downstream areas.
Flood mitigation: Reservoirs designed to reduce the impact of flooding events.
"Flood control reservoirs" is a subcategory of "Brazilian Water Resources". Is "Flood mitigation" typically understood as a subcategory of "Flood control reservoirs"? Answer only with yes or no.
No
2024-03-12 03:09:53,972 INFO Task-433 Info:
Flood mitigation renamed to Flood mitigation reservoirs
2024-03-12 03:09:53,972 INFO Task-434 Prompt:
Brazilian Water Resources: Brazilian Water Resources refer to the various bodies of water, such as rivers, lakes, and aquifers, that are found within the borders of Brazil and are essential for supporting the country's ecosystems and human populations.
Hydropower generation: Reservoirs used to store water that is released to generate electricity through hydropower plants.
Is "Hydropower generation" a specific instance or a subcategory of the category "Brazilian Water Resources"? Answer only with "Instance" or "Subcategory".
Instance
2024-03-12 03:09:53,972 INFO Task-435 Prompt:
Brazilian Water Resources: Brazilian Water Resources refer to the various bodies of water, such as rivers, lakes, and aquifers, that are found within the borders of Brazil and are essential for supporting the country's ecosystems and human populations.
Flood control reservoirs: Reservoirs built primarily to mitigate the impacts of flooding in downstream areas.
Recreation: Reservoirs that provide opportunities for leisure activities.
"Flood control reservoirs" is a subcategory of "Brazilian Water Resources". Is "Recreation" typically understood as a subcategory of "Flood control reservoirs"? Answer only with yes or no.
No
2024-03-12 03:09:53,972 INFO Task-435 Info:
Recreation renamed to Recreational reservoirs
2024-03-12 03:09:53,972 INFO Task-435 Prompt:
Brazilian Water Resources: Brazilian Water Resources refer to the various bodies of water, such as rivers, lakes, and aquifers, that are found within the borders of Brazil and are essential for supporting the country's ecosystems and human populations.
Flood control reservoirs: Reservoirs built primarily to mitigate the impacts of flooding in downstream areas.
Recreational reservoirs: Reservoirs that provide opportunities for leisure activities.
"Flood control reservoirs" is a subcategory of "Brazilian Water Resources". Is "Recreational reservoirs" typically understood as a subcategory of "Flood control reservoirs"? Answer only with yes or no.
No
2024-03-12 03:09:53,972 INFO Task-436 Prompt:
Brazilian Water Resources: Brazilian Water Resources refer to the various bodies of water, such as rivers, lakes, and aquifers, that are found within the borders of Brazil and are essential for supporting the country's ecosystems and human populations.
Water supply: Reservoirs that store water for municipal, industrial, and agricultural use.
Is "Water supply" a part or a subcategory of the category "Brazilian Water Resources"? Answer only with "Part" or "Subcategory".
Part
2024-03-12 03:09:53,972 INFO Task-437 Prompt:
Brazilian Water Resources: Brazilian Water Resources refer to the various bodies of water, such as rivers, lakes, and aquifers, that are found within the borders of Brazil and are essential for supporting the country's ecosystems and human populations.
Irrigation: Reservoirs used to store water for agricultural purposes.
Is "Irrigation" a part or a subcategory of the category "Brazilian Water Resources"? Answer only with "Part" or "Subcategory".
Part
2024-03-12 03:09:54,272 INFO Task-439 Prompt:
Brazilian Water Resources: Brazilian Water Resources refer to the various bodies of water, such as rivers, lakes, and aquifers, that are found within the borders of Brazil and are essential for supporting the country's ecosystems and human populations.
Downstream channel protection: Measures to protect downstream channels from the impacts of flooding.
Is "Downstream channel protection" a specific instance or a subcategory of the category "Brazilian Water Resources"? Answer only with "Instance" or "Subcategory".
Instance
2024-03-12 03:09:54,438 INFO Task-445 Prompt:
Brazilian Water Resources: Brazilian Water Resources refer to the various bodies of water, such as rivers, lakes, and aquifers, that are found within the borders of Brazil and are essential for supporting the country's ecosystems and human populations.
Spillways: Structures designed to release excess water from reservoirs to prevent overflow.
Is "Spillways" a specific instance or a subcategory of the category "Brazilian Water Resources"? Answer only with "Instance" or "Subcategory".
Instance
2024-03-12 03:09:54,479 INFO Task-440 Prompt:
Brazilian Water Resources: Brazilian Water Resources refer to the various bodies of water, such as rivers, lakes, and aquifers, that are found within the borders of Brazil and are essential for supporting the country's ecosystems and human populations.
Emergency spillways: Structures designed to safely release excess water during emergency situations.
Is "Emergency spillways" a specific instance or a subcategory of the category "Brazilian Water Resources"? Answer only with "Instance" or "Subcategory".
Instance
2024-03-12 03:09:54,554 INFO Task-447 Prompt:
Brazilian Water Resources: Brazilian Water Resources refer to the various bodies of water, such as rivers, lakes, and aquifers, that are found within the borders of Brazil and are essential for supporting the country's ecosystems and human populations.
Downstream reservoirs: Reservoirs located downstream to help manage floodwaters.
Is "Downstream reservoirs" a specific instance or a subcategory of the category "Brazilian Water Resources"? Answer only with "Instance" or "Subcategory".
Instance
2024-03-12 03:09:54,661 INFO Task-449 Prompt:
Brazilian Water Resources: Brazilian Water Resources refer to the various bodies of water, such as rivers, lakes, and aquifers, that are found within the borders of Brazil and are essential for supporting the country's ecosystems and human populations.
Upstream reservoirs: Reservoirs located upstream to help regulate water flow and reduce downstream flooding.
Is "Upstream reservoirs" a specific instance or a subcategory of the category "Brazilian Water Resources"? Answer only with "Instance" or "Subcategory".
Instance
2024-03-12 03:09:54,846 INFO Task-443 Prompt:
Brazilian Water Resources: Brazilian Water Resources refer to the various bodies of water, such as rivers, lakes, and aquifers, that are found within the borders of Brazil and are essential for supporting the country's ecosystems and human populations.
Emergency action plans: Plans outlining actions to be taken during emergency flood situations.
Is "Emergency action plans" a part or a subcategory of the category "Brazilian Water Resources"? Answer only with "Part" or "Subcategory".
Part
2024-03-12 03:09:55,081 INFO Task-446 Prompt:
Brazilian Water Resources: Brazilian Water Resources refer to the various bodies of water, such as rivers, lakes, and aquifers, that are found within the borders of Brazil and are essential for supporting the country's ecosystems and human populations.
Storage capacity: The maximum amount of water a reservoir can hold.
Is "Storage capacity" a part or a subcategory of the category "Brazilian Water Resources"? Answer only with "Part" or "Subcategory".
Part
2024-03-12 03:09:55,127 INFO Task-442 Prompt:
Brazilian Water Resources: Brazilian Water Resources refer to the various bodies of water, such as rivers, lakes, and aquifers, that are found within the borders of Brazil and are essential for supporting the country's ecosystems and human populations.
Water release management: Techniques for controlled release of water from reservoirs to manage flood risks.
Is "Water release management" a part or a subcategory of the category "Brazilian Water Resources"? Answer only with "Part" or "Subcategory".
Part
2024-03-12 03:09:55,592 INFO Task-450 Prompt:
Brazilian Water Resources: Brazilian Water Resources refer to the various bodies of water, such as rivers, lakes, and aquifers, that are found within the borders of Brazil and are essential for supporting the country's ecosystems and human populations.
Water level management: Strategies to control and adjust water levels in reservoirs for flood control.
Is "Water level management" a part or a subcategory of the category "Brazilian Water Resources"? Answer only with "Part" or "Subcategory".
Part
2024-03-12 03:09:55,927 INFO Task-441 Prompt:
Brazilian Water Resources: Brazilian Water Resources refer to the various bodies of water, such as rivers, lakes, and aquifers, that are found within the borders of Brazil and are essential for supporting the country's ecosystems and human populations.
Spsedimentation management: Spsedimentation management is a subcategory of Flood control reservoirs. Reservoirs built primarily to mitigate the impacts of flooding in downstream areas.
Can "Spsedimentation management" be considered a subcategory of "Brazilian Water Resources"? Answer only with yes or no.
No
2024-03-12 03:09:55,942 INFO Task-444 Prompt:
Brazilian Water Resources: Brazilian Water Resources refer to the various bodies of water, such as rivers, lakes, and aquifers, that are found within the borders of Brazil and are essential for supporting the country's ecosystems and human populations.
Flood control reservoirs: Reservoirs built primarily to mitigate the impacts of flooding in downstream areas.
Sedimentation management: Strategies to control and manage sediment buildup in reservoirs.
"Flood control reservoirs" is a subcategory of "Brazilian Water Resources". Is "Sedimentation management" typically understood as a subcategory of "Flood control reservoirs"? Answer only with yes or no.
No
2024-03-12 03:09:56,073 INFO Task-448 Prompt:
Brazilian Water Resources: Brazilian Water Resources refer to the various bodies of water, such as rivers, lakes, and aquifers, that are found within the borders of Brazil and are essential for supporting the country's ecosystems and human populations.
Flood control reservoirs: Reservoirs built primarily to mitigate the impacts of flooding in downstream areas.
Emergency reservoirs: Additional reservoirs used during emergency flood situations.
"Flood control reservoirs" is a subcategory of "Brazilian Water Resources". Is "Emergency reservoirs" typically understood as a subcategory of "Flood control reservoirs"? Answer only with yes or no.
No
2024-03-12 03:09:56,524 INFO Task-441 Info:
Spsedimentation management renamed to Sedimentation management reservoirs
2024-03-12 03:09:56,568 INFO Task-444 Info:
Sedimentation management renamed to Sediment management strategies
2024-03-12 03:09:56,704 INFO Task-448 Info:
Emergency reservoirs renamed to Emergency flood reservoirs
2024-03-12 03:09:56,869 INFO Task-441 Prompt:
Brazilian Water Resources: Brazilian Water Resources refer to the various bodies of water, such as rivers, lakes, and aquifers, that are found within the borders of Brazil and are essential for supporting the country's ecosystems and human populations.
Sedimentation management reservoirs: Spsedimentation management is a subcategory of Flood control reservoirs. Reservoirs built primarily to mitigate the impacts of flooding in downstream areas.
Can "Sedimentation management reservoirs" be considered a subcategory of "Brazilian Water Resources"? Answer only with yes or no.
No
2024-03-12 03:10:02,522 INFO Task-1 Prompt:
"X" is a subcategory of "Y" if every element of "X" is also an element of "Y". In other words, "X" is a subset of "Y". This means the more general term of them is "Y". "Y" is a more general category that includes "X" as a subcategory.
Brazilian Water Resources: Brazilian Water Resources refer to the various bodies of water, such as rivers, lakes, and aquifers, that are found within the borders of Brazil and are essential for supporting the country's ecosystems and human populations.
Sediment management strategies: Strategies to control and manage sediment buildup in reservoirs.
Sediment trapping: Reservoirs that capture sediment to prevent downstream erosion.
Consider the terms "Sediment management strategies" and "Sediment trapping". Which of the terms is a subcategory of the other one? Answer in the following scheme: [[X]] is a subcategory of [[Y]].
[[Sediment trapping]] is a subcategory of [[Sediment management strategies]].
2024-03-12 03:10:04,423 INFO Task-1 Prompt:
Brazilian Water Resources: Brazilian Water Resources refer to the various bodies of water, such as rivers, lakes, and aquifers, that are found within the borders of Brazil and are essential for supporting the country's ecosystems and human populations.
Reservoirs: Artificial lakes created by damming rivers, used for water supply, flood control, hydropower generation, and recreational activities.
Recreational reservoirs: Reservoirs that provide opportunities for leisure activities such as boating, fishing, and swimming.
"Reservoirs" is a subcategory of "Brazilian Water Resources". "Recreational reservoirs" is a subcategory of "Reservoirs". Are there any generally accepted subcategories of "Recreational reservoirs"? Answer only with yes or no.
No
