2024-03-12 03:11:25,014 INFO Task-2 Prompt:
Brazilian Water Resources: Brazilian Water Resources refer to the various bodies of water, such as rivers, lakes, and aquifers, that are found within the borders of Brazil and are essential for supporting the country's ecosystems and human populations.
Aquifers: Underground layers of rock or sediment that hold and transmit groundwater, serving as vital water sources for human consumption and agriculture.
Is "Aquifers" a part or a subcategory of the category "Brazilian Water Resources"? Answer only with "Part" or "Subcategory".
Part
2024-03-12 03:11:25,015 INFO Task-3 Prompt:
Brazilian Water Resources: Brazilian Water Resources refer to the various bodies of water, such as rivers, lakes, and aquifers, that are found within the borders of Brazil and are essential for supporting the country's ecosystems and human populations.
Coastal waters: The marine waters adjacent to coastlines, influenced by both terrestrial and oceanic processes and supporting diverse ecosystems.
Is "Coastal waters" a part or a subcategory of the category "Brazilian Water Resources"? Answer only with "Part" or "Subcategory".
Part
2024-03-12 03:11:25,016 INFO Task-4 Prompt:
Brazilian Water Resources: Brazilian Water Resources refer to the various bodies of water, such as rivers, lakes, and aquifers, that are found within the borders of Brazil and are essential for supporting the country's ecosystems and human populations.
Groundwater: Water stored beneath the Earth's surface in aquifers, providing a critical source of freshwater for drinking, irrigation, and industrial use.
Is "Groundwater" a part or a subcategory of the category "Brazilian Water Resources"? Answer only with "Part" or "Subcategory".
Part
2024-03-12 03:11:25,020 INFO Task-7 Prompt:
Brazilian Water Resources: Brazilian Water Resources refer to the various bodies of water, such as rivers, lakes, and aquifers, that are found within the borders of Brazil and are essential for supporting the country's ecosystems and human populations.
Rivers: Natural watercourses that flow towards oceans, lakes, or other rivers, playing a key role in transporting water, sediment, and nutrients across landscapes.
Is "Rivers" a part or a subcategory of the category "Brazilian Water Resources"? Answer only with "Part" or "Subcategory".
Part
2024-03-12 03:11:25,021 INFO Task-8 Prompt:
Brazilian Water Resources: Brazilian Water Resources refer to the various bodies of water, such as rivers, lakes, and aquifers, that are found within the borders of Brazil and are essential for supporting the country's ecosystems and human populations.
Wetlands: Ecosystems characterized by water saturation, supporting diverse plant and animal species and providing important ecological services.
Is "Wetlands" a part or a subcategory of the category "Brazilian Water Resources"? Answer only with "Part" or "Subcategory".
Part
2024-03-12 03:11:25,025 INFO Task-19 Prompt:
Brazilian Water Resources: Brazilian Water Resources refer to the various bodies of water, such as rivers, lakes, and aquifers, that are found within the borders of Brazil and are essential for supporting the country's ecosystems and human populations.
Lakes: Inland bodies of water that vary in size and depth, serving as habitats for aquatic life and important for water storage and recreation.
Lagoons: Shallow coastal bodies of water separated from the ocean by barrier islands, sandbars, or coral reefs.
"Lakes" is a subcategory of "Brazilian Water Resources". Is "Lagoons" typically understood as a subcategory of "Lakes"? Answer only with yes or no.
No
2024-03-12 03:11:25,025 INFO Task-19 Info:
Lagoons renamed to Lagoons
2024-03-12 03:11:25,025 INFO Task-20 Prompt:
Brazilian Water Resources: Brazilian Water Resources refer to the various bodies of water, such as rivers, lakes, and aquifers, that are found within the borders of Brazil and are essential for supporting the country's ecosystems and human populations.
Lakes: Inland bodies of water that vary in size and depth, serving as habitats for aquatic life and important for water storage and recreation.
Man-made reservoirs: Artificial lakes created by constructing dams across rivers to store water for various purposes.
"Lakes" is a subcategory of "Brazilian Water Resources". Is "Man-made reservoirs" typically understood as a subcategory of "Lakes"? Answer only with yes or no.
No
2024-03-12 03:11:25,025 INFO Task-20 Info:
Man-made reservoirs renamed to Reservoirs
2024-03-12 03:11:25,025 INFO Task-20 Prompt:
Brazilian Water Resources: Brazilian Water Resources refer to the various bodies of water, such as rivers, lakes, and aquifers, that are found within the borders of Brazil and are essential for supporting the country's ecosystems and human populations.
Lakes: Inland bodies of water that vary in size and depth, serving as habitats for aquatic life and important for water storage and recreation.
Reservoirs: Artificial lakes created by constructing dams across rivers to store water for various purposes.
"Lakes" is a subcategory of "Brazilian Water Resources". Is "Reservoirs" typically understood as a subcategory of "Lakes"? Answer only with yes or no.
No
2024-03-12 03:11:25,025 INFO Task-22 Prompt:
Brazilian Water Resources: Brazilian Water Resources refer to the various bodies of water, such as rivers, lakes, and aquifers, that are found within the borders of Brazil and are essential for supporting the country's ecosystems and human populations.
Oxbow lakes: Curved, U-shaped bodies of water that form when a meandering river's bend is cut off from the main channel.
Is "Oxbow lakes" a specific instance or a subcategory of the category "Brazilian Water Resources"? Answer only with "Instance" or "Subcategory".
Instance
2024-03-12 03:11:25,025 INFO Task-1 Prompt:
"X" is a subcategory of "Y" if every element of "X" is also an element of "Y". In other words, "X" is a subset of "Y". This means the more general term of them is "Y". "Y" is a more general category that includes "X" as a subcategory.
Brazilian Water Resources: Brazilian Water Resources refer to the various bodies of water, such as rivers, lakes, and aquifers, that are found within the borders of Brazil and are essential for supporting the country's ecosystems and human populations.
Lakes: Inland bodies of water that vary in size and depth, serving as habitats for aquatic life and important for water storage and recreation.
Natural lakes: Lakes that form naturally through geological processes, such as glacial, volcanic, or tectonic activity.
Consider the terms "Lakes" and "Natural lakes". Which of the terms is a subcategory of the other one? Answer in the following scheme: [[X]] is a subcategory of [[Y]].
[[Natural lakes]] is a subcategory of [[Lakes]].
2024-03-12 03:11:25,025 INFO Task-32 Prompt:
Brazilian Water Resources: Brazilian Water Resources refer to the various bodies of water, such as rivers, lakes, and aquifers, that are found within the borders of Brazil and are essential for supporting the country's ecosystems and human populations.
Flood control: Reservoirs used to store excess water during periods of heavy rainfall to prevent flooding downstream.
Is "Flood control" a part or a subcategory of the category "Brazilian Water Resources"? Answer only with "Part" or "Subcategory".
Part
2024-03-12 03:11:25,025 INFO Task-33 Prompt:
Brazilian Water Resources: Brazilian Water Resources refer to the various bodies of water, such as rivers, lakes, and aquifers, that are found within the borders of Brazil and are essential for supporting the country's ecosystems and human populations.
Hydropower generation: Reservoirs used to store water that is released to generate electricity through hydropower plants.
Is "Hydropower generation" a specific instance or a subcategory of the category "Brazilian Water Resources"? Answer only with "Instance" or "Subcategory".
Instance
2024-03-12 03:11:25,025 INFO Task-34 Prompt:
Brazilian Water Resources: Brazilian Water Resources refer to the various bodies of water, such as rivers, lakes, and aquifers, that are found within the borders of Brazil and are essential for supporting the country's ecosystems and human populations.
Recreational activities: Reservoirs that provide opportunities for leisure activities such as boating, fishing, and swimming.
Can "Recreational activities" be considered a subcategory of "Brazilian Water Resources"? Answer only with yes or no.
No
2024-03-12 03:11:25,025 INFO Task-34 Info:
Recreational activities renamed to Recreational reservoirs
2024-03-12 03:11:25,025 INFO Task-35 Prompt:
Brazilian Water Resources: Brazilian Water Resources refer to the various bodies of water, such as rivers, lakes, and aquifers, that are found within the borders of Brazil and are essential for supporting the country's ecosystems and human populations.
Water supply: Reservoirs that store water for municipal, industrial, and agricultural use.
Is "Water supply" a part or a subcategory of the category "Brazilian Water Resources"? Answer only with "Part" or "Subcategory".
Part
