2024-09-14 04:00:15,631 INFO Task-4 Prompt:
Ecossistemas costeiros brasileiros: "Ecossistemas costeiros brasileiros" is a Portuguese term that refers to the various ecosystems found along the coastline of Brazil. These ecosystems include a diverse range of habitats such as mangroves, sand dunes, lagoons, and coral reefs, each with its unique flora and fauna.
Coastal cliffs: Steep rock faces at the edge of the sea.
Is "Coastal cliffs" a part or a subcategory of the category "Ecossistemas costeiros brasileiros"? Answer only with "Part" or "Subcategory".
Part
2024-09-14 04:00:15,672 INFO Task-14 Prompt:
Ecossistemas costeiros brasileiros: "Ecossistemas costeiros brasileiros" is a Portuguese term that refers to the various ecosystems found along the coastline of Brazil. These ecosystems include a diverse range of habitats such as mangroves, sand dunes, lagoons, and coral reefs, each with its unique flora and fauna.
Seagrass beds: Underwater plant communities often found in shallow sandy or muddy coastal waters.
Is "Seagrass beds" a part or a subcategory of the category "Ecossistemas costeiros brasileiros"? Answer only with "Part" or "Subcategory".
Part
2024-09-14 04:00:15,781 INFO Task-12 Prompt:
Ecossistemas costeiros brasileiros: "Ecossistemas costeiros brasileiros" is a Portuguese term that refers to the various ecosystems found along the coastline of Brazil. These ecosystems include a diverse range of habitats such as mangroves, sand dunes, lagoons, and coral reefs, each with its unique flora and fauna.
Salt marshes: Coastal wetlands that are flooded and drained by salt water brought in by the tides.
Is "Salt marshes" a part or a subcategory of the category "Ecossistemas costeiros brasileiros"? Answer only with "Part" or "Subcategory".
Part
2024-09-14 04:00:15,832 INFO Task-8 Prompt:
Ecossistemas costeiros brasileiros: "Ecossistemas costeiros brasileiros" is a Portuguese term that refers to the various ecosystems found along the coastline of Brazil. These ecosystems include a diverse range of habitats such as mangroves, sand dunes, lagoons, and coral reefs, each with its unique flora and fauna.
Estuaries: Partially enclosed coastal body of water where freshwater from rivers and streams meets and mixes with salt water from the ocean.
Is "Estuaries" a part or a subcategory of the category "Ecossistemas costeiros brasileiros"? Answer only with "Part" or "Subcategory".
Part
2024-09-14 04:00:16,174 INFO Task-9 Prompt:
Ecossistemas costeiros brasileiros: "Ecossistemas costeiros brasileiros" is a Portuguese term that refers to the various ecosystems found along the coastline of Brazil. These ecosystems include a diverse range of habitats such as mangroves, sand dunes, lagoons, and coral reefs, each with its unique flora and fauna.
Lagoons: Shallow body of water separated from a larger body of water (such as a sea or ocean) by a barrier such as a sandbar, coral reef, or barrier island.
Is "Lagoons" a part or a subcategory of the category "Ecossistemas costeiros brasileiros"? Answer only with "Part" or "Subcategory".
Part
2024-09-14 04:00:16,174 INFO Task-13 Prompt:
Ecossistemas costeiros brasileiros: "Ecossistemas costeiros brasileiros" is a Portuguese term that refers to the various ecosystems found along the coastline of Brazil. These ecosystems include a diverse range of habitats such as mangroves, sand dunes, lagoons, and coral reefs, each with its unique flora and fauna.
Sand dunes: Hills of sand built by wind or water flow.
Is "Sand dunes" a part or a subcategory of the category "Ecossistemas costeiros brasileiros"? Answer only with "Part" or "Subcategory".
Part
2024-09-14 04:00:55,849 INFO Task-118 Prompt:
Ecossistemas costeiros brasileiros: "Ecossistemas costeiros brasileiros" is a Portuguese term that refers to the various ecosystems found along the coastline of Brazil. These ecosystems include a diverse range of habitats such as mangroves, sand dunes, lagoons, and coral reefs, each with its unique flora and fauna.
Nudist beaches: These are beaches where nudity is allowed and accepted.
Can "Nudist beaches" be considered a subcategory of "Ecossistemas costeiros brasileiros"? Answer only with yes or no.
No
2024-09-14 04:01:03,456 INFO Task-112 Prompt:
Ecossistemas costeiros brasileiros: "Ecossistemas costeiros brasileiros" is a Portuguese term that refers to the various ecosystems found along the coastline of Brazil. These ecosystems include a diverse range of habitats such as mangroves, sand dunes, lagoons, and coral reefs, each with its unique flora and fauna.
Artificial beaches: These are man-made beaches, often created in urban areas for recreational purposes.
Can "Artificial beaches" be considered a subcategory of "Ecossistemas costeiros brasileiros"? Answer only with yes or no.
No
2024-09-14 04:01:05,000 INFO Task-114 Prompt:
Ecossistemas costeiros brasileiros: "Ecossistemas costeiros brasileiros" is a Portuguese term that refers to the various ecosystems found along the coastline of Brazil. These ecosystems include a diverse range of habitats such as mangroves, sand dunes, lagoons, and coral reefs, each with its unique flora and fauna.
Family-friendly beaches: These are beaches that are safe and enjoyable for families, often with facilities like restrooms and lifeguards.
Can "Family-friendly beaches" be considered a subcategory of "Ecossistemas costeiros brasileiros"? Answer only with yes or no.
No
2024-09-14 04:01:07,003 INFO Task-114 Info:
Family-friendly beaches renamed to Family-friendly beaches
2024-09-14 04:01:07,367 INFO Task-112 Info:
Artificial beaches renamed to Urban beaches
2024-09-14 04:01:07,794 INFO Task-112 Prompt:
Ecossistemas costeiros brasileiros: "Ecossistemas costeiros brasileiros" is a Portuguese term that refers to the various ecosystems found along the coastline of Brazil. These ecosystems include a diverse range of habitats such as mangroves, sand dunes, lagoons, and coral reefs, each with its unique flora and fauna.
Urban beaches: These are man-made beaches, often created in urban areas for recreational purposes.
Can "Urban beaches" be considered a subcategory of "Ecossistemas costeiros brasileiros"? Answer only with yes or no.
No
2024-09-14 04:01:11,483 INFO Task-125 Prompt:
Ecossistemas costeiros brasileiros: "Ecossistemas costeiros brasileiros" is a Portuguese term that refers to the various ecosystems found along the coastline of Brazil. These ecosystems include a diverse range of habitats such as mangroves, sand dunes, lagoons, and coral reefs, each with its unique flora and fauna.
Surfing beaches: These are beaches with waves suitable for surfing.
Can "Surfing beaches" be considered a subcategory of "Ecossistemas costeiros brasileiros"? Answer only with yes or no.
No
2024-09-14 04:01:11,700 INFO Task-124 Prompt:
Ecossistemas costeiros brasileiros: "Ecossistemas costeiros brasileiros" is a Portuguese term that refers to the various ecosystems found along the coastline of Brazil. These ecosystems include a diverse range of habitats such as mangroves, sand dunes, lagoons, and coral reefs, each with its unique flora and fauna.
Snorkeling beaches: These are beaches with conditions suitable for snorkeling, often with clear water and abundant marine life.
Can "Snorkeling beaches" be considered a subcategory of "Ecossistemas costeiros brasileiros"? Answer only with yes or no.
No
2024-09-14 04:01:11,801 INFO Task-121 Prompt:
Ecossistemas costeiros brasileiros: "Ecossistemas costeiros brasileiros" is a Portuguese term that refers to the various ecosystems found along the coastline of Brazil. These ecosystems include a diverse range of habitats such as mangroves, sand dunes, lagoons, and coral reefs, each with its unique flora and fauna.
Public beaches: These are beaches that are open to everyone, often maintained by a local or national government.
Is "Public beaches" a part or a subcategory of the category "Ecossistemas costeiros brasileiros"? Answer only with "Part" or "Subcategory".
Part
2024-09-14 04:01:13,576 INFO Task-117 Info:
Natural beaches renamed to Untouched beaches
2024-09-14 04:01:15,429 INFO Task-125 Info:
Surfing beaches renamed to Surf beaches
2024-09-14 04:01:15,827 INFO Task-125 Prompt:
Ecossistemas costeiros brasileiros: "Ecossistemas costeiros brasileiros" is a Portuguese term that refers to the various ecosystems found along the coastline of Brazil. These ecosystems include a diverse range of habitats such as mangroves, sand dunes, lagoons, and coral reefs, each with its unique flora and fauna.
Surf beaches: These are beaches with waves suitable for surfing.
Can "Surf beaches" be considered a subcategory of "Ecossistemas costeiros brasileiros"? Answer only with yes or no.
No
2024-09-14 04:01:19,675 INFO Task-116 Info:
Isolated beaches renamed to Secluded beaches
2024-09-14 04:01:20,038 INFO Task-120 Info:
Private beaches renamed to Private beaches
2024-09-14 04:01:20,098 INFO Task-119 Prompt:
Ecossistemas costeiros brasileiros: "Ecossistemas costeiros brasileiros" is a Portuguese term that refers to the various ecosystems found along the coastline of Brazil. These ecosystems include a diverse range of habitats such as mangroves, sand dunes, lagoons, and coral reefs, each with its unique flora and fauna.
Party beaches: These are beaches known for their lively atmosphere and social events.
Can "Party beaches" be considered a subcategory of "Ecossistemas costeiros brasileiros"? Answer only with yes or no.
No
2024-09-14 04:01:21,334 INFO Task-116 Prompt:
Ecossistemas costeiros brasileiros: "Ecossistemas costeiros brasileiros" is a Portuguese term that refers to the various ecosystems found along the coastline of Brazil. These ecosystems include a diverse range of habitats such as mangroves, sand dunes, lagoons, and coral reefs, each with its unique flora and fauna.
Secluded beaches: These are remote or hard-to-reach beaches, often with few visitors.
Can "Secluded beaches" be considered a subcategory of "Ecossistemas costeiros brasileiros"? Answer only with yes or no.
No
2024-09-14 04:01:22,001 INFO Task-119 Info:
Party beaches renamed to Party beaches
2024-09-14 04:01:28,414 INFO Task-113 Info:
Diving beaches renamed to Diving beaches
2024-09-14 04:01:28,508 INFO Task-124 Info:
Snorkeling beaches renamed to Snorkeling beaches
2024-09-14 04:03:03,916 INFO Task-305 Prompt:
Ecossistemas costeiros brasileiros: "Ecossistemas costeiros brasileiros" is a Portuguese term that refers to the various ecosystems found along the coastline of Brazil. These ecosystems include a diverse range of habitats such as mangroves, sand dunes, lagoons, and coral reefs, each with its unique flora and fauna.
Coastal dune forests: A type of forest ecosystem located on sand dunes along the coast.
Is "Coastal dune forests" a part or a subcategory of the category "Ecossistemas costeiros brasileiros"? Answer only with "Part" or "Subcategory".
Part
2024-09-14 04:03:04,060 INFO Task-303 Prompt:
Ecossistemas costeiros brasileiros: "Ecossistemas costeiros brasileiros" is a Portuguese term that refers to the various ecosystems found along the coastline of Brazil. These ecosystems include a diverse range of habitats such as mangroves, sand dunes, lagoons, and coral reefs, each with its unique flora and fauna.
Seasonal deciduous forest: A type of forest ecosystem where the majority of trees lose their leaves seasonally, typically found in coastal regions with distinct wet and dry seasons.
Can "Seasonal deciduous forest" be considered a subcategory of "Ecossistemas costeiros brasileiros"? Answer only with yes or no.
No
2024-09-14 04:03:04,119 INFO Task-300 Prompt:
Ecossistemas costeiros brasileiros: "Ecossistemas costeiros brasileiros" is a Portuguese term that refers to the various ecosystems found along the coastline of Brazil. These ecosystems include a diverse range of habitats such as mangroves, sand dunes, lagoons, and coral reefs, each with its unique flora and fauna.
Atlantic rainforest: A type of tropical and subtropical forest ecosystem located along the Atlantic coast.
Is "Atlantic rainforest" a part or a subcategory of the category "Ecossistemas costeiros brasileiros"? Answer only with "Part" or "Subcategory".
Part
2024-09-14 04:03:04,123 INFO Task-299 Prompt:
Ecossistemas costeiros brasileiros: "Ecossistemas costeiros brasileiros" is a Portuguese term that refers to the various ecosystems found along the coastline of Brazil. These ecosystems include a diverse range of habitats such as mangroves, sand dunes, lagoons, and coral reefs, each with its unique flora and fauna.
Araucaria forest: A type of forest ecosystem dominated by the Araucaria tree species, typically found in coastal regions.
Can "Araucaria forest" be considered a subcategory of "Ecossistemas costeiros brasileiros"? Answer only with yes or no.
No
2024-09-14 04:03:04,692 INFO Task-303 Info:
Seasonal deciduous forest renamed to Seasonal deciduous coastal forests
2024-09-14 04:03:04,709 INFO Task-299 Info:
Araucaria forest renamed to Araucaria coastal forests
2024-09-14 04:03:05,059 INFO Task-304 Prompt:
Ecossistemas costeiros brasileiros: "Ecossistemas costeiros brasileiros" is a Portuguese term that refers to the various ecosystems found along the coastline of Brazil. These ecosystems include a diverse range of habitats such as mangroves, sand dunes, lagoons, and coral reefs, each with its unique flora and fauna.
Coastal forests: Wooded areas located near the coast, often influenced by the marine environment.
Seasonal semideciduous forest: A type of forest ecosystem where some trees lose their leaves seasonally, typically found in coastal regions with less distinct wet and dry seasons.
"Coastal forests" is a subcategory of "Ecossistemas costeiros brasileiros". Is "Seasonal semideciduous forest" typically understood as a subcategory of "Coastal forests"? Answer only with yes or no.
No
2024-09-14 04:03:06,363 INFO Task-299 Prompt:
Ecossistemas costeiros brasileiros: "Ecossistemas costeiros brasileiros" is a Portuguese term that refers to the various ecosystems found along the coastline of Brazil. These ecosystems include a diverse range of habitats such as mangroves, sand dunes, lagoons, and coral reefs, each with its unique flora and fauna.
Araucaria coastal forests: A type of forest ecosystem dominated by the Araucaria tree species, typically found in coastal regions.
Can "Araucaria coastal forests" be considered a subcategory of "Ecossistemas costeiros brasileiros"? Answer only with yes or no.
No
2024-09-14 04:03:09,086 INFO Task-304 Info:
Seasonal semideciduous forest renamed to Deciduous coastal forests
2024-09-14 04:03:14,523 INFO Task-302 Prompt:
Ecossistemas costeiros brasileiros: "Ecossistemas costeiros brasileiros" is a Portuguese term that refers to the various ecosystems found along the coastline of Brazil. These ecosystems include a diverse range of habitats such as mangroves, sand dunes, lagoons, and coral reefs, each with its unique flora and fauna.
Restinga forest: A type of forest ecosystem found on sandy, nutrient-poor soils in coastal regions.
Is "Restinga forest" a part or a subcategory of the category "Ecossistemas costeiros brasileiros"? Answer only with "Part" or "Subcategory".
Part
2024-09-14 04:05:29,626 INFO Task-1 Prompt:
Ecossistemas costeiros brasileiros: "Ecossistemas costeiros brasileiros" is a Portuguese term that refers to the various ecosystems found along the coastline of Brazil. These ecosystems include a diverse range of habitats such as mangroves, sand dunes, lagoons, and coral reefs, each with its unique flora and fauna.
Coastal savannas: Grasslands located near the coast, characterized by the presence of scattered trees and shrubs.
"Coastal savannas" is a subcategory of "Ecossistemas costeiros brasileiros". Are there any generally accepted subcategories of "Coastal savannas"? Answer only with yes or no.
No
2024-09-14 04:05:37,625 INFO Task-644 Prompt:
Ecossistemas costeiros brasileiros: "Ecossistemas costeiros brasileiros" is a Portuguese term that refers to the various ecosystems found along the coastline of Brazil. These ecosystems include a diverse range of habitats such as mangroves, sand dunes, lagoons, and coral reefs, each with its unique flora and fauna.
Ribbon reefs: These are long, narrow, somewhat sinuous reefs, usually associated with an outer shelf drop-off.
Is "Ribbon reefs" a part or a subcategory of the category "Ecossistemas costeiros brasileiros"? Answer only with "Part" or "Subcategory".
Part
2024-09-14 04:05:37,704 INFO Task-641 Prompt:
Ecossistemas costeiros brasileiros: "Ecossistemas costeiros brasileiros" is a Portuguese term that refers to the various ecosystems found along the coastline of Brazil. These ecosystems include a diverse range of habitats such as mangroves, sand dunes, lagoons, and coral reefs, each with its unique flora and fauna.
Fringing reefs: These are coral reefs that are directly attached to the shore of an island or continent.
Is "Fringing reefs" a part or a subcategory of the category "Ecossistemas costeiros brasileiros"? Answer only with "Part" or "Subcategory".
Part
2024-09-14 04:05:38,127 INFO Task-645 Prompt:
Ecossistemas costeiros brasileiros: "Ecossistemas costeiros brasileiros" is a Portuguese term that refers to the various ecosystems found along the coastline of Brazil. These ecosystems include a diverse range of habitats such as mangroves, sand dunes, lagoons, and coral reefs, each with its unique flora and fauna.
Seamount and guyot reefs: These are reefs that form on the tops of underwater mountains and flat-topped seamounts respectively.
Can "Seamount and guyot reefs" be considered a subcategory of "Ecossistemas costeiros brasileiros"? Answer only with yes or no.
No
2024-09-14 04:05:40,002 INFO Task-645 Info:
Seamount and guyot reefs renamed to Seamount and guyot reefs
2024-09-14 04:05:42,260 INFO Task-640 Prompt:
Ecossistemas costeiros brasileiros: "Ecossistemas costeiros brasileiros" is a Portuguese term that refers to the various ecosystems found along the coastline of Brazil. These ecosystems include a diverse range of habitats such as mangroves, sand dunes, lagoons, and coral reefs, each with its unique flora and fauna.
Coral reefs: Underwater ecosystems characterized by reef-building corals.
Cays: These are small, low-elevation, sandy islands formed on the surface of coral reefs.
"Coral reefs" is a subcategory of "Ecossistemas costeiros brasileiros". Is "Cays" typically understood as a subcategory of "Coral reefs"? Answer only with yes or no.
No
2024-09-14 04:05:44,002 INFO Task-640 Info:
Cays renamed to Cays
2024-09-14 04:05:49,208 INFO Task-646 Prompt:
Ecossistemas costeiros brasileiros: "Ecossistemas costeiros brasileiros" is a Portuguese term that refers to the various ecosystems found along the coastline of Brazil. These ecosystems include a diverse range of habitats such as mangroves, sand dunes, lagoons, and coral reefs, each with its unique flora and fauna.
Table reefs: These are isolated reefs, often nearly circular and radial, with a flat top and steep sides.
Is "Table reefs" a part or a subcategory of the category "Ecossistemas costeiros brasileiros"? Answer only with "Part" or "Subcategory".
Part
2024-09-14 04:07:37,030 INFO Task-794 Prompt:
Ecossistemas costeiros brasileiros: "Ecossistemas costeiros brasileiros" is a Portuguese term that refers to the various ecosystems found along the coastline of Brazil. These ecosystems include a diverse range of habitats such as mangroves, sand dunes, lagoons, and coral reefs, each with its unique flora and fauna.
White mangroves: A type of mangrove tree with lighter bark and leaves.
Is "White mangroves" a part or a subcategory of the category "Ecossistemas costeiros brasileiros"? Answer only with "Part" or "Subcategory".
Part
2024-09-14 04:07:37,211 INFO Task-793 Prompt:
Ecossistemas costeiros brasileiros: "Ecossistemas costeiros brasileiros" is a Portuguese term that refers to the various ecosystems found along the coastline of Brazil. These ecosystems include a diverse range of habitats such as mangroves, sand dunes, lagoons, and coral reefs, each with its unique flora and fauna.
Scrub mangroves: Short, shrubby mangrove trees that grow in areas with high salinity.
Is "Scrub mangroves" a part or a subcategory of the category "Ecossistemas costeiros brasileiros"? Answer only with "Part" or "Subcategory".
Part
2024-09-14 04:07:37,246 INFO Task-786 Prompt:
Ecossistemas costeiros brasileiros: "Ecossistemas costeiros brasileiros" is a Portuguese term that refers to the various ecosystems found along the coastline of Brazil. These ecosystems include a diverse range of habitats such as mangroves, sand dunes, lagoons, and coral reefs, each with its unique flora and fauna.
Dwarf mangroves: Smaller species of mangrove trees that grow in harsher conditions.
Is "Dwarf mangroves" a part or a subcategory of the category "Ecossistemas costeiros brasileiros"? Answer only with "Part" or "Subcategory".
Part
2024-09-14 04:07:37,261 INFO Task-785 Prompt:
Ecossistemas costeiros brasileiros: "Ecossistemas costeiros brasileiros" is a Portuguese term that refers to the various ecosystems found along the coastline of Brazil. These ecosystems include a diverse range of habitats such as mangroves, sand dunes, lagoons, and coral reefs, each with its unique flora and fauna.
Buttonwood mangroves: A type of mangrove tree with button-like fruits.
Is "Buttonwood mangroves" a part or a subcategory of the category "Ecossistemas costeiros brasileiros"? Answer only with "Part" or "Subcategory".
Part
2024-09-14 04:07:37,302 INFO Task-781 Prompt:
Ecossistemas costeiros brasileiros: "Ecossistemas costeiros brasileiros" is a Portuguese term that refers to the various ecosystems found along the coastline of Brazil. These ecosystems include a diverse range of habitats such as mangroves, sand dunes, lagoons, and coral reefs, each with its unique flora and fauna.
Mangrove swamps: Wetland areas dominated by mangrove trees.
Is "Mangrove swamps" a part or a subcategory of the category "Ecossistemas costeiros brasileiros"? Answer only with "Part" or "Subcategory".
Part
2024-09-14 04:07:37,325 INFO Task-784 Prompt:
Ecossistemas costeiros brasileiros: "Ecossistemas costeiros brasileiros" is a Portuguese term that refers to the various ecosystems found along the coastline of Brazil. These ecosystems include a diverse range of habitats such as mangroves, sand dunes, lagoons, and coral reefs, each with its unique flora and fauna.
Black mangroves: A type of mangrove tree known for its dark bark and pencil-like aerial roots.
Is "Black mangroves" a part or a subcategory of the category "Ecossistemas costeiros brasileiros"? Answer only with "Part" or "Subcategory".
Part
2024-09-14 04:07:37,439 INFO Task-792 Prompt:
Ecossistemas costeiros brasileiros: "Ecossistemas costeiros brasileiros" is a Portuguese term that refers to the various ecosystems found along the coastline of Brazil. These ecosystems include a diverse range of habitats such as mangroves, sand dunes, lagoons, and coral reefs, each with its unique flora and fauna.
Saltmarsh mangroves: Mangroves that grow in saltmarsh areas, often in cooler climates.
Is "Saltmarsh mangroves" a part or a subcategory of the category "Ecossistemas costeiros brasileiros"? Answer only with "Part" or "Subcategory".
Part
2024-09-14 04:08:04,913 INFO Task-790 Prompt:
Ecossistemas costeiros brasileiros: "Ecossistemas costeiros brasileiros" is a Portuguese term that refers to the various ecosystems found along the coastline of Brazil. These ecosystems include a diverse range of habitats such as mangroves, sand dunes, lagoons, and coral reefs, each with its unique flora and fauna.
Red mangroves: A type of mangrove tree known for its distinctive red roots.
Is "Red mangroves" a part or a subcategory of the category "Ecossistemas costeiros brasileiros"? Answer only with "Part" or "Subcategory".
Part
2024-09-14 04:08:04,958 INFO Task-787 Prompt:
Ecossistemas costeiros brasileiros: "Ecossistemas costeiros brasileiros" is a Portuguese term that refers to the various ecosystems found along the coastline of Brazil. These ecosystems include a diverse range of habitats such as mangroves, sand dunes, lagoons, and coral reefs, each with its unique flora and fauna.
Fringe mangroves: Mangroves that grow along the shoreline, directly influenced by tides.
Is "Fringe mangroves" a part or a subcategory of the category "Ecossistemas costeiros brasileiros"? Answer only with "Part" or "Subcategory".
Part
2024-09-14 04:10:58,733 INFO Task-1325 Prompt:
Ecossistemas costeiros brasileiros: "Ecossistemas costeiros brasileiros" is a Portuguese term that refers to the various ecosystems found along the coastline of Brazil. These ecosystems include a diverse range of habitats such as mangroves, sand dunes, lagoons, and coral reefs, each with its unique flora and fauna.
Low tide zone: This is the area that is usually submerged, only exposed during the period of extremely low tide.
Is "Low tide zone" a part or a subcategory of the category "Ecossistemas costeiros brasileiros"? Answer only with "Part" or "Subcategory".
Part
2024-09-14 04:11:01,982 INFO Task-1324 Prompt:
Ecossistemas costeiros brasileiros: "Ecossistemas costeiros brasileiros" is a Portuguese term that refers to the various ecosystems found along the coastline of Brazil. These ecosystems include a diverse range of habitats such as mangroves, sand dunes, lagoons, and coral reefs, each with its unique flora and fauna.
Intertidal zone: This is the area between the high tide and low tide mark, and is alternately covered and exposed by the sea.
Is "Intertidal zone" a part or a subcategory of the category "Ecossistemas costeiros brasileiros"? Answer only with "Part" or "Subcategory".
Part
2024-09-14 04:11:06,500 INFO Task-1326 Prompt:
Ecossistemas costeiros brasileiros: "Ecossistemas costeiros brasileiros" is a Portuguese term that refers to the various ecosystems found along the coastline of Brazil. These ecosystems include a diverse range of habitats such as mangroves, sand dunes, lagoons, and coral reefs, each with its unique flora and fauna.
Middle tide zone: This is the area that is regularly exposed and submerged by average tides.
Is "Middle tide zone" a part or a subcategory of the category "Ecossistemas costeiros brasileiros"? Answer only with "Part" or "Subcategory".
Part
2024-09-14 04:11:06,903 INFO Task-1323 Prompt:
Ecossistemas costeiros brasileiros: "Ecossistemas costeiros brasileiros" is a Portuguese term that refers to the various ecosystems found along the coastline of Brazil. These ecosystems include a diverse range of habitats such as mangroves, sand dunes, lagoons, and coral reefs, each with its unique flora and fauna.
High tide zone: This is the area that is often submerged, only exposed during the period of low tide.
Is "High tide zone" a part or a subcategory of the category "Ecossistemas costeiros brasileiros"? Answer only with "Part" or "Subcategory".
Part
2024-09-14 04:11:08,503 INFO Task-1329 Prompt:
Ecossistemas costeiros brasileiros: "Ecossistemas costeiros brasileiros" is a Portuguese term that refers to the various ecosystems found along the coastline of Brazil. These ecosystems include a diverse range of habitats such as mangroves, sand dunes, lagoons, and coral reefs, each with its unique flora and fauna.
Boulder fields: These are areas where the shore is covered with large, rounded rocks or boulders.
Can "Boulder fields" be considered a subcategory of "Ecossistemas costeiros brasileiros"? Answer only with yes or no.
No
2024-09-14 04:11:10,233 INFO Task-1329 Info:
Boulder fields renamed to Boulder shores
2024-09-14 04:11:15,189 INFO Task-1327 Prompt:
Ecossistemas costeiros brasileiros: "Ecossistemas costeiros brasileiros" is a Portuguese term that refers to the various ecosystems found along the coastline of Brazil. These ecosystems include a diverse range of habitats such as mangroves, sand dunes, lagoons, and coral reefs, each with its unique flora and fauna.
Splash zone: This is the area that is always above the high tide line, and is splashed, but not submerged by waves.
Is "Splash zone" a part or a subcategory of the category "Ecossistemas costeiros brasileiros"? Answer only with "Part" or "Subcategory".
Part
2024-09-14 04:11:15,201 INFO Task-1328 Prompt:
Ecossistemas costeiros brasileiros: "Ecossistemas costeiros brasileiros" is a Portuguese term that refers to the various ecosystems found along the coastline of Brazil. These ecosystems include a diverse range of habitats such as mangroves, sand dunes, lagoons, and coral reefs, each with its unique flora and fauna.
Subtidal zone: This is the area that is always submerged, even during the period of low tide.
Is "Subtidal zone" a part or a subcategory of the category "Ecossistemas costeiros brasileiros"? Answer only with "Part" or "Subcategory".
Part
2024-09-14 04:12:10,204 INFO Task-1 Prompt:
Ecossistemas costeiros brasileiros: "Ecossistemas costeiros brasileiros" is a Portuguese term that refers to the various ecosystems found along the coastline of Brazil. These ecosystems include a diverse range of habitats such as mangroves, sand dunes, lagoons, and coral reefs, each with its unique flora and fauna.
Tidal flats: Coastal wetlands that form when mud is deposited by the tides or rivers, seas, and oceans.
"Tidal flats" is a subcategory of "Ecossistemas costeiros brasileiros". Are there any generally accepted subcategories of "Tidal flats"? Answer only with yes or no.
No
2024-09-14 04:12:11,856 INFO Task-1 Prompt:
Ecossistemas costeiros brasileiros: "Ecossistemas costeiros brasileiros" is a Portuguese term that refers to the various ecosystems found along the coastline of Brazil. These ecosystems include a diverse range of habitats such as mangroves, sand dunes, lagoons, and coral reefs, each with its unique flora and fauna.
Beaches: Sandy or pebbly shores washed by the sea or a lake.
Fishing beaches: These are beaches where fishing is allowed and the conditions are suitable for catching fish.
"Beaches" is a subcategory of "Ecossistemas costeiros brasileiros". "Fishing beaches" is a subcategory of "Beaches". Are there any generally accepted subcategories of "Fishing beaches"? Answer only with yes or no.
No
2024-09-14 04:12:12,340 INFO Task-1 Prompt:
Ecossistemas costeiros brasileiros: "Ecossistemas costeiros brasileiros" is a Portuguese term that refers to the various ecosystems found along the coastline of Brazil. These ecosystems include a diverse range of habitats such as mangroves, sand dunes, lagoons, and coral reefs, each with its unique flora and fauna.
Beaches: Sandy or pebbly shores washed by the sea or a lake.
Rocky beaches: These are beaches characterized by rocky terrain rather than sand.
"Beaches" is a subcategory of "Ecossistemas costeiros brasileiros". "Rocky beaches" is a subcategory of "Beaches". Are there any generally accepted subcategories of "Rocky beaches"? Answer only with yes or no.
No
2024-09-14 04:12:35,799 INFO Task-1476 Prompt:
Ecossistemas costeiros brasileiros: "Ecossistemas costeiros brasileiros" is a Portuguese term that refers to the various ecosystems found along the coastline of Brazil. These ecosystems include a diverse range of habitats such as mangroves, sand dunes, lagoons, and coral reefs, each with its unique flora and fauna.
Backshore areas: These are areas of a beach that are only covered by water during very high tides or severe storms.
Is "Backshore areas" a part or a subcategory of the category "Ecossistemas costeiros brasileiros"? Answer only with "Part" or "Subcategory".
Part
2024-09-14 04:12:36,994 INFO Task-1487 Prompt:
Ecossistemas costeiros brasileiros: "Ecossistemas costeiros brasileiros" is a Portuguese term that refers to the various ecosystems found along the coastline of Brazil. These ecosystems include a diverse range of habitats such as mangroves, sand dunes, lagoons, and coral reefs, each with its unique flora and fauna.
Rocky sandy beaches: These are sandy beaches that have a significant presence of rocks or pebbles.
Is "Rocky sandy beaches" a part or a subcategory of the category "Ecossistemas costeiros brasileiros"? Answer only with "Part" or "Subcategory".
Part
2024-09-14 04:12:39,148 INFO Task-1481 Prompt:
Ecossistemas costeiros brasileiros: "Ecossistemas costeiros brasileiros" is a Portuguese term that refers to the various ecosystems found along the coastline of Brazil. These ecosystems include a diverse range of habitats such as mangroves, sand dunes, lagoons, and coral reefs, each with its unique flora and fauna.
Intertidal zones: These are areas that are above water at low tide and under water at high tide.
Is "Intertidal zones" a part or a subcategory of the category "Ecossistemas costeiros brasileiros"? Answer only with "Part" or "Subcategory".
Part
2024-09-14 04:12:41,400 INFO Task-1485 Prompt:
Ecossistemas costeiros brasileiros: "Ecossistemas costeiros brasileiros" is a Portuguese term that refers to the various ecosystems found along the coastline of Brazil. These ecosystems include a diverse range of habitats such as mangroves, sand dunes, lagoons, and coral reefs, each with its unique flora and fauna.
Eroding sandy beaches: These are sandy beaches that are decreasing in size due to erosion.
Is "Eroding sandy beaches" a part or a subcategory of the category "Ecossistemas costeiros brasileiros"? Answer only with "Part" or "Subcategory".
Part
2024-09-14 04:12:51,939 INFO Task-1482 Prompt:
Ecossistemas costeiros brasileiros: "Ecossistemas costeiros brasileiros" is a Portuguese term that refers to the various ecosystems found along the coastline of Brazil. These ecosystems include a diverse range of habitats such as mangroves, sand dunes, lagoons, and coral reefs, each with its unique flora and fauna.
Nearshore areas: These are areas that extend from the high tide line to depths where waves begin to break.
Is "Nearshore areas" a part or a subcategory of the category "Ecossistemas costeiros brasileiros"? Answer only with "Part" or "Subcategory".
Part
2024-09-14 04:12:55,494 INFO Task-1477 Info:
Beach fauna renamed to Fauna of sandy beaches
2024-09-14 04:13:09,436 INFO Task-1483 Prompt:
Ecossistemas costeiros brasileiros: "Ecossistemas costeiros brasileiros" is a Portuguese term that refers to the various ecosystems found along the coastline of Brazil. These ecosystems include a diverse range of habitats such as mangroves, sand dunes, lagoons, and coral reefs, each with its unique flora and fauna.
Sandy beaches: These are beaches with a surface primarily composed of sand.
Offshore areas: These are areas that are seaward of the nearshore area, where water depths typically prevent wave action from significantly affecting the seabed.
"Sandy beaches" is a subcategory of "Ecossistemas costeiros brasileiros". Is "Offshore areas" typically understood as a subcategory of "Sandy beaches"? Answer only with yes or no.
No
2024-09-14 04:13:09,971 INFO Task-1483 Info:
Offshore areas renamed to Offshore zones
2024-09-14 04:13:12,295 INFO Task-1483 Prompt:
Ecossistemas costeiros brasileiros: "Ecossistemas costeiros brasileiros" is a Portuguese term that refers to the various ecosystems found along the coastline of Brazil. These ecosystems include a diverse range of habitats such as mangroves, sand dunes, lagoons, and coral reefs, each with its unique flora and fauna.
Sandy beaches: These are beaches with a surface primarily composed of sand.
Offshore zones: These are areas that are seaward of the nearshore area, where water depths typically prevent wave action from significantly affecting the seabed.
"Sandy beaches" is a subcategory of "Ecossistemas costeiros brasileiros". Is "Offshore zones" typically understood as a subcategory of "Sandy beaches"? Answer only with yes or no.
No
2024-09-14 04:13:52,443 INFO Task-1 Prompt:
"X" is a subcategory of "Y" if every element of "X" is also an element of "Y". In other words, "X" is a subset of "Y". This means the more general term of them is "Y". "Y" is a more general category that includes "X" as a subcategory.
Ecossistemas costeiros brasileiros: "Ecossistemas costeiros brasileiros" is a Portuguese term that refers to the various ecosystems found along the coastline of Brazil. These ecosystems include a diverse range of habitats such as mangroves, sand dunes, lagoons, and coral reefs, each with its unique flora and fauna.
Foreshore areas: These are parts of a beach that lie between the high and low tide lines.
Sandy beaches: These are beaches with a surface primarily composed of sand.
Consider the terms "Foreshore areas" and "Sandy beaches". Which of the terms is a subcategory of the other one? Answer in the following scheme: [[X]] is a subcategory of [[Y]].
[[Sandy beaches]] is a subcategory of [[Foreshore areas]].
2024-09-14 04:15:37,250 INFO Task-1 Prompt:
Ecossistemas costeiros brasileiros: "Ecossistemas costeiros brasileiros" is a Portuguese term that refers to the various ecosystems found along the coastline of Brazil. These ecosystems include a diverse range of habitats such as mangroves, sand dunes, lagoons, and coral reefs, each with its unique flora and fauna.
Beaches: Sandy or pebbly shores washed by the sea or a lake.
Urban beaches: These are man-made beaches, often created in urban areas for recreational purposes.
"Beaches" is a subcategory of "Ecossistemas costeiros brasileiros". "Urban beaches" is a subcategory of "Beaches". Are there any generally accepted subcategories of "Urban beaches"? Answer only with yes or no.
No
2024-09-14 04:15:37,662 INFO Task-1 Prompt:
Ecossistemas costeiros brasileiros: "Ecossistemas costeiros brasileiros" is a Portuguese term that refers to the various ecosystems found along the coastline of Brazil. These ecosystems include a diverse range of habitats such as mangroves, sand dunes, lagoons, and coral reefs, each with its unique flora and fauna.
Beaches: Sandy or pebbly shores washed by the sea or a lake.
Untouched beaches: These are beaches that have not been significantly altered by human activity.
"Beaches" is a subcategory of "Ecossistemas costeiros brasileiros". "Untouched beaches" is a subcategory of "Beaches". Are there any generally accepted subcategories of "Untouched beaches"? Answer only with yes or no.
No
2024-09-14 04:15:39,355 INFO Task-1 Prompt:
Ecossistemas costeiros brasileiros: "Ecossistemas costeiros brasileiros" is a Portuguese term that refers to the various ecosystems found along the coastline of Brazil. These ecosystems include a diverse range of habitats such as mangroves, sand dunes, lagoons, and coral reefs, each with its unique flora and fauna.
Coastal forests: Wooded areas located near the coast, often influenced by the marine environment.
Amazon coastal forest: A type of forest ecosystem located along the coast of the Amazon region.
"Coastal forests" is a subcategory of "Ecossistemas costeiros brasileiros". "Amazon coastal forest" is a subcategory of "Coastal forests". Are there any generally accepted subcategories of "Amazon coastal forest"? Answer only with yes or no.
No
2024-09-14 04:15:39,784 INFO Task-1 Prompt:
Ecossistemas costeiros brasileiros: "Ecossistemas costeiros brasileiros" is a Portuguese term that refers to the various ecosystems found along the coastline of Brazil. These ecosystems include a diverse range of habitats such as mangroves, sand dunes, lagoons, and coral reefs, each with its unique flora and fauna.
Coastal forests: Wooded areas located near the coast, often influenced by the marine environment.
Mangrove forest: A type of forest ecosystem characterized by the presence of mangrove tree species, typically found in tidal areas along the coast.
"Coastal forests" is a subcategory of "Ecossistemas costeiros brasileiros". "Mangrove forest" is a subcategory of "Coastal forests". Are there any generally accepted subcategories of "Mangrove forest"? Answer only with yes or no.
No
2024-09-14 04:15:41,523 INFO Task-1 Prompt:
Ecossistemas costeiros brasileiros: "Ecossistemas costeiros brasileiros" is a Portuguese term that refers to the various ecosystems found along the coastline of Brazil. These ecosystems include a diverse range of habitats such as mangroves, sand dunes, lagoons, and coral reefs, each with its unique flora and fauna.
Coastal forests: Wooded areas located near the coast, often influenced by the marine environment.
Coastal pine forests: A type of forest ecosystem dominated by pine tree species, typically found in coastal regions.
"Coastal forests" is a subcategory of "Ecossistemas costeiros brasileiros". "Coastal pine forests" is a subcategory of "Coastal forests". Are there any generally accepted subcategories of "Coastal pine forests"? Answer only with yes or no.
No
2024-09-14 04:15:43,153 INFO Task-1 Prompt:
Ecossistemas costeiros brasileiros: "Ecossistemas costeiros brasileiros" is a Portuguese term that refers to the various ecosystems found along the coastline of Brazil. These ecosystems include a diverse range of habitats such as mangroves, sand dunes, lagoons, and coral reefs, each with its unique flora and fauna.
Coastal forests: Wooded areas located near the coast, often influenced by the marine environment.
Coastal rainforests: A type of tropical and subtropical forest ecosystem located along the coast, characterized by high rainfall.
"Coastal forests" is a subcategory of "Ecossistemas costeiros brasileiros". "Coastal rainforests" is a subcategory of "Coastal forests". Are there any generally accepted subcategories of "Coastal rainforests"? Answer only with yes or no.
No
2024-09-14 04:15:43,594 INFO Task-1 Prompt:
Ecossistemas costeiros brasileiros: "Ecossistemas costeiros brasileiros" is a Portuguese term that refers to the various ecosystems found along the coastline of Brazil. These ecosystems include a diverse range of habitats such as mangroves, sand dunes, lagoons, and coral reefs, each with its unique flora and fauna.
Coastal forests: Wooded areas located near the coast, often influenced by the marine environment.
Coastal scrub forests: A type of forest ecosystem characterized by shrubby vegetation, typically found in coastal regions with poor soil conditions.
"Coastal forests" is a subcategory of "Ecossistemas costeiros brasileiros". "Coastal scrub forests" is a subcategory of "Coastal forests". Are there any generally accepted subcategories of "Coastal scrub forests"? Answer only with yes or no.
No
2024-09-14 04:15:45,196 INFO Task-1 Prompt:
Ecossistemas costeiros brasileiros: "Ecossistemas costeiros brasileiros" is a Portuguese term that refers to the various ecosystems found along the coastline of Brazil. These ecosystems include a diverse range of habitats such as mangroves, sand dunes, lagoons, and coral reefs, each with its unique flora and fauna.
Coastal forests: Wooded areas located near the coast, often influenced by the marine environment.
Mangrove forests: A type of forest ecosystem characterized by the presence of mangrove tree species, typically found in tidal areas along the coast.
"Coastal forests" is a subcategory of "Ecossistemas costeiros brasileiros". "Mangrove forests" is a subcategory of "Coastal forests". Are there any generally accepted subcategories of "Mangrove forests"? Answer only with yes or no.
No
2024-09-14 04:15:46,797 INFO Task-1 Prompt:
Ecossistemas costeiros brasileiros: "Ecossistemas costeiros brasileiros" is a Portuguese term that refers to the various ecosystems found along the coastline of Brazil. These ecosystems include a diverse range of habitats such as mangroves, sand dunes, lagoons, and coral reefs, each with its unique flora and fauna.
Coastal forests: Wooded areas located near the coast, often influenced by the marine environment.
Maritime forests: A type of forest ecosystem located in coastal regions, typically characterized by the presence of tree species adapted to salt spray and wind.
"Coastal forests" is a subcategory of "Ecossistemas costeiros brasileiros". "Maritime forests" is a subcategory of "Coastal forests". Are there any generally accepted subcategories of "Maritime forests"? Answer only with yes or no.
No
2024-09-14 04:15:47,180 INFO Task-1 Prompt:
Ecossistemas costeiros brasileiros: "Ecossistemas costeiros brasileiros" is a Portuguese term that refers to the various ecosystems found along the coastline of Brazil. These ecosystems include a diverse range of habitats such as mangroves, sand dunes, lagoons, and coral reefs, each with its unique flora and fauna.
Coastal forests: Wooded areas located near the coast, often influenced by the marine environment.
Seasonal deciduous coastal forests: A type of forest ecosystem where the majority of trees lose their leaves seasonally, typically found in coastal regions with distinct wet and dry seasons.
"Coastal forests" is a subcategory of "Ecossistemas costeiros brasileiros". "Seasonal deciduous coastal forests" is a subcategory of "Coastal forests". Are there any generally accepted subcategories of "Seasonal deciduous coastal forests"? Answer only with yes or no.
No
2024-09-14 04:15:48,792 INFO Task-1 Prompt:
Ecossistemas costeiros brasileiros: "Ecossistemas costeiros brasileiros" is a Portuguese term that refers to the various ecosystems found along the coastline of Brazil. These ecosystems include a diverse range of habitats such as mangroves, sand dunes, lagoons, and coral reefs, each with its unique flora and fauna.
Coastal forests: Wooded areas located near the coast, often influenced by the marine environment.
Deciduous coastal forests: A type of forest ecosystem where some trees lose their leaves seasonally, typically found in coastal regions with less distinct wet and dry seasons.
"Coastal forests" is a subcategory of "Ecossistemas costeiros brasileiros". "Deciduous coastal forests" is a subcategory of "Coastal forests". Are there any generally accepted subcategories of "Deciduous coastal forests"? Answer only with yes or no.
No
2024-09-14 04:15:49,239 INFO Task-1 Prompt:
Ecossistemas costeiros brasileiros: "Ecossistemas costeiros brasileiros" is a Portuguese term that refers to the various ecosystems found along the coastline of Brazil. These ecosystems include a diverse range of habitats such as mangroves, sand dunes, lagoons, and coral reefs, each with its unique flora and fauna.
Coral reefs: Underwater ecosystems characterized by reef-building corals.
Atoll reefs: These are circular or oval coral reefs that enclose a central lagoon.
"Coral reefs" is a subcategory of "Ecossistemas costeiros brasileiros". "Atoll reefs" is a subcategory of "Coral reefs". Are there any generally accepted subcategories of "Atoll reefs"? Answer only with yes or no.
No
2024-09-14 04:15:50,866 INFO Task-1 Prompt:
Ecossistemas costeiros brasileiros: "Ecossistemas costeiros brasileiros" is a Portuguese term that refers to the various ecosystems found along the coastline of Brazil. These ecosystems include a diverse range of habitats such as mangroves, sand dunes, lagoons, and coral reefs, each with its unique flora and fauna.
Coral reefs: Underwater ecosystems characterized by reef-building corals.
Barrier reefs: These are extensive linear coral reefs that run parallel to the coast but are separated from it by a wide, deep lagoon.
"Coral reefs" is a subcategory of "Ecossistemas costeiros brasileiros". "Barrier reefs" is a subcategory of "Coral reefs". Are there any generally accepted subcategories of "Barrier reefs"? Answer only with yes or no.
No
2024-09-14 04:15:52,519 INFO Task-1 Prompt:
Ecossistemas costeiros brasileiros: "Ecossistemas costeiros brasileiros" is a Portuguese term that refers to the various ecosystems found along the coastline of Brazil. These ecosystems include a diverse range of habitats such as mangroves, sand dunes, lagoons, and coral reefs, each with its unique flora and fauna.
Coral reefs: Underwater ecosystems characterized by reef-building corals.
Microatolls: These are small circular outcrops of coral that are often found in very shallow water.
"Coral reefs" is a subcategory of "Ecossistemas costeiros brasileiros". "Microatolls" is a subcategory of "Coral reefs". Are there any generally accepted subcategories of "Microatolls"? Answer only with yes or no.
No
2024-09-14 04:15:52,957 INFO Task-1 Prompt:
Ecossistemas costeiros brasileiros: "Ecossistemas costeiros brasileiros" is a Portuguese term that refers to the various ecosystems found along the coastline of Brazil. These ecosystems include a diverse range of habitats such as mangroves, sand dunes, lagoons, and coral reefs, each with its unique flora and fauna.
Coral reefs: Underwater ecosystems characterized by reef-building corals.
Patch reefs: These are isolated, relatively small reefs that occur in the lagoon between a barrier reef and a fringing reef or land.
"Coral reefs" is a subcategory of "Ecossistemas costeiros brasileiros". "Patch reefs" is a subcategory of "Coral reefs". Are there any generally accepted subcategories of "Patch reefs"? Answer only with yes or no.
No
2024-09-14 04:15:54,559 INFO Task-1 Prompt:
Ecossistemas costeiros brasileiros: "Ecossistemas costeiros brasileiros" is a Portuguese term that refers to the various ecosystems found along the coastline of Brazil. These ecosystems include a diverse range of habitats such as mangroves, sand dunes, lagoons, and coral reefs, each with its unique flora and fauna.
Rocky shores: Coastal areas where solid rock predominates.
Cliffs: These are steep or vertical rock faces at the edge of the coast.
"Rocky shores" is a subcategory of "Ecossistemas costeiros brasileiros". "Cliffs" is a subcategory of "Rocky shores". Are there any generally accepted subcategories of "Cliffs"? Answer only with yes or no.
No
2024-09-14 04:15:55,027 INFO Task-1 Prompt:
Ecossistemas costeiros brasileiros: "Ecossistemas costeiros brasileiros" is a Portuguese term that refers to the various ecosystems found along the coastline of Brazil. These ecosystems include a diverse range of habitats such as mangroves, sand dunes, lagoons, and coral reefs, each with its unique flora and fauna.
Rocky shores: Coastal areas where solid rock predominates.
Sea caves: These are types of caves formed primarily by the wave action of the sea.
"Rocky shores" is a subcategory of "Ecossistemas costeiros brasileiros". "Sea caves" is a subcategory of "Rocky shores". Are there any generally accepted subcategories of "Sea caves"? Answer only with yes or no.
No
2024-09-14 04:15:56,689 INFO Task-1 Prompt:
Ecossistemas costeiros brasileiros: "Ecossistemas costeiros brasileiros" is a Portuguese term that refers to the various ecosystems found along the coastline of Brazil. These ecosystems include a diverse range of habitats such as mangroves, sand dunes, lagoons, and coral reefs, each with its unique flora and fauna.
Rocky shores: Coastal areas where solid rock predominates.
Tidal pools: These are pools of water that are left behind after the tide recedes.
"Rocky shores" is a subcategory of "Ecossistemas costeiros brasileiros". "Tidal pools" is a subcategory of "Rocky shores". Are there any generally accepted subcategories of "Tidal pools"? Answer only with yes or no.
No
2024-09-14 04:15:57,157 INFO Task-1 Prompt:
Ecossistemas costeiros brasileiros: "Ecossistemas costeiros brasileiros" is a Portuguese term that refers to the various ecosystems found along the coastline of Brazil. These ecosystems include a diverse range of habitats such as mangroves, sand dunes, lagoons, and coral reefs, each with its unique flora and fauna.
Rocky shores: Coastal areas where solid rock predominates.
Wave-cut platforms: These are narrow, flat areas often found at the base of a sea cliff, formed by the erosion of waves.
"Rocky shores" is a subcategory of "Ecossistemas costeiros brasileiros". "Wave-cut platforms" is a subcategory of "Rocky shores". Are there any generally accepted subcategories of "Wave-cut platforms"? Answer only with yes or no.
No
2024-09-14 04:15:58,828 INFO Task-1 Prompt:
Ecossistemas costeiros brasileiros: "Ecossistemas costeiros brasileiros" is a Portuguese term that refers to the various ecosystems found along the coastline of Brazil. These ecosystems include a diverse range of habitats such as mangroves, sand dunes, lagoons, and coral reefs, each with its unique flora and fauna.
Rocky shores: Coastal areas where solid rock predominates.
Boulder shores: These are areas where the shore is covered with large, rounded rocks or boulders.
"Rocky shores" is a subcategory of "Ecossistemas costeiros brasileiros". "Boulder shores" is a subcategory of "Rocky shores". Are there any generally accepted subcategories of "Boulder shores"? Answer only with yes or no.
No
