2024-03-12 03:06:48,336 INFO Task-1 Prompt:
Brazilian Water Resources: Brazilian Water Resources refer to the various bodies of water, such as rivers, lakes, and aquifers, that are found within the borders of Brazil and are essential for supporting the country's ecosystems and human populations.
List all of the most important subcategories of "Brazilian Water Resources". Skip explanations and use a comma-separated format like this:
Important subcategory, Another important subcategory, Another important subcategory, etc.
Start your answer with "Surface".
Surface Water, Groundwater, Aquifers, Rivers, Lakes, Reservoirs, Wetlands, Coastal Waters, Estuaries, Waterfalls
2024-03-12 03:06:49,629 INFO Task-1 Prompt:
Brazilian Water Resources: Brazilian Water Resources refer to the various bodies of water, such as rivers, lakes, and aquifers, that are found within the borders of Brazil and are essential for supporting the country's ecosystems and human populations.
List all of the most important subcategories of "Brazilian Water Resources" in a comma-separated format, skip explanations.
Estuaries, Surface water, Waterfalls
Give a brief description of every term on the list, considered as a subcategory of Brazilian Water Resources, without the use of examples, in the following form:
List element 1: brief description of list element 1.
List element 2: brief description of list element 2.
...
Estuaries: Coastal bodies of water where freshwater from rivers mixes with saltwater from the ocean.
Surface water: Water found in rivers, lakes, and reservoirs on the Earth's surface.
Waterfalls: Vertical drops in a river or stream caused by changes in the riverbed's elevation.
2024-03-12 03:06:50,037 INFO Task-22 Prompt:
Brazilian Water Resources: Brazilian Water Resources refer to the various bodies of water, such as rivers, lakes, and aquifers, that are found within the borders of Brazil and are essential for supporting the country's ecosystems and human populations.
Waterfalls: Vertical drops in a river or stream caused by changes in the riverbed's elevation.
Is "Waterfalls" a specific instance or a subcategory of the category "Brazilian Water Resources"? Answer only with "Instance" or "Subcategory".
Instance
2024-03-12 03:06:50,107 INFO Task-20 Prompt:
Brazilian Water Resources: Brazilian Water Resources refer to the various bodies of water, such as rivers, lakes, and aquifers, that are found within the borders of Brazil and are essential for supporting the country's ecosystems and human populations.
Estuaries: Coastal bodies of water where freshwater from rivers mixes with saltwater from the ocean.
Is "Estuaries" a specific instance or a subcategory of the category "Brazilian Water Resources"? Answer only with "Instance" or "Subcategory".
Subcategory
2024-03-12 03:06:50,112 INFO Task-21 Prompt:
Brazilian Water Resources: Brazilian Water Resources refer to the various bodies of water, such as rivers, lakes, and aquifers, that are found within the borders of Brazil and are essential for supporting the country's ecosystems and human populations.
Surface water: Water found in rivers, lakes, and reservoirs on the Earth's surface.
Is "Surface water" a specific instance or a subcategory of the category "Brazilian Water Resources"? Answer only with "Instance" or "Subcategory".
Subcategory
2024-03-12 03:06:50,531 INFO Task-20 Prompt:
Brazilian Water Resources: Brazilian Water Resources refer to the various bodies of water, such as rivers, lakes, and aquifers, that are found within the borders of Brazil and are essential for supporting the country's ecosystems and human populations.
Estuaries: Coastal bodies of water where freshwater from rivers mixes with saltwater from the ocean.
Is "Estuaries" a part or a subcategory of the category "Brazilian Water Resources"? Answer only with "Part" or "Subcategory".
Subcategory
2024-03-12 03:06:50,536 INFO Task-21 Prompt:
Brazilian Water Resources: Brazilian Water Resources refer to the various bodies of water, such as rivers, lakes, and aquifers, that are found within the borders of Brazil and are essential for supporting the country's ecosystems and human populations.
Surface water: Water found in rivers, lakes, and reservoirs on the Earth's surface.
Is "Surface water" a part or a subcategory of the category "Brazilian Water Resources"? Answer only with "Part" or "Subcategory".
Part
2024-03-12 03:06:51,061 INFO Task-20 Prompt:
Brazilian Water Resources: Brazilian Water Resources refer to the various bodies of water, such as rivers, lakes, and aquifers, that are found within the borders of Brazil and are essential for supporting the country's ecosystems and human populations.
Estuaries: Coastal bodies of water where freshwater from rivers mixes with saltwater from the ocean.
Can "Estuaries" be considered a subcategory of "Brazilian Water Resources"? Answer only with yes or no.
Yes
2024-03-12 03:06:51,957 INFO Task-20 Prompt:
Brazilian Water Resources: Brazilian Water Resources refer to the various bodies of water, such as rivers, lakes, and aquifers, that are found within the borders of Brazil and are essential for supporting the country's ecosystems and human populations.
Estuaries: Coastal bodies of water where freshwater from rivers mixes with saltwater from the ocean.
Is "Estuaries" typically understood as a subcategory of "Brazilian Water Resources"? Answer only with yes or no.
Yes
2024-03-12 03:06:52,419 INFO Task-36 Prompt:
Brazilian Water Resources: Brazilian Water Resources refer to the various bodies of water, such as rivers, lakes, and aquifers, that are found within the borders of Brazil and are essential for supporting the country's ecosystems and human populations.
Reservoirs: Artificial lakes created by damming rivers, used for water supply, flood control, hydropower generation, and recreational activities.
Estuaries: Coastal bodies of water where freshwater from rivers mixes with saltwater from the ocean.
"Reservoirs" is a subcategory of "Brazilian Water Resources". Is "Estuaries" typically understood as a subcategory of "Reservoirs"? Answer only with yes or no.
No
2024-03-12 03:06:52,850 INFO Task-35 Prompt:
Brazilian Water Resources: Brazilian Water Resources refer to the various bodies of water, such as rivers, lakes, and aquifers, that are found within the borders of Brazil and are essential for supporting the country's ecosystems and human populations.
Lakes: Inland bodies of water that vary in size and depth, serving as habitats for aquatic life and important for water storage and recreation.
Estuaries: Coastal bodies of water where freshwater from rivers mixes with saltwater from the ocean.
"Lakes" is a subcategory of "Brazilian Water Resources". Is "Estuaries" typically understood as a subcategory of "Lakes"? Answer only with yes or no.
No
2024-03-12 03:06:53,268 INFO Task-38 Prompt:
Brazilian Water Resources: Brazilian Water Resources refer to the various bodies of water, such as rivers, lakes, and aquifers, that are found within the borders of Brazil and are essential for supporting the country's ecosystems and human populations.
Estuaries: Coastal bodies of water where freshwater from rivers mixes with saltwater from the ocean.
Reservoirs: Artificial lakes created by damming rivers, used for water supply, flood control, hydropower generation, and recreational activities.
"Estuaries" is a subcategory of "Brazilian Water Resources". Is "Reservoirs" typically understood as a subcategory of "Estuaries"? Answer only with yes or no.
No
2024-03-12 03:06:53,789 INFO Task-37 Prompt:
Brazilian Water Resources: Brazilian Water Resources refer to the various bodies of water, such as rivers, lakes, and aquifers, that are found within the borders of Brazil and are essential for supporting the country's ecosystems and human populations.
Estuaries: Coastal bodies of water where freshwater from rivers mixes with saltwater from the ocean.
Lakes: Inland bodies of water that vary in size and depth, serving as habitats for aquatic life and important for water storage and recreation.
"Estuaries" is a subcategory of "Brazilian Water Resources". Is "Lakes" typically understood as a subcategory of "Estuaries"? Answer only with yes or no.
No
2024-03-12 03:06:54,682 INFO Task-1 Prompt:
Brazilian Water Resources: Brazilian Water Resources refer to the various bodies of water, such as rivers, lakes, and aquifers, that are found within the borders of Brazil and are essential for supporting the country's ecosystems and human populations.
Lakes: Inland bodies of water that vary in size and depth, serving as habitats for aquatic life and important for water storage and recreation.
"Lakes" is a subcategory of "Brazilian Water Resources". List all of the most important subcategories of "Lakes". Skip explanations and use a comma-separated format like this:
Important subcategory, Another important subcategory, Another important subcategory, etc.
Start your answer with "Amazon".
Amazon, Pantanal, Tocantins-Araguaia, Rio Negro, Parana-Paraguay
2024-03-12 03:06:55,506 INFO Task-1 Prompt:
Brazilian Water Resources: Brazilian Water Resources refer to the various bodies of water, such as rivers, lakes, and aquifers, that are found within the borders of Brazil and are essential for supporting the country's ecosystems and human populations.
Lakes: Inland bodies of water that vary in size and depth, serving as habitats for aquatic life and important for water storage and recreation.
"Lakes" is a subcategory of "Brazilian Water Resources". List all of the most important subcategories of "Lakes". Skip explanations and use a comma-separated format like this:
Important subcategory, Another important subcategory, Another important subcategory, etc.
Start your answer with "Art".
Artificial Lakes, Natural Lakes, Oxbow Lakes, Crater Lakes, Glacial Lakes
2024-03-12 03:06:56,148 INFO Task-1 Prompt:
Brazilian Water Resources: Brazilian Water Resources refer to the various bodies of water, such as rivers, lakes, and aquifers, that are found within the borders of Brazil and are essential for supporting the country's ecosystems and human populations.
Lakes: Inland bodies of water that vary in size and depth, serving as habitats for aquatic life and important for water storage and recreation.
"Lakes" is a subcategory of "Brazilian Water Resources". List all of the most important subcategories of "Lakes". Skip explanations and use a comma-separated format like this:
Important subcategory, Another important subcategory, Another important subcategory, etc.
Start your answer with "Fresh".
Freshwater Lakes, Saltwater Lakes, Oxbow Lakes, Crater Lakes, Glacial Lakes
2024-03-12 03:07:01,691 INFO Task-1 Prompt:
Brazilian Water Resources: Brazilian Water Resources refer to the various bodies of water, such as rivers, lakes, and aquifers, that are found within the borders of Brazil and are essential for supporting the country's ecosystems and human populations.
Lakes: Inland bodies of water that vary in size and depth, serving as habitats for aquatic life and important for water storage and recreation.
List all of the most important subcategories of "Lakes" in a comma-separated format, skip explanations.
Amazon, Pantanal, Parana-paraguay, Rio negro, Tocantins-araguaia, Artificial lakes, Crater lakes, Glacial lakes, Freshwater lakes, Saltwater lakes
Give a brief description of every term on the list, considered as a subcategory of Lakes, without the use of examples, in the following form:
List element 1: brief description of list element 1.
List element 2: brief description of list element 2.
...
Amazon: Lakes located in the Amazon region of Brazil.
Pantanal: Lakes found in the Pantanal wetlands.
Parana-paraguay: Lakes associated with the Parana-Paraguay river system.
Rio negro: Lakes connected to the Rio Negro river.
Tocantins-araguaia: Lakes related to the Tocantins-Araguaia river basin.
Artificial lakes: Man-made lakes created for various purposes.
Crater lakes: Lakes formed in volcanic craters.
Glacial lakes: Lakes formed by the melting of glaciers.
Freshwater lakes: Lakes with predominantly fresh water.
Saltwater lakes: Lakes with high salinity levels.
2024-03-12 03:07:02,056 INFO Task-44 Prompt:
Brazilian Water Resources: Brazilian Water Resources refer to the various bodies of water, such as rivers, lakes, and aquifers, that are found within the borders of Brazil and are essential for supporting the country's ecosystems and human populations.
Amazon: Lakes located in the Amazon region of Brazil.
Is "Amazon" a specific instance or a subcategory of the category "Brazilian Water Resources"? Answer only with "Instance" or "Subcategory".
Instance
2024-03-12 03:07:02,153 INFO Task-46 Prompt:
Brazilian Water Resources: Brazilian Water Resources refer to the various bodies of water, such as rivers, lakes, and aquifers, that are found within the borders of Brazil and are essential for supporting the country's ecosystems and human populations.
Parana-paraguay: Lakes associated with the Parana-Paraguay river system.
Is "Parana-paraguay" a specific instance or a subcategory of the category "Brazilian Water Resources"? Answer only with "Instance" or "Subcategory".
Instance
2024-03-12 03:07:02,304 INFO Task-55 Prompt:
Brazilian Water Resources: Brazilian Water Resources refer to the various bodies of water, such as rivers, lakes, and aquifers, that are found within the borders of Brazil and are essential for supporting the country's ecosystems and human populations.
Saltwater lakes: Lakes with high salinity levels.
Is "Saltwater lakes" a specific instance or a subcategory of the category "Brazilian Water Resources"? Answer only with "Instance" or "Subcategory".
Subcategory
2024-03-12 03:07:02,304 INFO Task-54 Prompt:
Brazilian Water Resources: Brazilian Water Resources refer to the various bodies of water, such as rivers, lakes, and aquifers, that are found within the borders of Brazil and are essential for supporting the country's ecosystems and human populations.
Freshwater lakes: Lakes with predominantly fresh water.
Is "Freshwater lakes" a specific instance or a subcategory of the category "Brazilian Water Resources"? Answer only with "Instance" or "Subcategory".
Subcategory
2024-03-12 03:07:02,321 INFO Task-45 Prompt:
Brazilian Water Resources: Brazilian Water Resources refer to the various bodies of water, such as rivers, lakes, and aquifers, that are found within the borders of Brazil and are essential for supporting the country's ecosystems and human populations.
Pantanal: Lakes found in the Pantanal wetlands.
Is "Pantanal" a specific instance or a subcategory of the category "Brazilian Water Resources"? Answer only with "Instance" or "Subcategory".
Instance
2024-03-12 03:07:02,353 INFO Task-49 Prompt:
Brazilian Water Resources: Brazilian Water Resources refer to the various bodies of water, such as rivers, lakes, and aquifers, that are found within the borders of Brazil and are essential for supporting the country's ecosystems and human populations.
Artificial lakes: Man-made lakes created for various purposes.
Is "Artificial lakes" a specific instance or a subcategory of the category "Brazilian Water Resources"? Answer only with "Instance" or "Subcategory".
Subcategory
2024-03-12 03:07:02,384 INFO Task-51 Prompt:
Brazilian Water Resources: Brazilian Water Resources refer to the various bodies of water, such as rivers, lakes, and aquifers, that are found within the borders of Brazil and are essential for supporting the country's ecosystems and human populations.
Glacial lakes: Lakes formed by the melting of glaciers.
Is "Glacial lakes" a specific instance or a subcategory of the category "Brazilian Water Resources"? Answer only with "Instance" or "Subcategory".
Subcategory
2024-03-12 03:07:02,470 INFO Task-47 Prompt:
Brazilian Water Resources: Brazilian Water Resources refer to the various bodies of water, such as rivers, lakes, and aquifers, that are found within the borders of Brazil and are essential for supporting the country's ecosystems and human populations.
Rio negro: Lakes connected to the Rio Negro river.
Is "Rio negro" a specific instance or a subcategory of the category "Brazilian Water Resources"? Answer only with "Instance" or "Subcategory".
Instance
2024-03-12 03:07:02,699 INFO Task-48 Prompt:
Brazilian Water Resources: Brazilian Water Resources refer to the various bodies of water, such as rivers, lakes, and aquifers, that are found within the borders of Brazil and are essential for supporting the country's ecosystems and human populations.
Tocantins-araguaia: Lakes related to the Tocantins-Araguaia river basin.
Is "Tocantins-araguaia" a specific instance or a subcategory of the category "Brazilian Water Resources"? Answer only with "Instance" or "Subcategory".
Instance
2024-03-12 03:07:02,724 INFO Task-49 Prompt:
Brazilian Water Resources: Brazilian Water Resources refer to the various bodies of water, such as rivers, lakes, and aquifers, that are found within the borders of Brazil and are essential for supporting the country's ecosystems and human populations.
Artificial lakes: Man-made lakes created for various purposes.
Is "Artificial lakes" a part or a subcategory of the category "Brazilian Water Resources"? Answer only with "Part" or "Subcategory".
Part
2024-03-12 03:07:02,766 INFO Task-50 Prompt:
Brazilian Water Resources: Brazilian Water Resources refer to the various bodies of water, such as rivers, lakes, and aquifers, that are found within the borders of Brazil and are essential for supporting the country's ecosystems and human populations.
Crater lakes: Lakes formed in volcanic craters.
Is "Crater lakes" a specific instance or a subcategory of the category "Brazilian Water Resources"? Answer only with "Instance" or "Subcategory".
Subcategory
2024-03-12 03:07:02,832 INFO Task-51 Prompt:
Brazilian Water Resources: Brazilian Water Resources refer to the various bodies of water, such as rivers, lakes, and aquifers, that are found within the borders of Brazil and are essential for supporting the country's ecosystems and human populations.
Glacial lakes: Lakes formed by the melting of glaciers.
Is "Glacial lakes" a part or a subcategory of the category "Brazilian Water Resources"? Answer only with "Part" or "Subcategory".
Part
2024-03-12 03:07:02,904 INFO Task-55 Prompt:
Brazilian Water Resources: Brazilian Water Resources refer to the various bodies of water, such as rivers, lakes, and aquifers, that are found within the borders of Brazil and are essential for supporting the country's ecosystems and human populations.
Saltwater lakes: Lakes with high salinity levels.
Is "Saltwater lakes" a part or a subcategory of the category "Brazilian Water Resources"? Answer only with "Part" or "Subcategory".
Part
2024-03-12 03:07:03,265 INFO Task-54 Prompt:
Brazilian Water Resources: Brazilian Water Resources refer to the various bodies of water, such as rivers, lakes, and aquifers, that are found within the borders of Brazil and are essential for supporting the country's ecosystems and human populations.
Freshwater lakes: Lakes with predominantly fresh water.
Is "Freshwater lakes" a part or a subcategory of the category "Brazilian Water Resources"? Answer only with "Part" or "Subcategory".
Subcategory
2024-03-12 03:07:03,484 INFO Task-50 Prompt:
Brazilian Water Resources: Brazilian Water Resources refer to the various bodies of water, such as rivers, lakes, and aquifers, that are found within the borders of Brazil and are essential for supporting the country's ecosystems and human populations.
Crater lakes: Lakes formed in volcanic craters.
Is "Crater lakes" a part or a subcategory of the category "Brazilian Water Resources"? Answer only with "Part" or "Subcategory".
Subcategory
2024-03-12 03:07:03,786 INFO Task-54 Prompt:
Brazilian Water Resources: Brazilian Water Resources refer to the various bodies of water, such as rivers, lakes, and aquifers, that are found within the borders of Brazil and are essential for supporting the country's ecosystems and human populations.
Freshwater lakes: Lakes with predominantly fresh water.
Can "Freshwater lakes" be considered a subcategory of "Brazilian Water Resources"? Answer only with yes or no.
Yes
2024-03-12 03:07:03,932 INFO Task-50 Prompt:
Brazilian Water Resources: Brazilian Water Resources refer to the various bodies of water, such as rivers, lakes, and aquifers, that are found within the borders of Brazil and are essential for supporting the country's ecosystems and human populations.
Crater lakes: Lakes formed in volcanic craters.
Can "Crater lakes" be considered a subcategory of "Brazilian Water Resources"? Answer only with yes or no.
No
2024-03-12 03:07:04,325 INFO Task-54 Prompt:
Brazilian Water Resources: Brazilian Water Resources refer to the various bodies of water, such as rivers, lakes, and aquifers, that are found within the borders of Brazil and are essential for supporting the country's ecosystems and human populations.
Lakes: Inland bodies of water that vary in size and depth, serving as habitats for aquatic life and important for water storage and recreation.
Freshwater lakes: Lakes with predominantly fresh water.
"Lakes" is a subcategory of "Brazilian Water Resources". Is "Freshwater lakes" typically understood as a subcategory of "Lakes"? Answer only with yes or no.
Yes
2024-03-12 03:07:06,476 INFO Task-50 Prompt:
Brazilian Water Resources: Brazilian Water Resources refer to the various bodies of water, such as rivers, lakes, and aquifers, that are found within the borders of Brazil and are essential for supporting the country's ecosystems and human populations.
Lakes: Inland bodies of water that vary in size and depth, serving as habitats for aquatic life and important for water storage and recreation.
"Lakes" is a subcategory of "Brazilian Water Resources". The following description outlines the characteristics of a subcategory of "Lakes". Provide a concise and unambiguous name for it. Provide only the name without any explanation. Description: Lakes formed in volcanic craters.
Volcanic Crater Lakes
2024-03-12 03:07:06,819 INFO Task-50 Prompt:
Brazilian Water Resources: Brazilian Water Resources refer to the various bodies of water, such as rivers, lakes, and aquifers, that are found within the borders of Brazil and are essential for supporting the country's ecosystems and human populations.
Volcanic crater lakes: Lakes formed in volcanic craters.
Can "Volcanic crater lakes" be considered a subcategory of "Brazilian Water Resources"? Answer only with yes or no.
No
2024-03-12 03:07:07,720 INFO Task-71 Prompt:
Brazilian Water Resources: Brazilian Water Resources refer to the various bodies of water, such as rivers, lakes, and aquifers, that are found within the borders of Brazil and are essential for supporting the country's ecosystems and human populations.
Estuaries: Coastal bodies of water where freshwater from rivers mixes with saltwater from the ocean.
Natural lakes: Lakes that form naturally through geological processes, such as glacial, volcanic, or tectonic activity.
"Estuaries" is a subcategory of "Brazilian Water Resources". Is "Natural lakes" typically understood as a subcategory of "Estuaries"? Answer only with yes or no.
No
2024-03-12 03:07:08,250 INFO Task-73 Prompt:
Brazilian Water Resources: Brazilian Water Resources refer to the various bodies of water, such as rivers, lakes, and aquifers, that are found within the borders of Brazil and are essential for supporting the country's ecosystems and human populations.
Natural lakes: Lakes that form naturally through geological processes, such as glacial, volcanic, or tectonic activity.
Lakes: Inland bodies of water that vary in size and depth, serving as habitats for aquatic life and important for water storage and recreation.
"Natural lakes" is a subcategory of "Brazilian Water Resources". Is "Lakes" typically understood as a subcategory of "Natural lakes"? Answer only with yes or no.
Yes
2024-03-12 03:07:08,566 INFO Task-1 Prompt:
Brazilian Water Resources: Brazilian Water Resources refer to the various bodies of water, such as rivers, lakes, and aquifers, that are found within the borders of Brazil and are essential for supporting the country's ecosystems and human populations.
Lakes: Inland bodies of water that vary in size and depth, serving as habitats for aquatic life and important for water storage and recreation.
Natural lakes: Lakes that form naturally through geological processes, such as glacial, volcanic, or tectonic activity.
In the context of Brazilian Water Resources, are "Lakes" and "Natural lakes" typically used interchangeably? Answer in one word, yes or no.
No
2024-03-12 03:07:09,442 INFO Task-1 Prompt:
Brazilian Water Resources: Brazilian Water Resources refer to the various bodies of water, such as rivers, lakes, and aquifers, that are found within the borders of Brazil and are essential for supporting the country's ecosystems and human populations.
Lakes: Inland bodies of water that vary in size and depth, serving as habitats for aquatic life and important for water storage and recreation.
Natural lakes: Lakes that form naturally through geological processes, such as glacial, volcanic, or tectonic activity.
Consider the terms "Lakes" and "Natural lakes". Is one of the terms the plural form of the other one? Answer in one word, yes or no.
No
2024-03-12 03:07:10,279 INFO Task-1 Prompt:
"X" is a subcategory of "Y" if every element of "X" is also an element of "Y". In other words, "X" is a subset of "Y". This means the more general term of them is "Y". "Y" is a more general category that includes "X" as a subcategory.
Brazilian Water Resources: Brazilian Water Resources refer to the various bodies of water, such as rivers, lakes, and aquifers, that are found within the borders of Brazil and are essential for supporting the country's ecosystems and human populations.
Lakes: Inland bodies of water that vary in size and depth, serving as habitats for aquatic life and important for water storage and recreation.
Natural lakes: Lakes that form naturally through geological processes, such as glacial, volcanic, or tectonic activity.
Consider the terms "Lakes" and "Natural lakes". Which of the terms is a subcategory of the other one? Answer in the following scheme: [[X]] is a subcategory of [[Y]].
[[Natural lakes]] is a subcategory of [[Lakes]].
2024-03-12 03:07:10,810 INFO Task-81 Prompt:
Brazilian Water Resources: Brazilian Water Resources refer to the various bodies of water, such as rivers, lakes, and aquifers, that are found within the borders of Brazil and are essential for supporting the country's ecosystems and human populations.
Reservoirs: Artificial lakes created by constructing dams across rivers to store water for various purposes.
Freshwater lakes: Lakes with predominantly fresh water.
"Reservoirs" is a subcategory of "Brazilian Water Resources". Is "Freshwater lakes" typically understood as a subcategory of "Reservoirs"? Answer only with yes or no.
No
2024-03-12 03:07:10,977 INFO Task-82 Prompt:
Brazilian Water Resources: Brazilian Water Resources refer to the various bodies of water, such as rivers, lakes, and aquifers, that are found within the borders of Brazil and are essential for supporting the country's ecosystems and human populations.
Estuaries: Coastal bodies of water where freshwater from rivers mixes with saltwater from the ocean.
Freshwater lakes: Lakes with predominantly fresh water.
"Estuaries" is a subcategory of "Brazilian Water Resources". Is "Freshwater lakes" typically understood as a subcategory of "Estuaries"? Answer only with yes or no.
No
2024-03-12 03:07:11,617 INFO Task-84 Prompt:
Brazilian Water Resources: Brazilian Water Resources refer to the various bodies of water, such as rivers, lakes, and aquifers, that are found within the borders of Brazil and are essential for supporting the country's ecosystems and human populations.
Natural lakes: Lakes that form naturally through geological processes, such as glacial, volcanic, or tectonic activity.
Freshwater lakes: Lakes with predominantly fresh water.
"Natural lakes" is a subcategory of "Brazilian Water Resources". Is "Freshwater lakes" typically understood as a subcategory of "Natural lakes"? Answer only with yes or no.
Yes
2024-03-12 03:07:12,281 INFO Task-86 Prompt:
Brazilian Water Resources: Brazilian Water Resources refer to the various bodies of water, such as rivers, lakes, and aquifers, that are found within the borders of Brazil and are essential for supporting the country's ecosystems and human populations.
Freshwater lakes: Lakes with predominantly fresh water.
Natural lakes: Lakes that form naturally through geological processes, such as glacial, volcanic, or tectonic activity.
"Freshwater lakes" is a subcategory of "Brazilian Water Resources". Is "Natural lakes" typically understood as a subcategory of "Freshwater lakes"? Answer only with yes or no.
Yes
2024-03-12 03:07:12,702 INFO Task-1 Prompt:
Brazilian Water Resources: Brazilian Water Resources refer to the various bodies of water, such as rivers, lakes, and aquifers, that are found within the borders of Brazil and are essential for supporting the country's ecosystems and human populations.
Freshwater lakes: Lakes with predominantly fresh water.
Natural lakes: Lakes that form naturally through geological processes, such as glacial, volcanic, or tectonic activity.
In the context of Brazilian Water Resources, are "Freshwater lakes" and "Natural lakes" typically used interchangeably? Answer in one word, yes or no.
No
2024-03-12 03:07:13,240 INFO Task-1 Prompt:
Brazilian Water Resources: Brazilian Water Resources refer to the various bodies of water, such as rivers, lakes, and aquifers, that are found within the borders of Brazil and are essential for supporting the country's ecosystems and human populations.
Freshwater lakes: Lakes with predominantly fresh water.
Natural lakes: Lakes that form naturally through geological processes, such as glacial, volcanic, or tectonic activity.
Consider the terms "Freshwater lakes" and "Natural lakes". Is one of the terms the plural form of the other one? Answer in one word, yes or no.
No
2024-03-12 03:07:14,037 INFO Task-1 Prompt:
"X" is a subcategory of "Y" if every element of "X" is also an element of "Y". In other words, "X" is a subset of "Y". This means the more general term of them is "Y". "Y" is a more general category that includes "X" as a subcategory.
Brazilian Water Resources: Brazilian Water Resources refer to the various bodies of water, such as rivers, lakes, and aquifers, that are found within the borders of Brazil and are essential for supporting the country's ecosystems and human populations.
Freshwater lakes: Lakes with predominantly fresh water.
Natural lakes: Lakes that form naturally through geological processes, such as glacial, volcanic, or tectonic activity.
Consider the terms "Freshwater lakes" and "Natural lakes". Which of the terms is a subcategory of the other one? Answer in the following scheme: [[X]] is a subcategory of [[Y]].
[[Freshwater lakes]] is a subcategory of [[Natural lakes]].
2024-03-12 03:07:14,355 INFO Task-96 Prompt:
Brazilian Water Resources: Brazilian Water Resources refer to the various bodies of water, such as rivers, lakes, and aquifers, that are found within the borders of Brazil and are essential for supporting the country's ecosystems and human populations.
Estuaries: Coastal bodies of water where freshwater from rivers mixes with saltwater from the ocean.
Man-made lakes: Lakes created by human activities, such as damming rivers or excavating land.
"Estuaries" is a subcategory of "Brazilian Water Resources". Is "Man-made lakes" typically understood as a subcategory of "Estuaries"? Answer only with yes or no.
No
2024-03-12 03:07:14,885 INFO Task-1 Prompt:
Brazilian Water Resources: Brazilian Water Resources refer to the various bodies of water, such as rivers, lakes, and aquifers, that are found within the borders of Brazil and are essential for supporting the country's ecosystems and human populations.
Reservoirs: Artificial lakes created by damming rivers, used for water supply, flood control, hydropower generation, and recreational activities.
"Reservoirs" is a subcategory of "Brazilian Water Resources". List all of the most important subcategories of "Reservoirs". Skip explanations and use a comma-separated format like this:
Important subcategory, Another important subcategory, Another important subcategory, etc.
Start your answer with "Dr".
Drinking water supply, Hydropower generation, Flood control, Recreation
2024-03-12 03:07:18,195 INFO Task-1 Prompt:
Brazilian Water Resources: Brazilian Water Resources refer to the various bodies of water, such as rivers, lakes, and aquifers, that are found within the borders of Brazil and are essential for supporting the country's ecosystems and human populations.
Reservoirs: Artificial lakes created by damming rivers, used for water supply, flood control, hydropower generation, and recreational activities.
List all of the most important subcategories of "Reservoirs" in a comma-separated format, skip explanations.
Drinking water supply
Give a brief description of every term on the list, considered as a subcategory of Reservoirs, without the use of examples, in the following form:
List element 1: brief description of list element 1.
List element 2: brief description of list element 2.
...
Drinking water supply reservoirs: Reservoirs used to store water for human consumption.
Hydropower reservoirs: Reservoirs used to generate electricity through hydropower.
Flood control reservoirs: Reservoirs designed to mitigate flooding by storing excess water.
Recreational reservoirs: Reservoirs used for leisure activities such as boating, fishing, and swimming.
2024-03-12 03:07:18,598 INFO Task-108 Prompt:
Brazilian Water Resources: Brazilian Water Resources refer to the various bodies of water, such as rivers, lakes, and aquifers, that are found within the borders of Brazil and are essential for supporting the country's ecosystems and human populations.
Reservoirs: Artificial lakes created by damming rivers, used for water supply, flood control, hydropower generation, and recreational activities.
Recreation: Reservoirs that provide opportunities for leisure activities.
"Reservoirs" is a subcategory of "Brazilian Water Resources". Is "Recreation" typically understood as a subcategory of "Reservoirs"? Answer only with yes or no.
Yes
2024-03-12 03:07:18,742 INFO Task-105 Prompt:
Brazilian Water Resources: Brazilian Water Resources refer to the various bodies of water, such as rivers, lakes, and aquifers, that are found within the borders of Brazil and are essential for supporting the country's ecosystems and human populations.
Drinking water supply: Drinking water supply is a subcategory of Reservoirs. Artificial lakes created by damming rivers, used for water supply, flood control, hydropower generation, and recreational activities.
Is "Drinking water supply" a specific instance or a subcategory of the category "Brazilian Water Resources"? Answer only with "Instance" or "Subcategory".
Subcategory
2024-03-12 03:07:19,329 INFO Task-105 Prompt:
Brazilian Water Resources: Brazilian Water Resources refer to the various bodies of water, such as rivers, lakes, and aquifers, that are found within the borders of Brazil and are essential for supporting the country's ecosystems and human populations.
Drinking water supply: Drinking water supply is a subcategory of Reservoirs. Artificial lakes created by damming rivers, used for water supply, flood control, hydropower generation, and recreational activities.
Is "Drinking water supply" a part or a subcategory of the category "Brazilian Water Resources"? Answer only with "Part" or "Subcategory".
Subcategory
2024-03-12 03:07:19,944 INFO Task-105 Prompt:
Brazilian Water Resources: Brazilian Water Resources refer to the various bodies of water, such as rivers, lakes, and aquifers, that are found within the borders of Brazil and are essential for supporting the country's ecosystems and human populations.
Drinking water supply: Drinking water supply is a subcategory of Reservoirs. Artificial lakes created by damming rivers, used for water supply, flood control, hydropower generation, and recreational activities.
Can "Drinking water supply" be considered a subcategory of "Brazilian Water Resources"? Answer only with yes or no.
Yes
2024-03-12 03:07:20,317 INFO Task-105 Prompt:
Brazilian Water Resources: Brazilian Water Resources refer to the various bodies of water, such as rivers, lakes, and aquifers, that are found within the borders of Brazil and are essential for supporting the country's ecosystems and human populations.
Reservoirs: Artificial lakes created by damming rivers, used for water supply, flood control, hydropower generation, and recreational activities.
Drinking water supply: Drinking water supply is a subcategory of Reservoirs. Artificial lakes created by damming rivers, used for water supply, flood control, hydropower generation, and recreational activities.
"Reservoirs" is a subcategory of "Brazilian Water Resources". Is "Drinking water supply" typically understood as a subcategory of "Reservoirs"? Answer only with yes or no.
No
2024-03-12 03:07:20,953 INFO Task-105 Prompt:
Brazilian Water Resources: Brazilian Water Resources refer to the various bodies of water, such as rivers, lakes, and aquifers, that are found within the borders of Brazil and are essential for supporting the country's ecosystems and human populations.
Reservoirs: Artificial lakes created by damming rivers, used for water supply, flood control, hydropower generation, and recreational activities.
"Reservoirs" is a subcategory of "Brazilian Water Resources". The following description outlines the characteristics of a subcategory of "Reservoirs". Provide a concise and unambiguous name for it. Provide only the name without any explanation. Description: Drinking water supply is a subcategory of Reservoirs. Artificial lakes created by damming rivers, used for water supply, flood control, hydropower generation, and recreational activities.
Drinking Water Supply
2024-03-12 03:07:21,323 INFO Task-117 Prompt:
Brazilian Water Resources: Brazilian Water Resources refer to the various bodies of water, such as rivers, lakes, and aquifers, that are found within the borders of Brazil and are essential for supporting the country's ecosystems and human populations.
Lakes: Inland bodies of water that vary in size and depth, serving as habitats for aquatic life and important for water storage and recreation.
Recreation: Reservoirs that provide opportunities for leisure activities.
"Lakes" is a subcategory of "Brazilian Water Resources". Is "Recreation" typically understood as a subcategory of "Lakes"? Answer only with yes or no.
Yes
2024-03-12 03:07:21,668 INFO Task-119 Prompt:
Brazilian Water Resources: Brazilian Water Resources refer to the various bodies of water, such as rivers, lakes, and aquifers, that are found within the borders of Brazil and are essential for supporting the country's ecosystems and human populations.
Estuaries: Coastal bodies of water where freshwater from rivers mixes with saltwater from the ocean.
Recreation: Reservoirs that provide opportunities for leisure activities.
"Estuaries" is a subcategory of "Brazilian Water Resources". Is "Recreation" typically understood as a subcategory of "Estuaries"? Answer only with yes or no.
No
2024-03-12 03:07:22,167 INFO Task-120 Prompt:
Brazilian Water Resources: Brazilian Water Resources refer to the various bodies of water, such as rivers, lakes, and aquifers, that are found within the borders of Brazil and are essential for supporting the country's ecosystems and human populations.
Natural lakes: Lakes that form naturally through geological processes, such as glacial, volcanic, or tectonic activity.
Recreation: Reservoirs that provide opportunities for leisure activities.
"Natural lakes" is a subcategory of "Brazilian Water Resources". Is "Recreation" typically understood as a subcategory of "Natural lakes"? Answer only with yes or no.
No
2024-03-12 03:07:22,218 INFO Task-121 Prompt:
Brazilian Water Resources: Brazilian Water Resources refer to the various bodies of water, such as rivers, lakes, and aquifers, that are found within the borders of Brazil and are essential for supporting the country's ecosystems and human populations.
Man-made lakes: Lakes created by human activities, such as damming rivers or excavating land.
Recreation: Reservoirs that provide opportunities for leisure activities.
"Man-made lakes" is a subcategory of "Brazilian Water Resources". Is "Recreation" typically understood as a subcategory of "Man-made lakes"? Answer only with yes or no.
Yes
2024-03-12 03:07:22,726 INFO Task-125 Prompt:
Brazilian Water Resources: Brazilian Water Resources refer to the various bodies of water, such as rivers, lakes, and aquifers, that are found within the borders of Brazil and are essential for supporting the country's ecosystems and human populations.
Recreation: Reservoirs that provide opportunities for leisure activities.
Man-made lakes: Lakes created by human activities, such as damming rivers or excavating land.
"Recreation" is a subcategory of "Brazilian Water Resources". Is "Man-made lakes" typically understood as a subcategory of "Recreation"? Answer only with yes or no.
No
2024-03-12 03:07:23,318 INFO Task-138 Prompt:
Brazilian Water Resources: Brazilian Water Resources refer to the various bodies of water, such as rivers, lakes, and aquifers, that are found within the borders of Brazil and are essential for supporting the country's ecosystems and human populations.
Estuaries: Coastal bodies of water where freshwater from rivers mixes with saltwater from the ocean.
Flood control reservoirs: Reservoirs built primarily to mitigate the impacts of flooding in downstream areas.
"Estuaries" is a subcategory of "Brazilian Water Resources". Is "Flood control reservoirs" typically understood as a subcategory of "Estuaries"? Answer only with yes or no.
No
2024-03-12 03:07:24,206 INFO Task-149 Prompt:
Brazilian Water Resources: Brazilian Water Resources refer to the various bodies of water, such as rivers, lakes, and aquifers, that are found within the borders of Brazil and are essential for supporting the country's ecosystems and human populations.
Estuaries: Coastal bodies of water where freshwater from rivers mixes with saltwater from the ocean.
Recreational reservoirs: Reservoirs that provide opportunities for leisure activities such as boating, fishing, and swimming.
"Estuaries" is a subcategory of "Brazilian Water Resources". Is "Recreational reservoirs" typically understood as a subcategory of "Estuaries"? Answer only with yes or no.
No
2024-03-12 03:07:25,082 INFO Task-152 Prompt:
Brazilian Water Resources: Brazilian Water Resources refer to the various bodies of water, such as rivers, lakes, and aquifers, that are found within the borders of Brazil and are essential for supporting the country's ecosystems and human populations.
Recreational reservoirs: Reservoirs that provide opportunities for leisure activities such as boating, fishing, and swimming.
Recreation: Reservoirs that provide opportunities for leisure activities.
"Recreational reservoirs" is a subcategory of "Brazilian Water Resources". Is "Recreation" typically understood as a subcategory of "Recreational reservoirs"? Answer only with yes or no.
Yes
2024-03-12 03:07:25,435 INFO Task-1 Prompt:
Brazilian Water Resources: Brazilian Water Resources refer to the various bodies of water, such as rivers, lakes, and aquifers, that are found within the borders of Brazil and are essential for supporting the country's ecosystems and human populations.
Estuaries: Coastal bodies of water where freshwater from rivers mixes with saltwater from the ocean.
"Estuaries" is a subcategory of "Brazilian Water Resources". Are there any generally accepted subcategories of "Estuaries"? Answer only with yes or no.
Yes
2024-03-12 03:07:26,172 INFO Task-1 Prompt:
Brazilian Water Resources: Brazilian Water Resources refer to the various bodies of water, such as rivers, lakes, and aquifers, that are found within the borders of Brazil and are essential for supporting the country's ecosystems and human populations.
Estuaries: Coastal bodies of water where freshwater from rivers mixes with saltwater from the ocean.
"Estuaries" is a subcategory of "Brazilian Water Resources". List all of the most important subcategories of "Estuaries". Skip explanations and use a comma-separated format like this:
Important subcategory, Another important subcategory, Another important subcategory, etc.
['M', 'M', 'M', 'M', 'M', 'M', 'M', 'M', 'M', 'M', 'M', 'M', 'M', 'M', 'M', 'M', 'M', 'M', 'M', 'M', 'M', 'M', 'M', 'M', 'M', 'M', 'M', 'M', 'M', 'M', 'M', 'M', 'M', 'M', 'M', 'M', 'M', 'M', 'M', 'M', 'M', 'M', 'M', 'M', 'M', 'M', 'M', 'M', 'M', 'M', 'M', 'M', 'M', 'M', 'M', 'M', 'M', 'M', 'M', 'M', 'M', 'M', 'M', 'M', 'M', 'M', 'M', 'M', 'M', 'M', 'M', 'M', 'M', 'M', 'Salt', 'T', 'T', 'M', 'M', 'M', 'M', 'M', 'M', 'M', 'M', 'M', 'M', 'M', 'M', 'M', 'M', 'M', 'M', 'M', 'T', 'M', 'T', 'M', 'M', 'M']
2024-03-12 03:07:27,105 INFO Task-1 Prompt:
Brazilian Water Resources: Brazilian Water Resources refer to the various bodies of water, such as rivers, lakes, and aquifers, that are found within the borders of Brazil and are essential for supporting the country's ecosystems and human populations.
Estuaries: Coastal bodies of water where freshwater from rivers mixes with saltwater from the ocean.
"Estuaries" is a subcategory of "Brazilian Water Resources". List all of the most important subcategories of "Estuaries". Skip explanations and use a comma-separated format like this:
Important subcategory, Another important subcategory, Another important subcategory, etc.
Start your answer with "M".
Mangrove forests, Tidal flats, Salt marshes, Brackish water, Estuarine species habitat
2024-03-12 03:07:29,553 INFO Task-1 Prompt:
Brazilian Water Resources: Brazilian Water Resources refer to the various bodies of water, such as rivers, lakes, and aquifers, that are found within the borders of Brazil and are essential for supporting the country's ecosystems and human populations.
Estuaries: Coastal bodies of water where freshwater from rivers mixes with saltwater from the ocean.
List all of the most important subcategories of "Estuaries" in a comma-separated format, skip explanations.
Brackish water, Estuarine species habitat, Mangrove forests, Salt marshes, Tidal flats
Give a brief description of every term on the list, considered as a subcategory of Estuaries, without the use of examples, in the following form:
List element 1: brief description of list element 1.
List element 2: brief description of list element 2.
...
Brackish water: Water that has more salinity than freshwater but less salinity than seawater.
Estuarine species habitat: Habitats within estuaries that support a diverse range of plant and animal species.
Mangrove forests: Coastal ecosystems dominated by salt-tolerant mangrove trees.
Salt marshes: Coastal wetlands that are flooded and drained by saltwater brought in by the tides.
Tidal flats: Coastal areas that are exposed at low tide and submerged at high tide, characterized by mudflats and sandflats.
2024-03-12 03:07:30,005 INFO Task-164 Prompt:
Brazilian Water Resources: Brazilian Water Resources refer to the various bodies of water, such as rivers, lakes, and aquifers, that are found within the borders of Brazil and are essential for supporting the country's ecosystems and human populations.
Brackish water: Water that has more salinity than freshwater but less salinity than seawater.
Is "Brackish water" a specific instance or a subcategory of the category "Brazilian Water Resources"? Answer only with "Instance" or "Subcategory".
Instance
2024-03-12 03:07:30,143 INFO Task-165 Prompt:
Brazilian Water Resources: Brazilian Water Resources refer to the various bodies of water, such as rivers, lakes, and aquifers, that are found within the borders of Brazil and are essential for supporting the country's ecosystems and human populations.
Estuarine species habitat: Habitats within estuaries that support a diverse range of plant and animal species.
Is "Estuarine species habitat" a specific instance or a subcategory of the category "Brazilian Water Resources"? Answer only with "Instance" or "Subcategory".
Instance
2024-03-12 03:07:30,210 INFO Task-166 Prompt:
Brazilian Water Resources: Brazilian Water Resources refer to the various bodies of water, such as rivers, lakes, and aquifers, that are found within the borders of Brazil and are essential for supporting the country's ecosystems and human populations.
Mangrove forests: Coastal ecosystems dominated by salt-tolerant mangrove trees.
Is "Mangrove forests" a specific instance or a subcategory of the category "Brazilian Water Resources"? Answer only with "Instance" or "Subcategory".
Instance
2024-03-12 03:07:30,282 INFO Task-168 Prompt:
Brazilian Water Resources: Brazilian Water Resources refer to the various bodies of water, such as rivers, lakes, and aquifers, that are found within the borders of Brazil and are essential for supporting the country's ecosystems and human populations.
Tidal flats: Coastal areas that are exposed at low tide and submerged at high tide, characterized by mudflats and sandflats.
Is "Tidal flats" a specific instance or a subcategory of the category "Brazilian Water Resources"? Answer only with "Instance" or "Subcategory".
Subcategory
2024-03-12 03:07:30,415 INFO Task-167 Prompt:
Brazilian Water Resources: Brazilian Water Resources refer to the various bodies of water, such as rivers, lakes, and aquifers, that are found within the borders of Brazil and are essential for supporting the country's ecosystems and human populations.
Salt marshes: Coastal wetlands that are flooded and drained by saltwater brought in by the tides.
Is "Salt marshes" a specific instance or a subcategory of the category "Brazilian Water Resources"? Answer only with "Instance" or "Subcategory".
Subcategory
2024-03-12 03:07:30,765 INFO Task-167 Prompt:
Brazilian Water Resources: Brazilian Water Resources refer to the various bodies of water, such as rivers, lakes, and aquifers, that are found within the borders of Brazil and are essential for supporting the country's ecosystems and human populations.
Salt marshes: Coastal wetlands that are flooded and drained by saltwater brought in by the tides.
Is "Salt marshes" a part or a subcategory of the category "Brazilian Water Resources"? Answer only with "Part" or "Subcategory".
Part
2024-03-12 03:07:30,821 INFO Task-168 Prompt:
Brazilian Water Resources: Brazilian Water Resources refer to the various bodies of water, such as rivers, lakes, and aquifers, that are found within the borders of Brazil and are essential for supporting the country's ecosystems and human populations.
Tidal flats: Coastal areas that are exposed at low tide and submerged at high tide, characterized by mudflats and sandflats.
Is "Tidal flats" a part or a subcategory of the category "Brazilian Water Resources"? Answer only with "Part" or "Subcategory".
Part
