2024-03-12 03:06:49,635 INFO Task-3 Prompt:
Brazilian Water Resources: Brazilian Water Resources refer to the various bodies of water, such as rivers, lakes, and aquifers, that are found within the borders of Brazil and are essential for supporting the country's ecosystems and human populations.
Amazon delta: The Amazon delta is a region where the Amazon River meets the Atlantic Ocean, forming a complex network of waterways and ecosystems.
Is "Amazon delta" a specific instance or a subcategory of the category "Brazilian Water Resources"? Answer only with "Instance" or "Subcategory".
Instance
2024-03-12 03:06:49,636 INFO Task-4 Prompt:
Brazilian Water Resources: Brazilian Water Resources refer to the various bodies of water, such as rivers, lakes, and aquifers, that are found within the borders of Brazil and are essential for supporting the country's ecosystems and human populations.
Amazon rainforest rivers: Rivers that flow through the Amazon rainforest, playing a crucial role in the region's biodiversity and hydrological cycle.
Is "Amazon rainforest rivers" a specific instance or a subcategory of the category "Brazilian Water Resources"? Answer only with "Instance" or "Subcategory".
Instance
2024-03-12 03:06:49,636 INFO Task-5 Prompt:
Brazilian Water Resources: Brazilian Water Resources refer to the various bodies of water, such as rivers, lakes, and aquifers, that are found within the borders of Brazil and are essential for supporting the country's ecosystems and human populations.
Amazon river basin: The vast drainage basin of the Amazon River, encompassing a significant portion of South America and hosting diverse aquatic ecosystems.
Is "Amazon river basin" a part or a subcategory of the category "Brazilian Water Resources"? Answer only with "Part" or "Subcategory".
Part
2024-03-12 03:06:49,637 INFO Task-6 Prompt:
Brazilian Water Resources: Brazilian Water Resources refer to the various bodies of water, such as rivers, lakes, and aquifers, that are found within the borders of Brazil and are essential for supporting the country's ecosystems and human populations.
Atlantic forest rivers: Rivers that flow through the Atlantic forest biome, supporting unique flora and fauna in this biodiversity hotspot.
Is "Atlantic forest rivers" a part or a subcategory of the category "Brazilian Water Resources"? Answer only with "Part" or "Subcategory".
Part
2024-03-12 03:06:49,637 INFO Task-7 Prompt:
Brazilian Water Resources: Brazilian Water Resources refer to the various bodies of water, such as rivers, lakes, and aquifers, that are found within the borders of Brazil and are essential for supporting the country's ecosystems and human populations.
Brazilian coastal waters: The marine waters along Brazil's extensive coastline, home to diverse marine life and important for fisheries and tourism.
Is "Brazilian coastal waters" a specific instance or a subcategory of the category "Brazilian Water Resources"? Answer only with "Instance" or "Subcategory".
Instance
2024-03-12 03:06:49,637 INFO Task-8 Prompt:
Brazilian Water Resources: Brazilian Water Resources refer to the various bodies of water, such as rivers, lakes, and aquifers, that are found within the borders of Brazil and are essential for supporting the country's ecosystems and human populations.
Guarani aquifer: One of the world's largest aquifer systems, providing groundwater resources to several South American countries, including Brazil.
Is "Guarani aquifer" a specific instance or a subcategory of the category "Brazilian Water Resources"? Answer only with "Instance" or "Subcategory".
Instance
2024-03-12 03:06:49,637 INFO Task-9 Prompt:
Brazilian Water Resources: Brazilian Water Resources refer to the various bodies of water, such as rivers, lakes, and aquifers, that are found within the borders of Brazil and are essential for supporting the country's ecosystems and human populations.
Pantanal wetlands: The world's largest tropical wetland area, characterized by seasonal flooding and rich biodiversity.
Is "Pantanal wetlands" a specific instance or a subcategory of the category "Brazilian Water Resources"? Answer only with "Instance" or "Subcategory".
Instance
2024-03-12 03:06:49,637 INFO Task-10 Prompt:
Brazilian Water Resources: Brazilian Water Resources refer to the various bodies of water, such as rivers, lakes, and aquifers, that are found within the borders of Brazil and are essential for supporting the country's ecosystems and human populations.
Paraná river basin: A major river basin in South America, including the Paraná River and its tributaries, supporting agriculture and hydroelectric power generation.
Is "Paraná river basin" a specific instance or a subcategory of the category "Brazilian Water Resources"? Answer only with "Instance" or "Subcategory".
Instance
2024-03-12 03:06:49,638 INFO Task-11 Prompt:
Brazilian Water Resources: Brazilian Water Resources refer to the various bodies of water, such as rivers, lakes, and aquifers, that are found within the borders of Brazil and are essential for supporting the country's ecosystems and human populations.
São francisco river basin: The basin of the São Francisco River, an important water source for agriculture and human settlements in northeastern Brazil.
Is "São francisco river basin" a specific instance or a subcategory of the category "Brazilian Water Resources"? Answer only with "Instance" or "Subcategory".
Instance
2024-03-12 03:06:49,638 INFO Task-12 Prompt:
Brazilian Water Resources: Brazilian Water Resources refer to the various bodies of water, such as rivers, lakes, and aquifers, that are found within the borders of Brazil and are essential for supporting the country's ecosystems and human populations.
Tocantins-araguaia river basin: The basin of the Tocantins and Araguaia rivers, supporting diverse ecosystems and economic activities in central Brazil.
Is "Tocantins-araguaia river basin" a specific instance or a subcategory of the category "Brazilian Water Resources"? Answer only with "Instance" or "Subcategory".
Instance
2024-03-12 03:06:49,639 INFO Task-13 Prompt:
Brazilian Water Resources: Brazilian Water Resources refer to the various bodies of water, such as rivers, lakes, and aquifers, that are found within the borders of Brazil and are essential for supporting the country's ecosystems and human populations.
Aquifers: Underground layers of rock or sediment that hold and transmit groundwater, serving as vital water sources for human consumption and agriculture.
Is "Aquifers" a part or a subcategory of the category "Brazilian Water Resources"? Answer only with "Part" or "Subcategory".
Part
2024-03-12 03:06:49,640 INFO Task-14 Prompt:
Brazilian Water Resources: Brazilian Water Resources refer to the various bodies of water, such as rivers, lakes, and aquifers, that are found within the borders of Brazil and are essential for supporting the country's ecosystems and human populations.
Coastal waters: The marine waters adjacent to coastlines, influenced by both terrestrial and oceanic processes and supporting diverse ecosystems.
Is "Coastal waters" a part or a subcategory of the category "Brazilian Water Resources"? Answer only with "Part" or "Subcategory".
Part
2024-03-12 03:06:49,640 INFO Task-15 Prompt:
Brazilian Water Resources: Brazilian Water Resources refer to the various bodies of water, such as rivers, lakes, and aquifers, that are found within the borders of Brazil and are essential for supporting the country's ecosystems and human populations.
Groundwater: Water stored beneath the Earth's surface in aquifers, providing a critical source of freshwater for drinking, irrigation, and industrial use.
Is "Groundwater" a part or a subcategory of the category "Brazilian Water Resources"? Answer only with "Part" or "Subcategory".
Part
2024-03-12 03:06:49,642 INFO Task-18 Prompt:
Brazilian Water Resources: Brazilian Water Resources refer to the various bodies of water, such as rivers, lakes, and aquifers, that are found within the borders of Brazil and are essential for supporting the country's ecosystems and human populations.
Rivers: Natural watercourses that flow towards oceans, lakes, or other rivers, playing a key role in transporting water, sediment, and nutrients across landscapes.
Is "Rivers" a part or a subcategory of the category "Brazilian Water Resources"? Answer only with "Part" or "Subcategory".
Part
2024-03-12 03:06:49,643 INFO Task-19 Prompt:
Brazilian Water Resources: Brazilian Water Resources refer to the various bodies of water, such as rivers, lakes, and aquifers, that are found within the borders of Brazil and are essential for supporting the country's ecosystems and human populations.
Wetlands: Ecosystems characterized by water saturation, supporting diverse plant and animal species and providing important ecological services.
Is "Wetlands" a part or a subcategory of the category "Brazilian Water Resources"? Answer only with "Part" or "Subcategory".
Part
2024-03-12 03:06:50,037 INFO Task-22 Prompt:
Brazilian Water Resources: Brazilian Water Resources refer to the various bodies of water, such as rivers, lakes, and aquifers, that are found within the borders of Brazil and are essential for supporting the country's ecosystems and human populations.
Waterfalls: Vertical drops in a river or stream caused by changes in the riverbed's elevation.
Is "Waterfalls" a specific instance or a subcategory of the category "Brazilian Water Resources"? Answer only with "Instance" or "Subcategory".
Instance
2024-03-12 03:06:50,536 INFO Task-21 Prompt:
Brazilian Water Resources: Brazilian Water Resources refer to the various bodies of water, such as rivers, lakes, and aquifers, that are found within the borders of Brazil and are essential for supporting the country's ecosystems and human populations.
Surface water: Water found in rivers, lakes, and reservoirs on the Earth's surface.
Is "Surface water" a part or a subcategory of the category "Brazilian Water Resources"? Answer only with "Part" or "Subcategory".
Part
2024-03-12 03:07:01,715 INFO Task-53 Prompt:
Brazilian Water Resources: Brazilian Water Resources refer to the various bodies of water, such as rivers, lakes, and aquifers, that are found within the borders of Brazil and are essential for supporting the country's ecosystems and human populations.
Oxbow lakes: Curved, U-shaped bodies of water that form when a meandering river's bend is cut off from the main channel.
Is "Oxbow lakes" a specific instance or a subcategory of the category "Brazilian Water Resources"? Answer only with "Instance" or "Subcategory".
Instance
2024-03-12 03:07:01,715 INFO Task-57 Prompt:
Brazilian Water Resources: Brazilian Water Resources refer to the various bodies of water, such as rivers, lakes, and aquifers, that are found within the borders of Brazil and are essential for supporting the country's ecosystems and human populations.
Lakes: Inland bodies of water that vary in size and depth, serving as habitats for aquatic life and important for water storage and recreation.
Reservoirs: Artificial lakes created by damming rivers, used for water supply, flood control, hydropower generation, and recreational activities.
"Lakes" is a subcategory of "Brazilian Water Resources". Is "Reservoirs" typically understood as a subcategory of "Lakes"? Answer only with yes or no.
No
2024-03-12 03:07:01,715 INFO Task-57 Info:
Reservoirs renamed to Reservoirs
2024-03-12 03:07:01,715 INFO Task-58 Prompt:
Brazilian Water Resources: Brazilian Water Resources refer to the various bodies of water, such as rivers, lakes, and aquifers, that are found within the borders of Brazil and are essential for supporting the country's ecosystems and human populations.
Lakes: Inland bodies of water that vary in size and depth, serving as habitats for aquatic life and important for water storage and recreation.
Lagoons: Shallow coastal bodies of water separated from the ocean by barrier islands, sandbars, or coral reefs.
"Lakes" is a subcategory of "Brazilian Water Resources". Is "Lagoons" typically understood as a subcategory of "Lakes"? Answer only with yes or no.
No
2024-03-12 03:07:01,715 INFO Task-58 Info:
Lagoons renamed to Lagoons
2024-03-12 03:07:01,715 INFO Task-59 Prompt:
Brazilian Water Resources: Brazilian Water Resources refer to the various bodies of water, such as rivers, lakes, and aquifers, that are found within the borders of Brazil and are essential for supporting the country's ecosystems and human populations.
Lakes: Inland bodies of water that vary in size and depth, serving as habitats for aquatic life and important for water storage and recreation.
Man-made reservoirs: Artificial lakes created by constructing dams across rivers to store water for various purposes.
"Lakes" is a subcategory of "Brazilian Water Resources". Is "Man-made reservoirs" typically understood as a subcategory of "Lakes"? Answer only with yes or no.
No
2024-03-12 03:07:01,715 INFO Task-59 Info:
Man-made reservoirs renamed to Reservoirs
2024-03-12 03:07:01,715 INFO Task-59 Prompt:
Brazilian Water Resources: Brazilian Water Resources refer to the various bodies of water, such as rivers, lakes, and aquifers, that are found within the borders of Brazil and are essential for supporting the country's ecosystems and human populations.
Lakes: Inland bodies of water that vary in size and depth, serving as habitats for aquatic life and important for water storage and recreation.
Reservoirs: Artificial lakes created by constructing dams across rivers to store water for various purposes.
"Lakes" is a subcategory of "Brazilian Water Resources". Is "Reservoirs" typically understood as a subcategory of "Lakes"? Answer only with yes or no.
No
2024-03-12 03:07:02,056 INFO Task-44 Prompt:
Brazilian Water Resources: Brazilian Water Resources refer to the various bodies of water, such as rivers, lakes, and aquifers, that are found within the borders of Brazil and are essential for supporting the country's ecosystems and human populations.
Amazon: Lakes located in the Amazon region of Brazil.
Is "Amazon" a specific instance or a subcategory of the category "Brazilian Water Resources"? Answer only with "Instance" or "Subcategory".
Instance
2024-03-12 03:07:02,153 INFO Task-46 Prompt:
Brazilian Water Resources: Brazilian Water Resources refer to the various bodies of water, such as rivers, lakes, and aquifers, that are found within the borders of Brazil and are essential for supporting the country's ecosystems and human populations.
Parana-paraguay: Lakes associated with the Parana-Paraguay river system.
Is "Parana-paraguay" a specific instance or a subcategory of the category "Brazilian Water Resources"? Answer only with "Instance" or "Subcategory".
Instance
2024-03-12 03:07:02,321 INFO Task-45 Prompt:
Brazilian Water Resources: Brazilian Water Resources refer to the various bodies of water, such as rivers, lakes, and aquifers, that are found within the borders of Brazil and are essential for supporting the country's ecosystems and human populations.
Pantanal: Lakes found in the Pantanal wetlands.
Is "Pantanal" a specific instance or a subcategory of the category "Brazilian Water Resources"? Answer only with "Instance" or "Subcategory".
Instance
2024-03-12 03:07:02,470 INFO Task-47 Prompt:
Brazilian Water Resources: Brazilian Water Resources refer to the various bodies of water, such as rivers, lakes, and aquifers, that are found within the borders of Brazil and are essential for supporting the country's ecosystems and human populations.
Rio negro: Lakes connected to the Rio Negro river.
Is "Rio negro" a specific instance or a subcategory of the category "Brazilian Water Resources"? Answer only with "Instance" or "Subcategory".
Instance
2024-03-12 03:07:02,714 INFO Task-48 Prompt:
Brazilian Water Resources: Brazilian Water Resources refer to the various bodies of water, such as rivers, lakes, and aquifers, that are found within the borders of Brazil and are essential for supporting the country's ecosystems and human populations.
Tocantins-araguaia: Lakes related to the Tocantins-Araguaia river basin.
Is "Tocantins-araguaia" a specific instance or a subcategory of the category "Brazilian Water Resources"? Answer only with "Instance" or "Subcategory".
Instance
2024-03-12 03:07:02,724 INFO Task-49 Prompt:
Brazilian Water Resources: Brazilian Water Resources refer to the various bodies of water, such as rivers, lakes, and aquifers, that are found within the borders of Brazil and are essential for supporting the country's ecosystems and human populations.
Artificial lakes: Man-made lakes created for various purposes.
Is "Artificial lakes" a part or a subcategory of the category "Brazilian Water Resources"? Answer only with "Part" or "Subcategory".
Part
2024-03-12 03:07:02,832 INFO Task-51 Prompt:
Brazilian Water Resources: Brazilian Water Resources refer to the various bodies of water, such as rivers, lakes, and aquifers, that are found within the borders of Brazil and are essential for supporting the country's ecosystems and human populations.
Glacial lakes: Lakes formed by the melting of glaciers.
Is "Glacial lakes" a part or a subcategory of the category "Brazilian Water Resources"? Answer only with "Part" or "Subcategory".
Part
2024-03-12 03:07:02,904 INFO Task-55 Prompt:
Brazilian Water Resources: Brazilian Water Resources refer to the various bodies of water, such as rivers, lakes, and aquifers, that are found within the borders of Brazil and are essential for supporting the country's ecosystems and human populations.
Saltwater lakes: Lakes with high salinity levels.
Is "Saltwater lakes" a part or a subcategory of the category "Brazilian Water Resources"? Answer only with "Part" or "Subcategory".
Part
2024-03-12 03:07:03,932 INFO Task-50 Prompt:
Brazilian Water Resources: Brazilian Water Resources refer to the various bodies of water, such as rivers, lakes, and aquifers, that are found within the borders of Brazil and are essential for supporting the country's ecosystems and human populations.
Crater lakes: Lakes formed in volcanic craters.
Can "Crater lakes" be considered a subcategory of "Brazilian Water Resources"? Answer only with yes or no.
No
2024-03-12 03:07:06,476 INFO Task-50 Info:
Crater lakes renamed to Volcanic crater lakes
2024-03-12 03:07:06,819 INFO Task-50 Prompt:
Brazilian Water Resources: Brazilian Water Resources refer to the various bodies of water, such as rivers, lakes, and aquifers, that are found within the borders of Brazil and are essential for supporting the country's ecosystems and human populations.
Volcanic crater lakes: Lakes formed in volcanic craters.
Can "Volcanic crater lakes" be considered a subcategory of "Brazilian Water Resources"? Answer only with yes or no.
No
2024-03-12 03:07:10,279 INFO Task-1 Prompt:
"X" is a subcategory of "Y" if every element of "X" is also an element of "Y". In other words, "X" is a subset of "Y". This means the more general term of them is "Y". "Y" is a more general category that includes "X" as a subcategory.
Brazilian Water Resources: Brazilian Water Resources refer to the various bodies of water, such as rivers, lakes, and aquifers, that are found within the borders of Brazil and are essential for supporting the country's ecosystems and human populations.
Lakes: Inland bodies of water that vary in size and depth, serving as habitats for aquatic life and important for water storage and recreation.
Natural lakes: Lakes that form naturally through geological processes, such as glacial, volcanic, or tectonic activity.
Consider the terms "Lakes" and "Natural lakes". Which of the terms is a subcategory of the other one? Answer in the following scheme: [[X]] is a subcategory of [[Y]].
[[Natural lakes]] is a subcategory of [[Lakes]].
2024-03-12 03:07:14,037 INFO Task-1 Prompt:
"X" is a subcategory of "Y" if every element of "X" is also an element of "Y". In other words, "X" is a subset of "Y". This means the more general term of them is "Y". "Y" is a more general category that includes "X" as a subcategory.
Brazilian Water Resources: Brazilian Water Resources refer to the various bodies of water, such as rivers, lakes, and aquifers, that are found within the borders of Brazil and are essential for supporting the country's ecosystems and human populations.
Freshwater lakes: Lakes with predominantly fresh water.
Natural lakes: Lakes that form naturally through geological processes, such as glacial, volcanic, or tectonic activity.
Consider the terms "Freshwater lakes" and "Natural lakes". Which of the terms is a subcategory of the other one? Answer in the following scheme: [[X]] is a subcategory of [[Y]].
[[Freshwater lakes]] is a subcategory of [[Natural lakes]].
2024-03-12 03:07:18,199 INFO Task-106 Prompt:
Brazilian Water Resources: Brazilian Water Resources refer to the various bodies of water, such as rivers, lakes, and aquifers, that are found within the borders of Brazil and are essential for supporting the country's ecosystems and human populations.
Flood control: Reservoirs used to store excess water during periods of heavy rainfall to prevent flooding downstream.
Is "Flood control" a part or a subcategory of the category "Brazilian Water Resources"? Answer only with "Part" or "Subcategory".
Part
2024-03-12 03:07:18,200 INFO Task-107 Prompt:
Brazilian Water Resources: Brazilian Water Resources refer to the various bodies of water, such as rivers, lakes, and aquifers, that are found within the borders of Brazil and are essential for supporting the country's ecosystems and human populations.
Hydropower generation: Reservoirs used to store water that is released to generate electricity through hydropower plants.
Is "Hydropower generation" a specific instance or a subcategory of the category "Brazilian Water Resources"? Answer only with "Instance" or "Subcategory".
Instance
2024-03-12 03:07:18,204 INFO Task-109 Prompt:
Brazilian Water Resources: Brazilian Water Resources refer to the various bodies of water, such as rivers, lakes, and aquifers, that are found within the borders of Brazil and are essential for supporting the country's ecosystems and human populations.
Recreational activities: Reservoirs that provide opportunities for leisure activities such as boating, fishing, and swimming.
Can "Recreational activities" be considered a subcategory of "Brazilian Water Resources"? Answer only with yes or no.
No
2024-03-12 03:07:18,204 INFO Task-109 Info:
Recreational activities renamed to Recreational reservoirs
2024-03-12 03:07:18,206 INFO Task-110 Prompt:
Brazilian Water Resources: Brazilian Water Resources refer to the various bodies of water, such as rivers, lakes, and aquifers, that are found within the borders of Brazil and are essential for supporting the country's ecosystems and human populations.
Water supply: Reservoirs that store water for municipal, industrial, and agricultural use.
Is "Water supply" a part or a subcategory of the category "Brazilian Water Resources"? Answer only with "Part" or "Subcategory".
Part
2024-03-12 03:07:18,207 INFO Task-111 Prompt:
Brazilian Water Resources: Brazilian Water Resources refer to the various bodies of water, such as rivers, lakes, and aquifers, that are found within the borders of Brazil and are essential for supporting the country's ecosystems and human populations.
Drinking water reservoirs: Reservoirs specifically designated for storing water intended for human consumption.
Is "Drinking water reservoirs" a specific instance or a subcategory of the category "Brazilian Water Resources"? Answer only with "Instance" or "Subcategory".
Instance
2024-03-12 03:07:18,209 INFO Task-113 Prompt:
Brazilian Water Resources: Brazilian Water Resources refer to the various bodies of water, such as rivers, lakes, and aquifers, that are found within the borders of Brazil and are essential for supporting the country's ecosystems and human populations.
Hydropower reservoirs: Reservoirs that are integral components of hydropower systems for electricity generation.
Is "Hydropower reservoirs" a specific instance or a subcategory of the category "Brazilian Water Resources"? Answer only with "Instance" or "Subcategory".
Instance
2024-03-12 03:07:18,210 INFO Task-114 Prompt:
Brazilian Water Resources: Brazilian Water Resources refer to the various bodies of water, such as rivers, lakes, and aquifers, that are found within the borders of Brazil and are essential for supporting the country's ecosystems and human populations.
Irrigation reservoirs: Reservoirs used to store water for agricultural irrigation purposes.
Is "Irrigation reservoirs" a part or a subcategory of the category "Brazilian Water Resources"? Answer only with "Part" or "Subcategory".
Part
2024-03-12 03:07:18,211 INFO Task-115 Prompt:
Brazilian Water Resources: Brazilian Water Resources refer to the various bodies of water, such as rivers, lakes, and aquifers, that are found within the borders of Brazil and are essential for supporting the country's ecosystems and human populations.
Large reservoirs: Reservoirs with a significant storage capacity, often used for multiple purposes such as water supply, hydropower, and flood control.
Is "Large reservoirs" a part or a subcategory of the category "Brazilian Water Resources"? Answer only with "Part" or "Subcategory".
Part
2024-03-12 03:07:20,317 INFO Task-105 Prompt:
Brazilian Water Resources: Brazilian Water Resources refer to the various bodies of water, such as rivers, lakes, and aquifers, that are found within the borders of Brazil and are essential for supporting the country's ecosystems and human populations.
Reservoirs: Artificial lakes created by damming rivers, used for water supply, flood control, hydropower generation, and recreational activities.
Drinking water supply: Drinking water supply is a subcategory of Reservoirs. Artificial lakes created by damming rivers, used for water supply, flood control, hydropower generation, and recreational activities.
"Reservoirs" is a subcategory of "Brazilian Water Resources". Is "Drinking water supply" typically understood as a subcategory of "Reservoirs"? Answer only with yes or no.
No
2024-03-12 03:07:20,953 INFO Task-105 Info:
Drinking water supply renamed to Drinking water supply
2024-03-12 03:07:30,006 INFO Task-164 Prompt:
Brazilian Water Resources: Brazilian Water Resources refer to the various bodies of water, such as rivers, lakes, and aquifers, that are found within the borders of Brazil and are essential for supporting the country's ecosystems and human populations.
Brackish water: Water that has more salinity than freshwater but less salinity than seawater.
Is "Brackish water" a specific instance or a subcategory of the category "Brazilian Water Resources"? Answer only with "Instance" or "Subcategory".
Instance
2024-03-12 03:07:30,143 INFO Task-165 Prompt:
Brazilian Water Resources: Brazilian Water Resources refer to the various bodies of water, such as rivers, lakes, and aquifers, that are found within the borders of Brazil and are essential for supporting the country's ecosystems and human populations.
Estuarine species habitat: Habitats within estuaries that support a diverse range of plant and animal species.
Is "Estuarine species habitat" a specific instance or a subcategory of the category "Brazilian Water Resources"? Answer only with "Instance" or "Subcategory".
Instance
2024-03-12 03:07:30,211 INFO Task-166 Prompt:
Brazilian Water Resources: Brazilian Water Resources refer to the various bodies of water, such as rivers, lakes, and aquifers, that are found within the borders of Brazil and are essential for supporting the country's ecosystems and human populations.
Mangrove forests: Coastal ecosystems dominated by salt-tolerant mangrove trees.
Is "Mangrove forests" a specific instance or a subcategory of the category "Brazilian Water Resources"? Answer only with "Instance" or "Subcategory".
Instance
2024-03-12 03:07:30,765 INFO Task-167 Prompt:
Brazilian Water Resources: Brazilian Water Resources refer to the various bodies of water, such as rivers, lakes, and aquifers, that are found within the borders of Brazil and are essential for supporting the country's ecosystems and human populations.
Salt marshes: Coastal wetlands that are flooded and drained by saltwater brought in by the tides.
Is "Salt marshes" a part or a subcategory of the category "Brazilian Water Resources"? Answer only with "Part" or "Subcategory".
Part
2024-03-12 03:07:30,822 INFO Task-168 Prompt:
Brazilian Water Resources: Brazilian Water Resources refer to the various bodies of water, such as rivers, lakes, and aquifers, that are found within the borders of Brazil and are essential for supporting the country's ecosystems and human populations.
Tidal flats: Coastal areas that are exposed at low tide and submerged at high tide, characterized by mudflats and sandflats.
Is "Tidal flats" a part or a subcategory of the category "Brazilian Water Resources"? Answer only with "Part" or "Subcategory".
Part
