2024-03-12 03:02:35,456 INFO Task-1 Prompt:
Brazilian Water Resources: Brazilian Water Resources refer to the various bodies of water, such as rivers, lakes, and aquifers, that are found within the borders of Brazil and are essential for supporting the country's ecosystems and human populations.
Lakes: Inland bodies of water that vary in size and depth, serving as habitats for aquatic life and important for water storage and recreation.
Man-made lakes: Lakes created by human activities, such as damming rivers or excavating land.
"Lakes" is a subcategory of "Brazilian Water Resources". "Man-made lakes" is a subcategory of "Lakes". Are there any generally accepted subcategories of "Man-made lakes"? Answer only with yes or no.
Yes
2024-03-12 03:02:36,631 INFO Task-1 Prompt:
Brazilian Water Resources: Brazilian Water Resources refer to the various bodies of water, such as rivers, lakes, and aquifers, that are found within the borders of Brazil and are essential for supporting the country's ecosystems and human populations.
Lakes: Inland bodies of water that vary in size and depth, serving as habitats for aquatic life and important for water storage and recreation.
Man-made lakes: Lakes created by human activities, such as damming rivers or excavating land.
"Lakes" is a subcategory of "Brazilian Water Resources". "Man-made lakes" is a subcategory of "Lakes". List all of the most important subcategories of "Man-made lakes". Skip explanations and use a comma-separated format like this:
Important subcategory, Another important subcategory, Another important subcategory, etc.
['Hy', 'Res', 'Hy', 'Hy', 'Res', 'Res', 'Hy', 'Hy', 'Hy', 'Hy', 'Res', 'Hy', 'Hy', 'Hy', 'Res', 'Res', 'Res', 'Res', 'Hy', 'Hy', 'Hy', 'Hy', 'Hy', 'Hy', 'Res', 'Hy', 'Hy', 'Res', 'Res', 'Res', 'Res', 'Hy', 'Hy', 'Hy', 'Res', 'Hy', 'Hy', 'Hy', 'Res', 'Hy', 'Res', 'Hy', 'Hy', 'Hy', 'Hy', 'Hy', 'Res', 'Hy', 'Res', 'Res', 'Hy', 'Res', 'Res', 'Res', 'Hy', 'Hy', 'Hy', 'Hy', 'Hy', 'Res', 'Hy', 'Res', 'Hy', 'Hy', 'Hy', 'Res', 'Hy', 'Res', 'Hy', 'Hy', 'Res', 'Hy', 'Res', 'Hy', 'Hy', 'Hy', 'Hy', 'Res', 'Hy', 'Res', 'Res', 'Hy', 'Hy', 'Res', 'Hy', 'Hy', 'Res', 'Hy', 'Res', 'Res', 'Hy', 'Hy', 'Res', 'Hy', 'Hy', 'Res', 'Res', 'Hy', 'Hy', 'Hy']
2024-03-12 03:02:37,495 INFO Task-1 Prompt:
Brazilian Water Resources: Brazilian Water Resources refer to the various bodies of water, such as rivers, lakes, and aquifers, that are found within the borders of Brazil and are essential for supporting the country's ecosystems and human populations.
Lakes: Inland bodies of water that vary in size and depth, serving as habitats for aquatic life and important for water storage and recreation.
Man-made lakes: Lakes created by human activities, such as damming rivers or excavating land.
"Lakes" is a subcategory of "Brazilian Water Resources". "Man-made lakes" is a subcategory of "Lakes". List all of the most important subcategories of "Man-made lakes". Skip explanations and use a comma-separated format like this:
Important subcategory, Another important subcategory, Another important subcategory, etc.
Start your answer with "Hy".
Hydropower reservoirs, Irrigation reservoirs, Recreational lakes, Drinking water reservoirs
2024-03-12 03:02:38,236 INFO Task-1 Prompt:
Brazilian Water Resources: Brazilian Water Resources refer to the various bodies of water, such as rivers, lakes, and aquifers, that are found within the borders of Brazil and are essential for supporting the country's ecosystems and human populations.
Lakes: Inland bodies of water that vary in size and depth, serving as habitats for aquatic life and important for water storage and recreation.
Man-made lakes: Lakes created by human activities, such as damming rivers or excavating land.
"Lakes" is a subcategory of "Brazilian Water Resources". "Man-made lakes" is a subcategory of "Lakes". List all of the most important subcategories of "Man-made lakes". Skip explanations and use a comma-separated format like this:
Important subcategory, Another important subcategory, Another important subcategory, etc.
Start your answer with "Res".
Reservoirs, Hydroelectric reservoirs, Irrigation reservoirs
2024-03-12 03:02:39,532 INFO Task-1 Prompt:
Brazilian Water Resources: Brazilian Water Resources refer to the various bodies of water, such as rivers, lakes, and aquifers, that are found within the borders of Brazil and are essential for supporting the country's ecosystems and human populations.
Man-made lakes: Lakes created by human activities, such as damming rivers or excavating land.
List all of the most important subcategories of "Man-made lakes" in a comma-separated format, skip explanations.
Recreational lakes, Hydroelectric reservoirs
Give a brief description of every term on the list, considered as a subcategory of Man-made lakes, without the use of examples, in the following form:
List element 1: brief description of list element 1.
List element 2: brief description of list element 2.
...
Recreational lakes: Man-made lakes created primarily for recreational activities such as swimming, boating, and fishing.
Hydroelectric reservoirs: Man-made lakes formed by damming rivers to store water for hydroelectric power generation.
2024-03-12 03:02:39,946 INFO Task-88 Prompt:
Brazilian Water Resources: Brazilian Water Resources refer to the various bodies of water, such as rivers, lakes, and aquifers, that are found within the borders of Brazil and are essential for supporting the country's ecosystems and human populations.
Recreational lakes: Man-made lakes created primarily for recreational activities such as swimming, boating, and fishing.
Is "Recreational lakes" a specific instance or a subcategory of the category "Brazilian Water Resources"? Answer only with "Instance" or "Subcategory".
Subcategory
2024-03-12 03:02:40,014 INFO Task-89 Prompt:
Brazilian Water Resources: Brazilian Water Resources refer to the various bodies of water, such as rivers, lakes, and aquifers, that are found within the borders of Brazil and are essential for supporting the country's ecosystems and human populations.
Hydroelectric reservoirs: Man-made lakes formed by damming rivers to store water for hydroelectric power generation.
Is "Hydroelectric reservoirs" a specific instance or a subcategory of the category "Brazilian Water Resources"? Answer only with "Instance" or "Subcategory".
Subcategory
2024-03-12 03:02:40,103 INFO Task-90 Prompt:
Brazilian Water Resources: Brazilian Water Resources refer to the various bodies of water, such as rivers, lakes, and aquifers, that are found within the borders of Brazil and are essential for supporting the country's ecosystems and human populations.
Man-made lakes: Lakes created by human activities, such as damming rivers or excavating land.
Reservoirs: Artificial lakes created by damming rivers, used for water supply, flood control, hydropower generation, and recreational activities.
"Man-made lakes" is a subcategory of "Brazilian Water Resources". Is "Reservoirs" typically understood as a subcategory of "Man-made lakes"? Answer only with yes or no.
Yes
2024-03-12 03:02:40,301 INFO Task-88 Prompt:
Brazilian Water Resources: Brazilian Water Resources refer to the various bodies of water, such as rivers, lakes, and aquifers, that are found within the borders of Brazil and are essential for supporting the country's ecosystems and human populations.
Recreational lakes: Man-made lakes created primarily for recreational activities such as swimming, boating, and fishing.
Is "Recreational lakes" a part or a subcategory of the category "Brazilian Water Resources"? Answer only with "Part" or "Subcategory".
Subcategory
2024-03-12 03:02:40,649 INFO Task-88 Prompt:
Brazilian Water Resources: Brazilian Water Resources refer to the various bodies of water, such as rivers, lakes, and aquifers, that are found within the borders of Brazil and are essential for supporting the country's ecosystems and human populations.
Recreational lakes: Man-made lakes created primarily for recreational activities such as swimming, boating, and fishing.
Can "Recreational lakes" be considered a subcategory of "Brazilian Water Resources"? Answer only with yes or no.
Yes
2024-03-12 03:02:40,926 INFO Task-89 Prompt:
Brazilian Water Resources: Brazilian Water Resources refer to the various bodies of water, such as rivers, lakes, and aquifers, that are found within the borders of Brazil and are essential for supporting the country's ecosystems and human populations.
Hydroelectric reservoirs: Man-made lakes formed by damming rivers to store water for hydroelectric power generation.
Is "Hydroelectric reservoirs" a part or a subcategory of the category "Brazilian Water Resources"? Answer only with "Part" or "Subcategory".
Subcategory
2024-03-12 03:02:41,238 INFO Task-88 Prompt:
Brazilian Water Resources: Brazilian Water Resources refer to the various bodies of water, such as rivers, lakes, and aquifers, that are found within the borders of Brazil and are essential for supporting the country's ecosystems and human populations.
Man-made lakes: Lakes created by human activities, such as damming rivers or excavating land.
Recreational lakes: Man-made lakes created primarily for recreational activities such as swimming, boating, and fishing.
"Man-made lakes" is a subcategory of "Brazilian Water Resources". Is "Recreational lakes" typically understood as a subcategory of "Man-made lakes"? Answer only with yes or no.
Yes
2024-03-12 03:02:41,273 INFO Task-89 Prompt:
Brazilian Water Resources: Brazilian Water Resources refer to the various bodies of water, such as rivers, lakes, and aquifers, that are found within the borders of Brazil and are essential for supporting the country's ecosystems and human populations.
Hydroelectric reservoirs: Man-made lakes formed by damming rivers to store water for hydroelectric power generation.
Can "Hydroelectric reservoirs" be considered a subcategory of "Brazilian Water Resources"? Answer only with yes or no.
Yes
2024-03-12 03:02:41,706 INFO Task-89 Prompt:
Brazilian Water Resources: Brazilian Water Resources refer to the various bodies of water, such as rivers, lakes, and aquifers, that are found within the borders of Brazil and are essential for supporting the country's ecosystems and human populations.
Man-made lakes: Lakes created by human activities, such as damming rivers or excavating land.
Hydroelectric reservoirs: Man-made lakes formed by damming rivers to store water for hydroelectric power generation.
"Man-made lakes" is a subcategory of "Brazilian Water Resources". Is "Hydroelectric reservoirs" typically understood as a subcategory of "Man-made lakes"? Answer only with yes or no.
Yes
2024-03-12 03:02:42,307 INFO Task-97 Prompt:
Brazilian Water Resources: Brazilian Water Resources refer to the various bodies of water, such as rivers, lakes, and aquifers, that are found within the borders of Brazil and are essential for supporting the country's ecosystems and human populations.
Recreational reservoirs: Reservoirs that provide opportunities for leisure activities such as boating, fishing, and swimming.
Recreational lakes: Man-made lakes created primarily for recreational activities such as swimming, boating, and fishing.
"Recreational reservoirs" is a subcategory of "Brazilian Water Resources". Is "Recreational lakes" typically understood as a subcategory of "Recreational reservoirs"? Answer only with yes or no.
No
2024-03-12 03:02:42,307 INFO Task-96 Prompt:
Brazilian Water Resources: Brazilian Water Resources refer to the various bodies of water, such as rivers, lakes, and aquifers, that are found within the borders of Brazil and are essential for supporting the country's ecosystems and human populations.
Flood control reservoirs: Reservoirs built primarily to mitigate the impacts of flooding in downstream areas.
Recreational lakes: Man-made lakes created primarily for recreational activities such as swimming, boating, and fishing.
"Flood control reservoirs" is a subcategory of "Brazilian Water Resources". Is "Recreational lakes" typically understood as a subcategory of "Flood control reservoirs"? Answer only with yes or no.
No
2024-03-12 03:02:43,657 INFO Task-98 Prompt:
Brazilian Water Resources: Brazilian Water Resources refer to the various bodies of water, such as rivers, lakes, and aquifers, that are found within the borders of Brazil and are essential for supporting the country's ecosystems and human populations.
Natural lakes: Lakes that form naturally through geological processes, such as glacial, volcanic, or tectonic activity.
Recreational lakes: Man-made lakes created primarily for recreational activities such as swimming, boating, and fishing.
"Natural lakes" is a subcategory of "Brazilian Water Resources". Is "Recreational lakes" typically understood as a subcategory of "Natural lakes"? Answer only with yes or no.
No
2024-03-12 03:02:44,033 INFO Task-102 Prompt:
Brazilian Water Resources: Brazilian Water Resources refer to the various bodies of water, such as rivers, lakes, and aquifers, that are found within the borders of Brazil and are essential for supporting the country's ecosystems and human populations.
Recreational lakes: Man-made lakes created primarily for recreational activities such as swimming, boating, and fishing.
Man-made lakes: Lakes created by human activities, such as damming rivers or excavating land.
"Recreational lakes" is a subcategory of "Brazilian Water Resources". Is "Man-made lakes" typically understood as a subcategory of "Recreational lakes"? Answer only with yes or no.
Yes
2024-03-12 03:02:44,371 INFO Task-1 Prompt:
Brazilian Water Resources: Brazilian Water Resources refer to the various bodies of water, such as rivers, lakes, and aquifers, that are found within the borders of Brazil and are essential for supporting the country's ecosystems and human populations.
Man-made lakes: Lakes created by human activities, such as damming rivers or excavating land.
Recreational lakes: Man-made lakes created primarily for recreational activities such as swimming, boating, and fishing.
In the context of Brazilian Water Resources, are "Man-made lakes" and "Recreational lakes" typically used interchangeably? Answer in one word, yes or no.
No
2024-03-12 03:02:44,717 INFO Task-1 Prompt:
Brazilian Water Resources: Brazilian Water Resources refer to the various bodies of water, such as rivers, lakes, and aquifers, that are found within the borders of Brazil and are essential for supporting the country's ecosystems and human populations.
Man-made lakes: Lakes created by human activities, such as damming rivers or excavating land.
Recreational lakes: Man-made lakes created primarily for recreational activities such as swimming, boating, and fishing.
Consider the terms "Man-made lakes" and "Recreational lakes". Is one of the terms the plural form of the other one? Answer in one word, yes or no.
No
2024-03-12 03:02:45,407 INFO Task-1 Prompt:
"X" is a subcategory of "Y" if every element of "X" is also an element of "Y". In other words, "X" is a subset of "Y". This means the more general term of them is "Y". "Y" is a more general category that includes "X" as a subcategory.
Brazilian Water Resources: Brazilian Water Resources refer to the various bodies of water, such as rivers, lakes, and aquifers, that are found within the borders of Brazil and are essential for supporting the country's ecosystems and human populations.
Man-made lakes: Lakes created by human activities, such as damming rivers or excavating land.
Recreational lakes: Man-made lakes created primarily for recreational activities such as swimming, boating, and fishing.
Consider the terms "Man-made lakes" and "Recreational lakes". Which of the terms is a subcategory of the other one? Answer in the following scheme: [[X]] is a subcategory of [[Y]].
[[Recreational lakes]] is a subcategory of [[Man-made lakes]].
2024-03-12 03:02:45,909 INFO Task-118 Prompt:
Brazilian Water Resources: Brazilian Water Resources refer to the various bodies of water, such as rivers, lakes, and aquifers, that are found within the borders of Brazil and are essential for supporting the country's ecosystems and human populations.
Recreational reservoirs: Reservoirs that provide opportunities for leisure activities such as boating, fishing, and swimming.
Hydroelectric reservoirs: Man-made lakes formed by damming rivers to store water for hydroelectric power generation.
"Recreational reservoirs" is a subcategory of "Brazilian Water Resources". Is "Hydroelectric reservoirs" typically understood as a subcategory of "Recreational reservoirs"? Answer only with yes or no.
No
2024-03-12 03:02:57,159 INFO Task-117 Prompt:
Brazilian Water Resources: Brazilian Water Resources refer to the various bodies of water, such as rivers, lakes, and aquifers, that are found within the borders of Brazil and are essential for supporting the country's ecosystems and human populations.
Flood control reservoirs: Reservoirs built primarily to mitigate the impacts of flooding in downstream areas.
Hydroelectric reservoirs: Man-made lakes formed by damming rivers to store water for hydroelectric power generation.
"Flood control reservoirs" is a subcategory of "Brazilian Water Resources". Is "Hydroelectric reservoirs" typically understood as a subcategory of "Flood control reservoirs"? Answer only with yes or no.
No
2024-03-12 03:02:57,657 INFO Task-120 Prompt:
Brazilian Water Resources: Brazilian Water Resources refer to the various bodies of water, such as rivers, lakes, and aquifers, that are found within the borders of Brazil and are essential for supporting the country's ecosystems and human populations.
Recreational lakes: Man-made lakes created primarily for recreational activities such as swimming, boating, and fishing.
Hydroelectric reservoirs: Man-made lakes formed by damming rivers to store water for hydroelectric power generation.
"Recreational lakes" is a subcategory of "Brazilian Water Resources". Is "Hydroelectric reservoirs" typically understood as a subcategory of "Recreational lakes"? Answer only with yes or no.
No
2024-03-12 03:02:57,961 INFO Task-122 Prompt:
Brazilian Water Resources: Brazilian Water Resources refer to the various bodies of water, such as rivers, lakes, and aquifers, that are found within the borders of Brazil and are essential for supporting the country's ecosystems and human populations.
Natural lakes: Lakes that form naturally through geological processes, such as glacial, volcanic, or tectonic activity.
Hydroelectric reservoirs: Man-made lakes formed by damming rivers to store water for hydroelectric power generation.
"Natural lakes" is a subcategory of "Brazilian Water Resources". Is "Hydroelectric reservoirs" typically understood as a subcategory of "Natural lakes"? Answer only with yes or no.
No
2024-03-12 03:02:58,793 INFO Task-124 Prompt:
Brazilian Water Resources: Brazilian Water Resources refer to the various bodies of water, such as rivers, lakes, and aquifers, that are found within the borders of Brazil and are essential for supporting the country's ecosystems and human populations.
Hydroelectric reservoirs: Man-made lakes formed by damming rivers to store water for hydroelectric power generation.
Recreational lakes: Man-made lakes created primarily for recreational activities such as swimming, boating, and fishing.
"Hydroelectric reservoirs" is a subcategory of "Brazilian Water Resources". Is "Recreational lakes" typically understood as a subcategory of "Hydroelectric reservoirs"? Answer only with yes or no.
No
2024-03-12 03:02:59,300 INFO Task-1 Prompt:
Brazilian Water Resources: Brazilian Water Resources refer to the various bodies of water, such as rivers, lakes, and aquifers, that are found within the borders of Brazil and are essential for supporting the country's ecosystems and human populations.
Lakes: Inland bodies of water that vary in size and depth, serving as habitats for aquatic life and important for water storage and recreation.
Natural lakes: Lakes that form naturally through geological processes, such as glacial, volcanic, or tectonic activity.
"Lakes" is a subcategory of "Brazilian Water Resources". "Natural lakes" is a subcategory of "Lakes". Are there any generally accepted subcategories of "Natural lakes"? Answer only with yes or no.
Yes
2024-03-12 03:03:00,807 INFO Task-1 Prompt:
Brazilian Water Resources: Brazilian Water Resources refer to the various bodies of water, such as rivers, lakes, and aquifers, that are found within the borders of Brazil and are essential for supporting the country's ecosystems and human populations.
Lakes: Inland bodies of water that vary in size and depth, serving as habitats for aquatic life and important for water storage and recreation.
Natural lakes: Lakes that form naturally through geological processes, such as glacial, volcanic, or tectonic activity.
"Lakes" is a subcategory of "Brazilian Water Resources". "Natural lakes" is a subcategory of "Lakes". List all of the most important subcategories of "Natural lakes". Skip explanations and use a comma-separated format like this:
Important subcategory, Another important subcategory, Another important subcategory, etc.
['O', 'T', 'Art', 'Cr', 'O', 'O', 'O', 'L', 'O', 'L', 'Large', 'Man', 'O', 'O', 'O', 'O', 'L', 'Gl', 'Cr', 'Man', 'L', 'T', 'O', 'O', 'T', 'Gl', 'Closed', 'O', 'Gl', 'End', 'O', 'O', 'O', 'End', 'O', 'L', 'O', 'O', 'Gl', 'Gl', 'O', 'O', 'O', 'Man', 'Man', 'O', 'L', 'Large', 'O', 'End', 'O', 'Fresh', 'T', 'Gl', 'Fresh', 'Cr', 'End', 'L', 'Fresh', 'L', 'Gl', 'O', 'Man', 'O', 'T', 'O', 'O', 'Cr', 'O', 'O', 'Gl', 'O', 'Cr', 'L', 'O', 'O', 'O', 'O', 'O', 'O', 'Gl', 'O', 'O', 'O', 'O', 'O', 'T', 'O', 'O', 'O', 'Fresh', 'O', 'T', 'O', 'O', 'T', 'O', 'O', 'O', 'O']
2024-03-12 03:03:01,650 INFO Task-1 Prompt:
Brazilian Water Resources: Brazilian Water Resources refer to the various bodies of water, such as rivers, lakes, and aquifers, that are found within the borders of Brazil and are essential for supporting the country's ecosystems and human populations.
Lakes: Inland bodies of water that vary in size and depth, serving as habitats for aquatic life and important for water storage and recreation.
Natural lakes: Lakes that form naturally through geological processes, such as glacial, volcanic, or tectonic activity.
"Lakes" is a subcategory of "Brazilian Water Resources". "Natural lakes" is a subcategory of "Lakes". List all of the most important subcategories of "Natural lakes". Skip explanations and use a comma-separated format like this:
Important subcategory, Another important subcategory, Another important subcategory, etc.
Start your answer with "O".
Oligotrophic lakes, Eutrophic lakes, Mesotrophic lakes
2024-03-12 03:03:03,069 INFO Task-1 Prompt:
Brazilian Water Resources: Brazilian Water Resources refer to the various bodies of water, such as rivers, lakes, and aquifers, that are found within the borders of Brazil and are essential for supporting the country's ecosystems and human populations.
Natural lakes: Lakes that form naturally through geological processes, such as glacial, volcanic, or tectonic activity.
List all of the most important subcategories of "Natural lakes" in a comma-separated format, skip explanations.
Eutrophic lakes, Mesotrophic lakes, Oligotrophic lakes
Give a brief description of every term on the list, considered as a subcategory of Natural lakes, without the use of examples, in the following form:
List element 1: brief description of list element 1.
List element 2: brief description of list element 2.
...
Eutrophic lakes: Lakes with high nutrient levels, often resulting in excessive plant growth and low oxygen levels.
Mesotrophic lakes: Lakes with moderate nutrient levels and a balance of plant and animal life.
Oligotrophic lakes: Lakes with low nutrient levels, clear water, and limited plant and algae growth.
2024-03-12 03:03:03,500 INFO Task-138 Prompt:
Brazilian Water Resources: Brazilian Water Resources refer to the various bodies of water, such as rivers, lakes, and aquifers, that are found within the borders of Brazil and are essential for supporting the country's ecosystems and human populations.
Oligotrophic lakes: Lakes with low nutrient levels, clear water, and limited plant and algae growth.
Is "Oligotrophic lakes" a specific instance or a subcategory of the category "Brazilian Water Resources"? Answer only with "Instance" or "Subcategory".
Subcategory
2024-03-12 03:03:03,647 INFO Task-136 Prompt:
Brazilian Water Resources: Brazilian Water Resources refer to the various bodies of water, such as rivers, lakes, and aquifers, that are found within the borders of Brazil and are essential for supporting the country's ecosystems and human populations.
Eutrophic lakes: Lakes with high nutrient levels, often resulting in excessive plant growth and low oxygen levels.
Is "Eutrophic lakes" a specific instance or a subcategory of the category "Brazilian Water Resources"? Answer only with "Instance" or "Subcategory".
Subcategory
2024-03-12 03:03:04,022 INFO Task-138 Prompt:
Brazilian Water Resources: Brazilian Water Resources refer to the various bodies of water, such as rivers, lakes, and aquifers, that are found within the borders of Brazil and are essential for supporting the country's ecosystems and human populations.
Oligotrophic lakes: Lakes with low nutrient levels, clear water, and limited plant and algae growth.
Is "Oligotrophic lakes" a part or a subcategory of the category "Brazilian Water Resources"? Answer only with "Part" or "Subcategory".
Subcategory
2024-03-12 03:03:04,050 INFO Task-137 Prompt:
Brazilian Water Resources: Brazilian Water Resources refer to the various bodies of water, such as rivers, lakes, and aquifers, that are found within the borders of Brazil and are essential for supporting the country's ecosystems and human populations.
Mesotrophic lakes: Lakes with moderate nutrient levels and a balance of plant and animal life.
Is "Mesotrophic lakes" a specific instance or a subcategory of the category "Brazilian Water Resources"? Answer only with "Instance" or "Subcategory".
Subcategory
2024-03-12 03:03:04,151 INFO Task-136 Prompt:
Brazilian Water Resources: Brazilian Water Resources refer to the various bodies of water, such as rivers, lakes, and aquifers, that are found within the borders of Brazil and are essential for supporting the country's ecosystems and human populations.
Eutrophic lakes: Lakes with high nutrient levels, often resulting in excessive plant growth and low oxygen levels.
Is "Eutrophic lakes" a part or a subcategory of the category "Brazilian Water Resources"? Answer only with "Part" or "Subcategory".
Subcategory
2024-03-12 03:03:04,375 INFO Task-138 Prompt:
Brazilian Water Resources: Brazilian Water Resources refer to the various bodies of water, such as rivers, lakes, and aquifers, that are found within the borders of Brazil and are essential for supporting the country's ecosystems and human populations.
Oligotrophic lakes: Lakes with low nutrient levels, clear water, and limited plant and algae growth.
Can "Oligotrophic lakes" be considered a subcategory of "Brazilian Water Resources"? Answer only with yes or no.
Yes
2024-03-12 03:03:04,396 INFO Task-137 Prompt:
Brazilian Water Resources: Brazilian Water Resources refer to the various bodies of water, such as rivers, lakes, and aquifers, that are found within the borders of Brazil and are essential for supporting the country's ecosystems and human populations.
Mesotrophic lakes: Lakes with moderate nutrient levels and a balance of plant and animal life.
Is "Mesotrophic lakes" a part or a subcategory of the category "Brazilian Water Resources"? Answer only with "Part" or "Subcategory".
Subcategory
2024-03-12 03:03:04,476 INFO Task-136 Prompt:
Brazilian Water Resources: Brazilian Water Resources refer to the various bodies of water, such as rivers, lakes, and aquifers, that are found within the borders of Brazil and are essential for supporting the country's ecosystems and human populations.
Eutrophic lakes: Lakes with high nutrient levels, often resulting in excessive plant growth and low oxygen levels.
Can "Eutrophic lakes" be considered a subcategory of "Brazilian Water Resources"? Answer only with yes or no.
Yes
2024-03-12 03:03:04,920 INFO Task-138 Prompt:
Brazilian Water Resources: Brazilian Water Resources refer to the various bodies of water, such as rivers, lakes, and aquifers, that are found within the borders of Brazil and are essential for supporting the country's ecosystems and human populations.
Natural lakes: Lakes that form naturally through geological processes, such as glacial, volcanic, or tectonic activity.
Oligotrophic lakes: Lakes with low nutrient levels, clear water, and limited plant and algae growth.
"Natural lakes" is a subcategory of "Brazilian Water Resources". Is "Oligotrophic lakes" typically understood as a subcategory of "Natural lakes"? Answer only with yes or no.
Yes
2024-03-12 03:03:04,940 INFO Task-137 Prompt:
Brazilian Water Resources: Brazilian Water Resources refer to the various bodies of water, such as rivers, lakes, and aquifers, that are found within the borders of Brazil and are essential for supporting the country's ecosystems and human populations.
Mesotrophic lakes: Lakes with moderate nutrient levels and a balance of plant and animal life.
Can "Mesotrophic lakes" be considered a subcategory of "Brazilian Water Resources"? Answer only with yes or no.
Yes
2024-03-12 03:03:05,093 INFO Task-136 Prompt:
Brazilian Water Resources: Brazilian Water Resources refer to the various bodies of water, such as rivers, lakes, and aquifers, that are found within the borders of Brazil and are essential for supporting the country's ecosystems and human populations.
Natural lakes: Lakes that form naturally through geological processes, such as glacial, volcanic, or tectonic activity.
Eutrophic lakes: Lakes with high nutrient levels, often resulting in excessive plant growth and low oxygen levels.
"Natural lakes" is a subcategory of "Brazilian Water Resources". Is "Eutrophic lakes" typically understood as a subcategory of "Natural lakes"? Answer only with yes or no.
No
2024-03-12 03:03:05,460 INFO Task-137 Prompt:
Brazilian Water Resources: Brazilian Water Resources refer to the various bodies of water, such as rivers, lakes, and aquifers, that are found within the borders of Brazil and are essential for supporting the country's ecosystems and human populations.
Natural lakes: Lakes that form naturally through geological processes, such as glacial, volcanic, or tectonic activity.
Mesotrophic lakes: Lakes with moderate nutrient levels and a balance of plant and animal life.
"Natural lakes" is a subcategory of "Brazilian Water Resources". Is "Mesotrophic lakes" typically understood as a subcategory of "Natural lakes"? Answer only with yes or no.
Yes
2024-03-12 03:03:06,108 INFO Task-136 Prompt:
Brazilian Water Resources: Brazilian Water Resources refer to the various bodies of water, such as rivers, lakes, and aquifers, that are found within the borders of Brazil and are essential for supporting the country's ecosystems and human populations.
Natural lakes: Lakes that form naturally through geological processes, such as glacial, volcanic, or tectonic activity.
"Natural lakes" is a subcategory of "Brazilian Water Resources". The following description outlines the characteristics of a subcategory of "Natural lakes". Provide a concise and unambiguous name for it. Provide only the name without any explanation. Description: Lakes with high nutrient levels, often resulting in excessive plant growth and low oxygen levels.
Eutrophic Lakes
2024-03-12 03:03:06,464 INFO Task-142 Prompt:
Brazilian Water Resources: Brazilian Water Resources refer to the various bodies of water, such as rivers, lakes, and aquifers, that are found within the borders of Brazil and are essential for supporting the country's ecosystems and human populations.
Reservoirs: Artificial lakes created by damming rivers, used for water supply, flood control, hydropower generation, and recreational activities.
Mesotrophic lakes: Lakes with moderate nutrient levels and a balance of plant and animal life.
"Reservoirs" is a subcategory of "Brazilian Water Resources". Is "Mesotrophic lakes" typically understood as a subcategory of "Reservoirs"? Answer only with yes or no.
No
2024-03-12 03:03:06,926 INFO Task-146 Prompt:
Brazilian Water Resources: Brazilian Water Resources refer to the various bodies of water, such as rivers, lakes, and aquifers, that are found within the borders of Brazil and are essential for supporting the country's ecosystems and human populations.
Mesotrophic lakes: Lakes with moderate nutrient levels and a balance of plant and animal life.
Natural lakes: Lakes that form naturally through geological processes, such as glacial, volcanic, or tectonic activity.
"Mesotrophic lakes" is a subcategory of "Brazilian Water Resources". Is "Natural lakes" typically understood as a subcategory of "Mesotrophic lakes"? Answer only with yes or no.
No
2024-03-12 03:03:07,438 INFO Task-155 Prompt:
Brazilian Water Resources: Brazilian Water Resources refer to the various bodies of water, such as rivers, lakes, and aquifers, that are found within the borders of Brazil and are essential for supporting the country's ecosystems and human populations.
Reservoirs: Artificial lakes created by damming rivers, used for water supply, flood control, hydropower generation, and recreational activities.
Oligotrophic lakes: Lakes with low nutrient levels, clear water, and limited plant and algae growth.
"Reservoirs" is a subcategory of "Brazilian Water Resources". Is "Oligotrophic lakes" typically understood as a subcategory of "Reservoirs"? Answer only with yes or no.
No
2024-03-12 03:03:07,960 INFO Task-158 Prompt:
Brazilian Water Resources: Brazilian Water Resources refer to the various bodies of water, such as rivers, lakes, and aquifers, that are found within the borders of Brazil and are essential for supporting the country's ecosystems and human populations.
Mesotrophic lakes: Lakes with moderate nutrient levels and a balance of plant and animal life.
Oligotrophic lakes: Lakes with low nutrient levels, clear water, and limited plant and algae growth.
"Mesotrophic lakes" is a subcategory of "Brazilian Water Resources". Is "Oligotrophic lakes" typically understood as a subcategory of "Mesotrophic lakes"? Answer only with yes or no.
No
2024-03-12 03:03:08,299 INFO Task-159 Prompt:
Brazilian Water Resources: Brazilian Water Resources refer to the various bodies of water, such as rivers, lakes, and aquifers, that are found within the borders of Brazil and are essential for supporting the country's ecosystems and human populations.
Oligotrophic lakes: Lakes with low nutrient levels, clear water, and limited plant and algae growth.
Mesotrophic lakes: Lakes with moderate nutrient levels and a balance of plant and animal life.
"Oligotrophic lakes" is a subcategory of "Brazilian Water Resources". Is "Mesotrophic lakes" typically understood as a subcategory of "Oligotrophic lakes"? Answer only with yes or no.
No
2024-03-12 03:03:08,660 INFO Task-1 Prompt:
Brazilian Water Resources: Brazilian Water Resources refer to the various bodies of water, such as rivers, lakes, and aquifers, that are found within the borders of Brazil and are essential for supporting the country's ecosystems and human populations.
Reservoirs: Artificial lakes created by damming rivers, used for water supply, flood control, hydropower generation, and recreational activities.
Flood control reservoirs: Reservoirs built primarily to mitigate the impacts of flooding in downstream areas.
"Reservoirs" is a subcategory of "Brazilian Water Resources". "Flood control reservoirs" is a subcategory of "Reservoirs". Are there any generally accepted subcategories of "Flood control reservoirs"? Answer only with yes or no.
Yes
2024-03-12 03:03:09,560 INFO Task-1 Prompt:
Brazilian Water Resources: Brazilian Water Resources refer to the various bodies of water, such as rivers, lakes, and aquifers, that are found within the borders of Brazil and are essential for supporting the country's ecosystems and human populations.
Reservoirs: Artificial lakes created by damming rivers, used for water supply, flood control, hydropower generation, and recreational activities.
Flood control reservoirs: Reservoirs built primarily to mitigate the impacts of flooding in downstream areas.
"Reservoirs" is a subcategory of "Brazilian Water Resources". "Flood control reservoirs" is a subcategory of "Reservoirs". List all of the most important subcategories of "Flood control reservoirs". Skip explanations and use a comma-separated format like this:
Important subcategory, Another important subcategory, Another important subcategory, etc.
['Release', 'Re', 'Up', 'Large', 'S', 'Fresh', 'F', 'Hy', 'Up', 'Storage', 'R', 'Large', 'D', 'S', 'C', 'Down', 'S', 'Hy', 'S', 'Large', 'Sp', 'Size', 'Water', 'Down', 'Hy', 'Reg', 'E', 'F', 'S', 'Storage', 'Size', 'Overflow', 'Water', 'Risk', 'Dam', 'Up', 'Hy', 'I', 'Hy', 'Water', 'Hy', 'Sp', 'Re', 'Hy', 'Natural', 'Capacity', 'S', 'S', 'Down', 'Down', 'Storage', 'Hy', 'Up', 'S', 'H', 'Effective', 'Res', 'Capacity', 'E', 'Effective', 'S', 'S', 'Res', 'Water', 'E', 'Effective', 'Emergency', 'S', 'S', 'Retention', 'S', 'Dam', 'Dam', 'Storage', 'Reg', 'Sp', 'Sp', 'Storage', 'Sp', 'R', 'Primary', 'Emergency', 'S', 'Det', 'Water', 'Up', 'Retention', 'Dr', 'Capacity', 'D', 'Hy', 'Release', 'Storage', 'Hy', 'F', 'R', 'Large', 'S', 'Catch', 'Storage']
2024-03-12 03:03:10,093 INFO Task-1 Prompt:
Brazilian Water Resources: Brazilian Water Resources refer to the various bodies of water, such as rivers, lakes, and aquifers, that are found within the borders of Brazil and are essential for supporting the country's ecosystems and human populations.
Reservoirs: Artificial lakes created by damming rivers, used for water supply, flood control, hydropower generation, and recreational activities.
Flood control reservoirs: Reservoirs built primarily to mitigate the impacts of flooding in downstream areas.
"Reservoirs" is a subcategory of "Brazilian Water Resources". "Flood control reservoirs" is a subcategory of "Reservoirs". List all of the most important subcategories of "Flood control reservoirs". Skip explanations and use a comma-separated format like this:
Important subcategory, Another important subcategory, Another important subcategory, etc.
Start your answer with "Hy".
Hydropower generation, Water supply, Flood mitigation, Recreation
2024-03-12 03:03:11,194 INFO Task-1 Prompt:
Brazilian Water Resources: Brazilian Water Resources refer to the various bodies of water, such as rivers, lakes, and aquifers, that are found within the borders of Brazil and are essential for supporting the country's ecosystems and human populations.
Reservoirs: Artificial lakes created by damming rivers, used for water supply, flood control, hydropower generation, and recreational activities.
Flood control reservoirs: Reservoirs built primarily to mitigate the impacts of flooding in downstream areas.
"Reservoirs" is a subcategory of "Brazilian Water Resources". "Flood control reservoirs" is a subcategory of "Reservoirs". List all of the most important subcategories of "Flood control reservoirs". Skip explanations and use a comma-separated format like this:
Important subcategory, Another important subcategory, Another important subcategory, etc.
Start your answer with "S".
Sediment trapping, Hydropower generation, Irrigation, Recreation
2024-03-12 03:03:12,766 INFO Task-1 Prompt:
Brazilian Water Resources: Brazilian Water Resources refer to the various bodies of water, such as rivers, lakes, and aquifers, that are found within the borders of Brazil and are essential for supporting the country's ecosystems and human populations.
Flood control reservoirs: Reservoirs built primarily to mitigate the impacts of flooding in downstream areas.
List all of the most important subcategories of "Flood control reservoirs" in a comma-separated format, skip explanations.
Flood mitigation, Recreation, Irrigation, Sediment trapping
Give a brief description of every term on the list, considered as a subcategory of Flood control reservoirs, without the use of examples, in the following form:
List element 1: brief description of list element 1.
List element 2: brief description of list element 2.
...
Flood mitigation: Reservoirs designed to reduce the impact of flooding events.
Recreation: Reservoirs that provide opportunities for leisure activities.
Irrigation: Reservoirs used to store water for agricultural purposes.
Sediment trapping: Reservoirs that capture sediment to prevent downstream erosion.
2024-03-12 03:03:13,189 INFO Task-171 Prompt:
Brazilian Water Resources: Brazilian Water Resources refer to the various bodies of water, such as rivers, lakes, and aquifers, that are found within the borders of Brazil and are essential for supporting the country's ecosystems and human populations.
Irrigation: Reservoirs used to store water for agricultural purposes.
Is "Irrigation" a specific instance or a subcategory of the category "Brazilian Water Resources"? Answer only with "Instance" or "Subcategory".
Subcategory
2024-03-12 03:03:13,192 INFO Task-169 Prompt:
Brazilian Water Resources: Brazilian Water Resources refer to the various bodies of water, such as rivers, lakes, and aquifers, that are found within the borders of Brazil and are essential for supporting the country's ecosystems and human populations.
Recreation: Reservoirs that provide opportunities for leisure activities.
Is "Recreation" a specific instance or a subcategory of the category "Brazilian Water Resources"? Answer only with "Instance" or "Subcategory".
Subcategory
2024-03-12 03:03:13,514 INFO Task-172 Prompt:
Brazilian Water Resources: Brazilian Water Resources refer to the various bodies of water, such as rivers, lakes, and aquifers, that are found within the borders of Brazil and are essential for supporting the country's ecosystems and human populations.
Sediment trapping: Reservoirs that capture sediment to prevent downstream erosion.
Is "Sediment trapping" a specific instance or a subcategory of the category "Brazilian Water Resources"? Answer only with "Instance" or "Subcategory".
Subcategory
2024-03-12 03:03:13,544 INFO Task-171 Prompt:
Brazilian Water Resources: Brazilian Water Resources refer to the various bodies of water, such as rivers, lakes, and aquifers, that are found within the borders of Brazil and are essential for supporting the country's ecosystems and human populations.
Irrigation: Reservoirs used to store water for agricultural purposes.
Is "Irrigation" a part or a subcategory of the category "Brazilian Water Resources"? Answer only with "Part" or "Subcategory".
Part
2024-03-12 03:03:14,008 INFO Task-172 Prompt:
Brazilian Water Resources: Brazilian Water Resources refer to the various bodies of water, such as rivers, lakes, and aquifers, that are found within the borders of Brazil and are essential for supporting the country's ecosystems and human populations.
Sediment trapping: Reservoirs that capture sediment to prevent downstream erosion.
Is "Sediment trapping" a part or a subcategory of the category "Brazilian Water Resources"? Answer only with "Part" or "Subcategory".
Subcategory
2024-03-12 03:03:14,189 INFO Task-169 Prompt:
Brazilian Water Resources: Brazilian Water Resources refer to the various bodies of water, such as rivers, lakes, and aquifers, that are found within the borders of Brazil and are essential for supporting the country's ecosystems and human populations.
Recreation: Reservoirs that provide opportunities for leisure activities.
Is "Recreation" a part or a subcategory of the category "Brazilian Water Resources"? Answer only with "Part" or "Subcategory".
Subcategory
2024-03-12 03:03:14,200 INFO Task-167 Prompt:
Brazilian Water Resources: Brazilian Water Resources refer to the various bodies of water, such as rivers, lakes, and aquifers, that are found within the borders of Brazil and are essential for supporting the country's ecosystems and human populations.
Flood mitigation: Reservoirs designed to reduce the impact of flooding events.
Is "Flood mitigation" a specific instance or a subcategory of the category "Brazilian Water Resources"? Answer only with "Instance" or "Subcategory".
Subcategory
2024-03-12 03:03:14,335 INFO Task-172 Prompt:
Brazilian Water Resources: Brazilian Water Resources refer to the various bodies of water, such as rivers, lakes, and aquifers, that are found within the borders of Brazil and are essential for supporting the country's ecosystems and human populations.
Sediment trapping: Reservoirs that capture sediment to prevent downstream erosion.
Can "Sediment trapping" be considered a subcategory of "Brazilian Water Resources"? Answer only with yes or no.
Yes
2024-03-12 03:03:14,678 INFO Task-167 Prompt:
Brazilian Water Resources: Brazilian Water Resources refer to the various bodies of water, such as rivers, lakes, and aquifers, that are found within the borders of Brazil and are essential for supporting the country's ecosystems and human populations.
Flood mitigation: Reservoirs designed to reduce the impact of flooding events.
Is "Flood mitigation" a part or a subcategory of the category "Brazilian Water Resources"? Answer only with "Part" or "Subcategory".
Subcategory
2024-03-12 03:03:14,721 INFO Task-169 Prompt:
Brazilian Water Resources: Brazilian Water Resources refer to the various bodies of water, such as rivers, lakes, and aquifers, that are found within the borders of Brazil and are essential for supporting the country's ecosystems and human populations.
Recreation: Reservoirs that provide opportunities for leisure activities.
Can "Recreation" be considered a subcategory of "Brazilian Water Resources"? Answer only with yes or no.
Yes
2024-03-12 03:03:14,788 INFO Task-172 Prompt:
Brazilian Water Resources: Brazilian Water Resources refer to the various bodies of water, such as rivers, lakes, and aquifers, that are found within the borders of Brazil and are essential for supporting the country's ecosystems and human populations.
Flood control reservoirs: Reservoirs built primarily to mitigate the impacts of flooding in downstream areas.
Sediment trapping: Reservoirs that capture sediment to prevent downstream erosion.
"Flood control reservoirs" is a subcategory of "Brazilian Water Resources". Is "Sediment trapping" typically understood as a subcategory of "Flood control reservoirs"? Answer only with yes or no.
Yes
2024-03-12 03:03:15,165 INFO Task-167 Prompt:
Brazilian Water Resources: Brazilian Water Resources refer to the various bodies of water, such as rivers, lakes, and aquifers, that are found within the borders of Brazil and are essential for supporting the country's ecosystems and human populations.
Flood mitigation: Reservoirs designed to reduce the impact of flooding events.
Can "Flood mitigation" be considered a subcategory of "Brazilian Water Resources"? Answer only with yes or no.
Yes
2024-03-12 03:03:15,189 INFO Task-169 Prompt:
Brazilian Water Resources: Brazilian Water Resources refer to the various bodies of water, such as rivers, lakes, and aquifers, that are found within the borders of Brazil and are essential for supporting the country's ecosystems and human populations.
Flood control reservoirs: Reservoirs built primarily to mitigate the impacts of flooding in downstream areas.
Recreation: Reservoirs that provide opportunities for leisure activities.
"Flood control reservoirs" is a subcategory of "Brazilian Water Resources". Is "Recreation" typically understood as a subcategory of "Flood control reservoirs"? Answer only with yes or no.
No
2024-03-12 03:03:15,930 INFO Task-169 Prompt:
Brazilian Water Resources: Brazilian Water Resources refer to the various bodies of water, such as rivers, lakes, and aquifers, that are found within the borders of Brazil and are essential for supporting the country's ecosystems and human populations.
Flood control reservoirs: Reservoirs built primarily to mitigate the impacts of flooding in downstream areas.
"Flood control reservoirs" is a subcategory of "Brazilian Water Resources". The following description outlines the characteristics of a subcategory of "Flood control reservoirs". Provide a concise and unambiguous name for it. Provide only the name without any explanation. Description: Reservoirs that provide opportunities for leisure activities.
Recreational reservoirs
2024-03-12 03:03:15,971 INFO Task-167 Prompt:
Brazilian Water Resources: Brazilian Water Resources refer to the various bodies of water, such as rivers, lakes, and aquifers, that are found within the borders of Brazil and are essential for supporting the country's ecosystems and human populations.
Flood control reservoirs: Reservoirs built primarily to mitigate the impacts of flooding in downstream areas.
Flood mitigation: Reservoirs designed to reduce the impact of flooding events.
"Flood control reservoirs" is a subcategory of "Brazilian Water Resources". Is "Flood mitigation" typically understood as a subcategory of "Flood control reservoirs"? Answer only with yes or no.
No
2024-03-12 03:03:16,462 INFO Task-169 Prompt:
Brazilian Water Resources: Brazilian Water Resources refer to the various bodies of water, such as rivers, lakes, and aquifers, that are found within the borders of Brazil and are essential for supporting the country's ecosystems and human populations.
Recreational reservoirs: Reservoirs that provide opportunities for leisure activities.
Can "Recreational reservoirs" be considered a subcategory of "Brazilian Water Resources"? Answer only with yes or no.
Yes
2024-03-12 03:03:16,534 INFO Task-167 Prompt:
Brazilian Water Resources: Brazilian Water Resources refer to the various bodies of water, such as rivers, lakes, and aquifers, that are found within the borders of Brazil and are essential for supporting the country's ecosystems and human populations.
Flood control reservoirs: Reservoirs built primarily to mitigate the impacts of flooding in downstream areas.
"Flood control reservoirs" is a subcategory of "Brazilian Water Resources". The following description outlines the characteristics of a subcategory of "Flood control reservoirs". Provide a concise and unambiguous name for it. Provide only the name without any explanation. Description: Reservoirs designed to reduce the impact of flooding events.
Flood mitigation reservoirs
2024-03-12 03:03:16,896 INFO Task-167 Prompt:
Brazilian Water Resources: Brazilian Water Resources refer to the various bodies of water, such as rivers, lakes, and aquifers, that are found within the borders of Brazil and are essential for supporting the country's ecosystems and human populations.
Flood mitigation reservoirs: Reservoirs designed to reduce the impact of flooding events.
Can "Flood mitigation reservoirs" be considered a subcategory of "Brazilian Water Resources"? Answer only with yes or no.
Yes
2024-03-12 03:03:17,079 INFO Task-169 Prompt:
Brazilian Water Resources: Brazilian Water Resources refer to the various bodies of water, such as rivers, lakes, and aquifers, that are found within the borders of Brazil and are essential for supporting the country's ecosystems and human populations.
Flood control reservoirs: Reservoirs built primarily to mitigate the impacts of flooding in downstream areas.
Recreational reservoirs: Reservoirs that provide opportunities for leisure activities.
"Flood control reservoirs" is a subcategory of "Brazilian Water Resources". Is "Recreational reservoirs" typically understood as a subcategory of "Flood control reservoirs"? Answer only with yes or no.
No
2024-03-12 03:03:17,530 INFO Task-167 Prompt:
Brazilian Water Resources: Brazilian Water Resources refer to the various bodies of water, such as rivers, lakes, and aquifers, that are found within the borders of Brazil and are essential for supporting the country's ecosystems and human populations.
Flood control reservoirs: Reservoirs built primarily to mitigate the impacts of flooding in downstream areas.
Flood mitigation reservoirs: Reservoirs designed to reduce the impact of flooding events.
"Flood control reservoirs" is a subcategory of "Brazilian Water Resources". Is "Flood mitigation reservoirs" typically understood as a subcategory of "Flood control reservoirs"? Answer only with yes or no.
Yes
2024-03-12 03:03:17,871 INFO Task-176 Prompt:
Brazilian Water Resources: Brazilian Water Resources refer to the various bodies of water, such as rivers, lakes, and aquifers, that are found within the borders of Brazil and are essential for supporting the country's ecosystems and human populations.
Lakes: Inland bodies of water that vary in size and depth, serving as habitats for aquatic life and important for water storage and recreation.
Sediment trapping: Reservoirs that capture sediment to prevent downstream erosion.
"Lakes" is a subcategory of "Brazilian Water Resources". Is "Sediment trapping" typically understood as a subcategory of "Lakes"? Answer only with yes or no.
No
2024-03-12 03:03:18,361 INFO Task-180 Prompt:
Brazilian Water Resources: Brazilian Water Resources refer to the various bodies of water, such as rivers, lakes, and aquifers, that are found within the borders of Brazil and are essential for supporting the country's ecosystems and human populations.
Recreational reservoirs: Reservoirs that provide opportunities for leisure activities.
Sediment trapping: Reservoirs that capture sediment to prevent downstream erosion.
"Recreational reservoirs" is a subcategory of "Brazilian Water Resources". Is "Sediment trapping" typically understood as a subcategory of "Recreational reservoirs"? Answer only with yes or no.
No
2024-03-12 03:03:18,857 INFO Task-182 Prompt:
Brazilian Water Resources: Brazilian Water Resources refer to the various bodies of water, such as rivers, lakes, and aquifers, that are found within the borders of Brazil and are essential for supporting the country's ecosystems and human populations.
Sediment trapping: Reservoirs that capture sediment to prevent downstream erosion.
Flood control reservoirs: Reservoirs built primarily to mitigate the impacts of flooding in downstream areas.
"Sediment trapping" is a subcategory of "Brazilian Water Resources". Is "Flood control reservoirs" typically understood as a subcategory of "Sediment trapping"? Answer only with yes or no.
No
2024-03-12 03:03:19,375 INFO Task-191 Prompt:
Brazilian Water Resources: Brazilian Water Resources refer to the various bodies of water, such as rivers, lakes, and aquifers, that are found within the borders of Brazil and are essential for supporting the country's ecosystems and human populations.
Lakes: Inland bodies of water that vary in size and depth, serving as habitats for aquatic life and important for water storage and recreation.
Flood mitigation reservoirs: Reservoirs designed to reduce the impact of flooding events.
"Lakes" is a subcategory of "Brazilian Water Resources". Is "Flood mitigation reservoirs" typically understood as a subcategory of "Lakes"? Answer only with yes or no.
No
2024-03-12 03:03:19,880 INFO Task-195 Prompt:
Brazilian Water Resources: Brazilian Water Resources refer to the various bodies of water, such as rivers, lakes, and aquifers, that are found within the borders of Brazil and are essential for supporting the country's ecosystems and human populations.
Recreational reservoirs: Reservoirs that provide opportunities for leisure activities.
Flood mitigation reservoirs: Reservoirs designed to reduce the impact of flooding events.
"Recreational reservoirs" is a subcategory of "Brazilian Water Resources". Is "Flood mitigation reservoirs" typically understood as a subcategory of "Recreational reservoirs"? Answer only with yes or no.
No
2024-03-12 03:03:20,762 INFO Task-196 Prompt:
Brazilian Water Resources: Brazilian Water Resources refer to the various bodies of water, such as rivers, lakes, and aquifers, that are found within the borders of Brazil and are essential for supporting the country's ecosystems and human populations.
Sediment trapping: Reservoirs that capture sediment to prevent downstream erosion.
Flood mitigation reservoirs: Reservoirs designed to reduce the impact of flooding events.
"Sediment trapping" is a subcategory of "Brazilian Water Resources". Is "Flood mitigation reservoirs" typically understood as a subcategory of "Sediment trapping"? Answer only with yes or no.
No
2024-03-12 03:03:21,077 INFO Task-197 Prompt:
Brazilian Water Resources: Brazilian Water Resources refer to the various bodies of water, such as rivers, lakes, and aquifers, that are found within the borders of Brazil and are essential for supporting the country's ecosystems and human populations.
Flood mitigation reservoirs: Reservoirs designed to reduce the impact of flooding events.
Sediment trapping: Reservoirs that capture sediment to prevent downstream erosion.
"Flood mitigation reservoirs" is a subcategory of "Brazilian Water Resources". Is "Sediment trapping" typically understood as a subcategory of "Flood mitigation reservoirs"? Answer only with yes or no.
Yes
2024-03-12 03:03:21,960 INFO Task-198 Prompt:
Brazilian Water Resources: Brazilian Water Resources refer to the various bodies of water, such as rivers, lakes, and aquifers, that are found within the borders of Brazil and are essential for supporting the country's ecosystems and human populations.
Flood mitigation reservoirs: Reservoirs designed to reduce the impact of flooding events.
Flood control reservoirs: Reservoirs built primarily to mitigate the impacts of flooding in downstream areas.
"Flood mitigation reservoirs" is a subcategory of "Brazilian Water Resources". Is "Flood control reservoirs" typically understood as a subcategory of "Flood mitigation reservoirs"? Answer only with yes or no.
Yes
2024-03-12 03:03:22,402 INFO Task-1 Prompt:
Brazilian Water Resources: Brazilian Water Resources refer to the various bodies of water, such as rivers, lakes, and aquifers, that are found within the borders of Brazil and are essential for supporting the country's ecosystems and human populations.
Flood control reservoirs: Reservoirs built primarily to mitigate the impacts of flooding in downstream areas.
Flood mitigation reservoirs: Reservoirs designed to reduce the impact of flooding events.
In the context of Brazilian Water Resources, are "Flood control reservoirs" and "Flood mitigation reservoirs" typically used interchangeably? Answer in one word, yes or no.
Yes
2024-03-12 03:03:22,758 INFO Task-1 Prompt:
Brazilian Water Resources: Brazilian Water Resources refer to the various bodies of water, such as rivers, lakes, and aquifers, that are found within the borders of Brazil and are essential for supporting the country's ecosystems and human populations.
Reservoirs: Artificial lakes created by damming rivers, used for water supply, flood control, hydropower generation, and recreational activities.
Recreational reservoirs: Reservoirs that provide opportunities for leisure activities such as boating, fishing, and swimming.
"Reservoirs" is a subcategory of "Brazilian Water Resources". "Recreational reservoirs" is a subcategory of "Reservoirs". Are there any generally accepted subcategories of "Recreational reservoirs"? Answer only with yes or no.
No
